29-Sep-2025 11:19:42.304 INFORMACIÓN [main] org.apache.catalina.startup.VersionLoggerListener.log Nombre de la versión del servidor: Apache Tomcat/9.0.109
29-Sep-2025 11:19:42.398 INFORMACIÓN [main] org.apache.catalina.startup.VersionLoggerListener.log Server built:                      Sep 1 2025 12:15:33 UTC
29-Sep-2025 11:19:42.413 INFORMACIÓN [main] org.apache.catalina.startup.VersionLoggerListener.log Número de versión de servidor:     9.0.109.0
29-Sep-2025 11:19:42.413 INFORMACIÓN [main] org.apache.catalina.startup.VersionLoggerListener.log OS Name:                           Windows 10
29-Sep-2025 11:19:42.413 INFORMACIÓN [main] org.apache.catalina.startup.VersionLoggerListener.log Versión de Systema Operativo:      10.0
29-Sep-2025 11:19:42.413 INFORMACIÓN [main] org.apache.catalina.startup.VersionLoggerListener.log Arquitectura:                      x86
29-Sep-2025 11:19:42.413 INFORMACIÓN [main] org.apache.catalina.startup.VersionLoggerListener.log Java Home:                         C:\Program Files\Java\jdk-1.8\jre
29-Sep-2025 11:19:42.413 INFORMACIÓN [main] org.apache.catalina.startup.VersionLoggerListener.log JVM Version:                       1.8.0_461-b11
29-Sep-2025 11:19:42.413 INFORMACIÓN [main] org.apache.catalina.startup.VersionLoggerListener.log Vededor JVM:                       Oracle Corporation
29-Sep-2025 11:19:42.413 INFORMACIÓN [main] org.apache.catalina.startup.VersionLoggerListener.log CATALINA_BASE:                     C:\Users\DGAC\Documents\apache-tomcat-9.0.109
29-Sep-2025 11:19:42.413 INFORMACIÓN [main] org.apache.catalina.startup.VersionLoggerListener.log CATALINA_HOME:                     C:\Users\DGAC\Documents\apache-tomcat-9.0.109
29-Sep-2025 11:19:42.491 INFORMACIÓN [main] org.apache.catalina.startup.VersionLoggerListener.log Command line argument:             -Djava.util.logging.config.file=C:\Users\DGAC\Documents\apache-tomcat-9.0.109\conf\logging.properties
29-Sep-2025 11:19:42.491 INFORMACIÓN [main] org.apache.catalina.startup.VersionLoggerListener.log Command line argument:             -Djava.util.logging.manager=org.apache.juli.ClassLoaderLogManager
29-Sep-2025 11:19:42.491 INFORMACIÓN [main] org.apache.catalina.startup.VersionLoggerListener.log Command line argument:             -Djdk.tls.ephemeralDHKeySize=2048
29-Sep-2025 11:19:42.491 INFORMACIÓN [main] org.apache.catalina.startup.VersionLoggerListener.log Command line argument:             -Djava.protocol.handler.pkgs=org.apache.catalina.webresources
29-Sep-2025 11:19:42.491 INFORMACIÓN [main] org.apache.catalina.startup.VersionLoggerListener.log Command line argument:             -Dsun.io.useCanonCaches=false
29-Sep-2025 11:19:42.491 INFORMACIÓN [main] org.apache.catalina.startup.VersionLoggerListener.log Command line argument:             -Dignore.endorsed.dirs=
29-Sep-2025 11:19:42.491 INFORMACIÓN [main] org.apache.catalina.startup.VersionLoggerListener.log Command line argument:             -Dcatalina.base=C:\Users\DGAC\Documents\apache-tomcat-9.0.109
29-Sep-2025 11:19:42.491 INFORMACIÓN [main] org.apache.catalina.startup.VersionLoggerListener.log Command line argument:             -Dcatalina.home=C:\Users\DGAC\Documents\apache-tomcat-9.0.109
29-Sep-2025 11:19:42.491 INFORMACIÓN [main] org.apache.catalina.startup.VersionLoggerListener.log Command line argument:             -Djava.io.tmpdir=C:\Users\DGAC\Documents\apache-tomcat-9.0.109\temp
29-Sep-2025 11:19:42.523 INFORMACIÓN [main] org.apache.catalina.core.AprLifecycleListener.lifecycleEvent Cargada la biblioteca nativa APR de Apache Tomcat [1.3.1] con la versión APR [1.7.4].
29-Sep-2025 11:19:42.523 INFORMACIÓN [main] org.apache.catalina.core.AprLifecycleListener.lifecycleEvent Capacidades APR: IPv6 [true], enviar fichero [true], aceptar filtros [false], aleatorio [true], UDS [true].
29-Sep-2025 11:19:42.523 INFORMACIÓN [main] org.apache.catalina.core.AprLifecycleListener.lifecycleEvent APR/OpenSSL configuration: useAprConnector [false], useOpenSSL [true]
29-Sep-2025 11:19:42.538 INFORMACIÓN [main] org.apache.catalina.core.AprLifecycleListener.initializeSSL OpenSSL inicializado correctamente [OpenSSL 3.0.14 4 Jun 2024]
29-Sep-2025 11:19:44.491 INFORMACIÓN [main] org.apache.coyote.AbstractProtocol.init Inicializando el manejador de protocolo ["http-nio-8080"]

29-Sep-2025 11:19:44.601 INFORMACIÓN [main] org.apache.catalina.startup.Catalina.load Server initialization in [2897] milliseconds
29-Sep-2025 11:19:44.999 INFORMACIÓN [main] org.apache.catalina.core.StandardService.startInternal Arrancando servicio [Catalina]
29-Sep-2025 11:19:44.999 INFORMACIÓN [main] org.apache.catalina.core.StandardEngine.startInternal Starting Servlet engine: [Apache Tomcat/9.0.109]
29-Sep-2025 11:19:45.022 INFORMACIÓN [main] org.apache.catalina.startup.HostConfig.deployDirectory Desplegando el directorio [C:\Users\DGAC\Documents\apache-tomcat-9.0.109\webapps\docs] de la aplicación web
29-Sep-2025 11:19:46.069 ADVERTENCIA [main] org.apache.catalina.util.SessionIdGeneratorBase.createSecureRandom Creation of SecureRandom instance for session ID generation using [SHA1PRNG] took [359] milliseconds.
29-Sep-2025 11:19:46.179 INFORMACIÓN [main] org.apache.catalina.startup.HostConfig.deployDirectory Deployment of web application directory [C:\Users\DGAC\Documents\apache-tomcat-9.0.109\webapps\docs] has finished in [1.157] ms
29-Sep-2025 11:19:46.179 INFORMACIÓN [main] org.apache.catalina.startup.HostConfig.deployDirectory Desplegando el directorio [C:\Users\DGAC\Documents\apache-tomcat-9.0.109\webapps\examples] de la aplicación web
29-Sep-2025 11:19:47.569 INFORMACIÓN [main] org.apache.catalina.startup.HostConfig.deployDirectory Deployment of web application directory [C:\Users\DGAC\Documents\apache-tomcat-9.0.109\webapps\examples] has finished in [1.390] ms
29-Sep-2025 11:19:47.569 INFORMACIÓN [main] org.apache.catalina.startup.HostConfig.deployDirectory Desplegando el directorio [C:\Users\DGAC\Documents\apache-tomcat-9.0.109\webapps\host-manager] de la aplicación web
29-Sep-2025 11:19:47.632 INFORMACIÓN [main] org.apache.catalina.startup.HostConfig.deployDirectory Deployment of web application directory [C:\Users\DGAC\Documents\apache-tomcat-9.0.109\webapps\host-manager] has finished in [63] ms
29-Sep-2025 11:19:47.632 INFORMACIÓN [main] org.apache.catalina.startup.HostConfig.deployDirectory Desplegando el directorio [C:\Users\DGAC\Documents\apache-tomcat-9.0.109\webapps\manager] de la aplicación web
29-Sep-2025 11:19:47.694 INFORMACIÓN [main] org.apache.catalina.startup.HostConfig.deployDirectory Deployment of web application directory [C:\Users\DGAC\Documents\apache-tomcat-9.0.109\webapps\manager] has finished in [62] ms
29-Sep-2025 11:19:47.694 INFORMACIÓN [main] org.apache.catalina.startup.HostConfig.deployDirectory Desplegando el directorio [C:\Users\DGAC\Documents\apache-tomcat-9.0.109\webapps\ROOT] de la aplicación web
29-Sep-2025 11:19:47.741 INFORMACIÓN [main] org.apache.catalina.startup.HostConfig.deployDirectory Deployment of web application directory [C:\Users\DGAC\Documents\apache-tomcat-9.0.109\webapps\ROOT] has finished in [47] ms
29-Sep-2025 11:19:47.741 INFORMACIÓN [main] org.apache.coyote.AbstractProtocol.start Starting ProtocolHandler ["http-nio-8080"]
29-Sep-2025 11:19:47.850 INFORMACIÓN [main] org.apache.catalina.startup.Catalina.start Server startup in [3239] milliseconds
29-Sep-2025 11:29:38.641 INFORMACIÓN [Catalina-utility-1] org.apache.catalina.startup.HostConfig.deployDirectory Desplegando el directorio [C:\Users\DGAC\Documents\apache-tomcat-9.0.109\webapps\Nueva carpeta] de la aplicación web
29-Sep-2025 11:29:38.704 INFORMACIÓN [Catalina-utility-1] org.apache.catalina.startup.HostConfig.deployDirectory Deployment of web application directory [C:\Users\DGAC\Documents\apache-tomcat-9.0.109\webapps\Nueva carpeta] has finished in [63] ms
29-Sep-2025 11:29:59.248 INFORMACIÓN [Catalina-utility-2] org.apache.catalina.startup.HostConfig.undeploy Repliegue (undeploy) de la aplicación web que tiene como trayectoria de contexto [/Nueva carpeta]
29-Sep-2025 11:29:59.359 INFORMACIÓN [Catalina-utility-2] org.apache.catalina.startup.HostConfig.deployDirectory Desplegando el directorio [C:\Users\DGAC\Documents\apache-tomcat-9.0.109\webapps\krakeDev] de la aplicación web
29-Sep-2025 11:29:59.407 INFORMACIÓN [Catalina-utility-2] org.apache.catalina.startup.HostConfig.deployDirectory Deployment of web application directory [C:\Users\DGAC\Documents\apache-tomcat-9.0.109\webapps\krakeDev] has finished in [48] ms
