[debug] [2025-10-02T19:59:08.858Z] ----------------------------------------------------------------------
[debug] [2025-10-02T19:59:08.861Z] Command:       C:\Program Files\nodejs\node.exe C:\Users\Luismi\AppData\Roaming\npm\node_modules\firebase-tools\lib\bin\firebase.js init
[debug] [2025-10-02T19:59:08.861Z] CLI Version:   14.17.0
[debug] [2025-10-02T19:59:08.861Z] Platform:      win32
[debug] [2025-10-02T19:59:08.861Z] Node Version:  v22.20.0
[debug] [2025-10-02T19:59:08.861Z] Time:          Thu Oct 02 2025 14:59:08 GMT-0500 (hora de Ecuador)
[debug] [2025-10-02T19:59:08.861Z] ----------------------------------------------------------------------
[debug] 
[debug] [2025-10-02T19:59:08.866Z] > command requires scopes: ["email","openid","https://www.googleapis.com/auth/cloudplatformprojects.readonly","https://www.googleapis.com/auth/firebase","https://www.googleapis.com/auth/cloud-platform"]
[debug] [2025-10-02T19:59:08.867Z] > authorizing via signed-in user (llumiquingaluis1989@gmail.com)
[info] 
     ######## #### ########  ######## ########     ###     ######  ########
     ##        ##  ##     ## ##       ##     ##  ##   ##  ##       ##
     ######    ##  ########  ######   ########  #########  ######  ######
     ##        ##  ##    ##  ##       ##     ## ##     ##       ## ##
     ##       #### ##     ## ######## ########  ##     ##  ######  ########

You're about to initialize a Firebase project in this directory:

  D:\Documentos\Programacion_Luis\KrakeDev\02. Modulo 1\paginasFirebase

[info] 
=== Project Setup
[info] 
[info] First, let's associate this project directory with a Firebase project.
[info] You can create multiple project aliases by running firebase use --add, 
[info] but for now we'll just set up a default project.
[info] 
[debug] [2025-10-02T19:59:19.362Z] Checked if tokens are valid: true, expires at: 1759438721405
[debug] [2025-10-02T19:59:19.362Z] Checked if tokens are valid: true, expires at: 1759438721405
[debug] [2025-10-02T19:59:19.363Z] >>> [apiv2][query] GET https://firebase.googleapis.com/v1beta1/projects pageSize=100
[debug] [2025-10-02T19:59:19.809Z] <<< [apiv2][status] GET https://firebase.googleapis.com/v1beta1/projects 200
[debug] [2025-10-02T19:59:19.809Z] <<< [apiv2][body] GET https://firebase.googleapis.com/v1beta1/projects [omitted]
