30-Sep-2025 08:27:38.817 INFORMACIÓN [main] org.apache.catalina.startup.VersionLoggerListener.log Nombre de la versión del servidor: Apache Tomcat/9.0.109
30-Sep-2025 08:27:38.821 INFORMACIÓN [main] org.apache.catalina.startup.VersionLoggerListener.log Server built:                      Sep 1 2025 12:15:33 UTC
30-Sep-2025 08:27:38.835 INFORMACIÓN [main] org.apache.catalina.startup.VersionLoggerListener.log Número de versión de servidor:     9.0.109.0
30-Sep-2025 08:27:38.835 INFORMACIÓN [main] org.apache.catalina.startup.VersionLoggerListener.log OS Name:                           Windows 10
30-Sep-2025 08:27:38.836 INFORMACIÓN [main] org.apache.catalina.startup.VersionLoggerListener.log Versión de Systema Operativo:      10.0
30-Sep-2025 08:27:38.836 INFORMACIÓN [main] org.apache.catalina.startup.VersionLoggerListener.log Arquitectura:                      x86
30-Sep-2025 08:27:38.836 INFORMACIÓN [main] org.apache.catalina.startup.VersionLoggerListener.log Java Home:                         C:\Program Files\Java\jdk-1.8\jre
30-Sep-2025 08:27:38.836 INFORMACIÓN [main] org.apache.catalina.startup.VersionLoggerListener.log JVM Version:                       1.8.0_461-b11
30-Sep-2025 08:27:38.836 INFORMACIÓN [main] org.apache.catalina.startup.VersionLoggerListener.log Vededor JVM:                       Oracle Corporation
30-Sep-2025 08:27:38.836 INFORMACIÓN [main] org.apache.catalina.startup.VersionLoggerListener.log CATALINA_BASE:                     C:\Users\DGAC\Documents\Programacion_Luis\KrakeDev\Servidor Web\apache-tomcat-9.0.109
30-Sep-2025 08:27:38.836 INFORMACIÓN [main] org.apache.catalina.startup.VersionLoggerListener.log CATALINA_HOME:                     C:\Users\DGAC\Documents\Programacion_Luis\KrakeDev\Servidor Web\apache-tomcat-9.0.109
30-Sep-2025 08:27:38.837 INFORMACIÓN [main] org.apache.catalina.startup.VersionLoggerListener.log Command line argument:             -Djava.util.logging.config.file=C:\Users\DGAC\Documents\Programacion_Luis\KrakeDev\Servidor Web\apache-tomcat-9.0.109\conf\logging.properties
30-Sep-2025 08:27:38.837 INFORMACIÓN [main] org.apache.catalina.startup.VersionLoggerListener.log Command line argument:             -Djava.util.logging.manager=org.apache.juli.ClassLoaderLogManager
30-Sep-2025 08:27:38.837 INFORMACIÓN [main] org.apache.catalina.startup.VersionLoggerListener.log Command line argument:             -Djdk.tls.ephemeralDHKeySize=2048
30-Sep-2025 08:27:38.837 INFORMACIÓN [main] org.apache.catalina.startup.VersionLoggerListener.log Command line argument:             -Djava.protocol.handler.pkgs=org.apache.catalina.webresources
30-Sep-2025 08:27:38.838 INFORMACIÓN [main] org.apache.catalina.startup.VersionLoggerListener.log Command line argument:             -Dsun.io.useCanonCaches=false
30-Sep-2025 08:27:38.838 INFORMACIÓN [main] org.apache.catalina.startup.VersionLoggerListener.log Command line argument:             -Dignore.endorsed.dirs=
30-Sep-2025 08:27:38.839 INFORMACIÓN [main] org.apache.catalina.startup.VersionLoggerListener.log Command line argument:             -Dcatalina.base=C:\Users\DGAC\Documents\Programacion_Luis\KrakeDev\Servidor Web\apache-tomcat-9.0.109
30-Sep-2025 08:27:38.840 INFORMACIÓN [main] org.apache.catalina.startup.VersionLoggerListener.log Command line argument:             -Dcatalina.home=C:\Users\DGAC\Documents\Programacion_Luis\KrakeDev\Servidor Web\apache-tomcat-9.0.109
30-Sep-2025 08:27:38.840 INFORMACIÓN [main] org.apache.catalina.startup.VersionLoggerListener.log Command line argument:             -Djava.io.tmpdir=C:\Users\DGAC\Documents\Programacion_Luis\KrakeDev\Servidor Web\apache-tomcat-9.0.109\temp
30-Sep-2025 08:27:38.904 INFORMACIÓN [main] org.apache.catalina.core.AprLifecycleListener.lifecycleEvent Cargada la biblioteca nativa APR de Apache Tomcat [1.3.1] con la versión APR [1.7.4].
30-Sep-2025 08:27:38.905 INFORMACIÓN [main] org.apache.catalina.core.AprLifecycleListener.lifecycleEvent Capacidades APR: IPv6 [true], enviar fichero [true], aceptar filtros [false], aleatorio [true], UDS [true].
30-Sep-2025 08:27:38.906 INFORMACIÓN [main] org.apache.catalina.core.AprLifecycleListener.lifecycleEvent APR/OpenSSL configuration: useAprConnector [false], useOpenSSL [true]
30-Sep-2025 08:27:38.916 INFORMACIÓN [main] org.apache.catalina.core.AprLifecycleListener.initializeSSL OpenSSL inicializado correctamente [OpenSSL 3.0.14 4 Jun 2024]
30-Sep-2025 08:27:39.513 INFORMACIÓN [main] org.apache.coyote.AbstractProtocol.init Inicializando el manejador de protocolo ["http-nio-8080"]

30-Sep-2025 08:27:39.546 INFORMACIÓN [main] org.apache.catalina.startup.Catalina.load Server initialization in [1123] milliseconds
30-Sep-2025 08:27:39.632 INFORMACIÓN [main] org.apache.catalina.core.StandardService.startInternal Arrancando servicio [Catalina]
30-Sep-2025 08:27:39.633 INFORMACIÓN [main] org.apache.catalina.core.StandardEngine.startInternal Starting Servlet engine: [Apache Tomcat/9.0.109]
30-Sep-2025 08:27:39.654 INFORMACIÓN [main] org.apache.catalina.startup.HostConfig.deployDirectory Desplegando el directorio [C:\Users\DGAC\Documents\Programacion_Luis\KrakeDev\Servidor Web\apache-tomcat-9.0.109\webapps\docs] de la aplicación web
30-Sep-2025 08:27:40.264 INFORMACIÓN [main] org.apache.catalina.startup.HostConfig.deployDirectory Deployment of web application directory [C:\Users\DGAC\Documents\Programacion_Luis\KrakeDev\Servidor Web\apache-tomcat-9.0.109\webapps\docs] has finished in [608] ms
30-Sep-2025 08:27:40.264 INFORMACIÓN [main] org.apache.catalina.startup.HostConfig.deployDirectory Desplegando el directorio [C:\Users\DGAC\Documents\Programacion_Luis\KrakeDev\Servidor Web\apache-tomcat-9.0.109\webapps\examples] de la aplicación web
30-Sep-2025 08:27:42.239 INFORMACIÓN [main] org.apache.catalina.startup.HostConfig.deployDirectory Deployment of web application directory [C:\Users\DGAC\Documents\Programacion_Luis\KrakeDev\Servidor Web\apache-tomcat-9.0.109\webapps\examples] has finished in [1.974] ms
30-Sep-2025 08:27:42.239 INFORMACIÓN [main] org.apache.catalina.startup.HostConfig.deployDirectory Desplegando el directorio [C:\Users\DGAC\Documents\Programacion_Luis\KrakeDev\Servidor Web\apache-tomcat-9.0.109\webapps\host-manager] de la aplicación web
30-Sep-2025 08:27:42.308 INFORMACIÓN [main] org.apache.catalina.startup.HostConfig.deployDirectory Deployment of web application directory [C:\Users\DGAC\Documents\Programacion_Luis\KrakeDev\Servidor Web\apache-tomcat-9.0.109\webapps\host-manager] has finished in [69] ms
30-Sep-2025 08:27:42.308 INFORMACIÓN [main] org.apache.catalina.startup.HostConfig.deployDirectory Desplegando el directorio [C:\Users\DGAC\Documents\Programacion_Luis\KrakeDev\Servidor Web\apache-tomcat-9.0.109\webapps\krakeDev] de la aplicación web
30-Sep-2025 08:27:42.386 INFORMACIÓN [main] org.apache.catalina.startup.HostConfig.deployDirectory Deployment of web application directory [C:\Users\DGAC\Documents\Programacion_Luis\KrakeDev\Servidor Web\apache-tomcat-9.0.109\webapps\krakeDev] has finished in [77] ms
30-Sep-2025 08:27:42.386 INFORMACIÓN [main] org.apache.catalina.startup.HostConfig.deployDirectory Desplegando el directorio [C:\Users\DGAC\Documents\Programacion_Luis\KrakeDev\Servidor Web\apache-tomcat-9.0.109\webapps\manager] de la aplicación web
30-Sep-2025 08:27:42.463 INFORMACIÓN [main] org.apache.catalina.startup.HostConfig.deployDirectory Deployment of web application directory [C:\Users\DGAC\Documents\Programacion_Luis\KrakeDev\Servidor Web\apache-tomcat-9.0.109\webapps\manager] has finished in [77] ms
30-Sep-2025 08:27:42.464 INFORMACIÓN [main] org.apache.catalina.startup.HostConfig.deployDirectory Desplegando el directorio [C:\Users\DGAC\Documents\Programacion_Luis\KrakeDev\Servidor Web\apache-tomcat-9.0.109\webapps\ROOT] de la aplicación web
30-Sep-2025 08:27:42.514 INFORMACIÓN [main] org.apache.catalina.startup.HostConfig.deployDirectory Deployment of web application directory [C:\Users\DGAC\Documents\Programacion_Luis\KrakeDev\Servidor Web\apache-tomcat-9.0.109\webapps\ROOT] has finished in [50] ms
30-Sep-2025 08:27:42.519 INFORMACIÓN [main] org.apache.coyote.AbstractProtocol.start Starting ProtocolHandler ["http-nio-8080"]
30-Sep-2025 08:27:42.578 INFORMACIÓN [main] org.apache.catalina.startup.Catalina.start Server startup in [3031] milliseconds
