14-Jan-2026 13:17:16.796 INFO [main] org.apache.catalina.startup.VersionLoggerListener.log Nombre de la versión del servidor: Apache Tomcat/9.0.112
14-Jan-2026 13:17:16.821 INFO [main] org.apache.catalina.startup.VersionLoggerListener.log Server built:                      Nov 6 2025 07:46:18 UTC
14-Jan-2026 13:17:16.822 INFO [main] org.apache.catalina.startup.VersionLoggerListener.log Número de versión de servidor:     9.0.112.0
14-Jan-2026 13:17:16.826 INFO [main] org.apache.catalina.startup.VersionLoggerListener.log OS Name:                           Windows 11
14-Jan-2026 13:17:16.826 INFO [main] org.apache.catalina.startup.VersionLoggerListener.log Versión de Systema Operativo:      10.0
14-Jan-2026 13:17:16.827 INFO [main] org.apache.catalina.startup.VersionLoggerListener.log Arquitectura:                      amd64
14-Jan-2026 13:17:16.827 INFO [main] org.apache.catalina.startup.VersionLoggerListener.log Java Home:                         C:\Program Files\Java\jdk-25
14-Jan-2026 13:17:16.827 INFO [main] org.apache.catalina.startup.VersionLoggerListener.log JVM Version:                       25.0.1+8-LTS-27
14-Jan-2026 13:17:16.827 INFO [main] org.apache.catalina.startup.VersionLoggerListener.log Vededor JVM:                       Oracle Corporation
14-Jan-2026 13:17:16.827 INFO [main] org.apache.catalina.startup.VersionLoggerListener.log CATALINA_BASE:                     D:\Documentos\Programacion_Luis\KrakeDev\Servidor Web II\apache-tomcat-9.0.112
14-Jan-2026 13:17:16.827 INFO [main] org.apache.catalina.startup.VersionLoggerListener.log CATALINA_HOME:                     D:\Documentos\Programacion_Luis\KrakeDev\Servidor Web II\apache-tomcat-9.0.112
14-Jan-2026 13:17:16.880 INFO [main] org.apache.catalina.startup.VersionLoggerListener.log Command line argument:             --add-opens=java.base/java.lang=ALL-UNNAMED
14-Jan-2026 13:17:16.880 INFO [main] org.apache.catalina.startup.VersionLoggerListener.log Command line argument:             --add-opens=java.base/java.lang.invoke=ALL-UNNAMED
14-Jan-2026 13:17:16.880 INFO [main] org.apache.catalina.startup.VersionLoggerListener.log Command line argument:             --add-opens=java.base/java.lang.reflect=ALL-UNNAMED
14-Jan-2026 13:17:16.880 INFO [main] org.apache.catalina.startup.VersionLoggerListener.log Command line argument:             --add-opens=java.base/java.io=ALL-UNNAMED
14-Jan-2026 13:17:16.880 INFO [main] org.apache.catalina.startup.VersionLoggerListener.log Command line argument:             --add-opens=java.base/java.util=ALL-UNNAMED
14-Jan-2026 13:17:16.881 INFO [main] org.apache.catalina.startup.VersionLoggerListener.log Command line argument:             --add-opens=java.base/java.util.concurrent=ALL-UNNAMED
14-Jan-2026 13:17:16.881 INFO [main] org.apache.catalina.startup.VersionLoggerListener.log Command line argument:             --add-opens=java.rmi/sun.rmi.transport=ALL-UNNAMED
14-Jan-2026 13:17:16.881 INFO [main] org.apache.catalina.startup.VersionLoggerListener.log Command line argument:             -Djava.util.logging.config.file=D:\Documentos\Programacion_Luis\KrakeDev\Servidor Web II\apache-tomcat-9.0.112\conf\logging.properties
14-Jan-2026 13:17:16.881 INFO [main] org.apache.catalina.startup.VersionLoggerListener.log Command line argument:             -Djava.util.logging.manager=org.apache.juli.ClassLoaderLogManager
14-Jan-2026 13:17:16.881 INFO [main] org.apache.catalina.startup.VersionLoggerListener.log Command line argument:             -Djdk.tls.ephemeralDHKeySize=2048
14-Jan-2026 13:17:16.882 INFO [main] org.apache.catalina.startup.VersionLoggerListener.log Command line argument:             -Djava.protocol.handler.pkgs=org.apache.catalina.webresources
14-Jan-2026 13:17:16.882 INFO [main] org.apache.catalina.startup.VersionLoggerListener.log Command line argument:             -Dsun.io.useCanonCaches=false
14-Jan-2026 13:17:16.882 INFO [main] org.apache.catalina.startup.VersionLoggerListener.log Command line argument:             -Dignore.endorsed.dirs=
14-Jan-2026 13:17:16.882 INFO [main] org.apache.catalina.startup.VersionLoggerListener.log Command line argument:             -Dcatalina.base=D:\Documentos\Programacion_Luis\KrakeDev\Servidor Web II\apache-tomcat-9.0.112
14-Jan-2026 13:17:16.882 INFO [main] org.apache.catalina.startup.VersionLoggerListener.log Command line argument:             -Dcatalina.home=D:\Documentos\Programacion_Luis\KrakeDev\Servidor Web II\apache-tomcat-9.0.112
14-Jan-2026 13:17:16.882 INFO [main] org.apache.catalina.startup.VersionLoggerListener.log Command line argument:             -Djava.io.tmpdir=D:\Documentos\Programacion_Luis\KrakeDev\Servidor Web II\apache-tomcat-9.0.112\temp
14-Jan-2026 13:17:17.166 INFO [main] org.apache.catalina.core.AprLifecycleListener.lifecycleEvent Cargada la biblioteca nativa APR de Apache Tomcat [1.3.1] con la versión APR [1.7.4].
14-Jan-2026 13:17:17.166 INFO [main] org.apache.catalina.core.AprLifecycleListener.lifecycleEvent Capacidades APR: IPv6 [true], enviar fichero [true], aceptar filtros [false], aleatorio [true], UDS [true].
14-Jan-2026 13:17:17.166 INFO [main] org.apache.catalina.core.AprLifecycleListener.lifecycleEvent APR/OpenSSL configuration: useAprConnector [false], useOpenSSL [true]
14-Jan-2026 13:17:17.173 INFO [main] org.apache.catalina.core.AprLifecycleListener.initializeSSL OpenSSL inicializado correctamente [OpenSSL 3.0.14 4 Jun 2024]
14-Jan-2026 13:17:17.499 INFO [main] org.apache.coyote.AbstractProtocol.init Inicializando el manejador de protocolo ["http-nio-8080"]

14-Jan-2026 13:17:17.527 INFO [main] org.apache.catalina.startup.Catalina.load Server initialization in [920] milliseconds
14-Jan-2026 13:17:17.550 WARNING [main] java.util.ArrayList.forEach Name = ConexionInventario Property maxActive is not used in DBCP2, use maxTotal instead. maxTotal default value is 8. You have set value of "100" for "maxActive" property, which is being ignored.
14-Jan-2026 13:17:17.551 WARNING [main] java.util.ArrayList.forEach Name = ConexionInventario Property maxWait is not used in DBCP2 , use maxWaitMillis instead. maxWaitMillis default value is PT-0.001S. You have set value of "10000" for "maxWait" property, which is being ignored.
14-Jan-2026 13:17:17.551 INFO [main] java.util.ArrayList.forEach Name = ConexionInventario Ignoring unknown property: value of "jdbc/ConexionInventario" for "global" property
14-Jan-2026 13:17:17.583 WARNING [main] java.util.ArrayList.forEach Name = ConexionPG Property maxActive is not used in DBCP2, use maxTotal instead. maxTotal default value is 8. You have set value of "100" for "maxActive" property, which is being ignored.
14-Jan-2026 13:17:17.583 WARNING [main] java.util.ArrayList.forEach Name = ConexionPG Property maxWait is not used in DBCP2 , use maxWaitMillis instead. maxWaitMillis default value is PT-0.001S. You have set value of "10000" for "maxWait" property, which is being ignored.
14-Jan-2026 13:17:17.583 INFO [main] java.util.ArrayList.forEach Name = ConexionPG Ignoring unknown property: value of "jdbc/ConexionPG" for "global" property
14-Jan-2026 13:17:17.611 INFO [main] org.apache.catalina.core.StandardService.startInternal Arrancando servicio [Catalina]
14-Jan-2026 13:17:17.611 INFO [main] org.apache.catalina.core.StandardEngine.startInternal Starting Servlet engine: [Apache Tomcat/9.0.112]
14-Jan-2026 13:17:17.646 INFO [main] org.apache.catalina.startup.HostConfig.deployWAR Despliegue del archivo [D:\Documentos\Programacion_Luis\KrakeDev\Servidor Web II\apache-tomcat-9.0.112\webapps\ejemploweb.war] de la aplicación web
14-Jan-2026 13:17:25.561 INFO [main] org.apache.jasper.servlet.TldScanner.scanJars Al menos un JAR, que se ha explorado buscando TLDs, aún no contenía TLDs. Activar historial de depuración para este historiador para una completa lista de los JARs que fueron explorados y de los que nos se halló TLDs. Saltarse JARs no necesarios durante la exploración puede dar lugar a una mejora de tiempo significativa en el arranque y compilación de JSP .
14-Jan-2026 13:17:27.878 INFO [main] org.apache.catalina.startup.HostConfig.deployWAR Deployment of web application archive [D:\Documentos\Programacion_Luis\KrakeDev\Servidor Web II\apache-tomcat-9.0.112\webapps\ejemploweb.war] has finished in [10.223] ms
14-Jan-2026 13:17:27.921 INFO [main] org.apache.catalina.startup.HostConfig.deployWAR Despliegue del archivo [D:\Documentos\Programacion_Luis\KrakeDev\Servidor Web II\apache-tomcat-9.0.112\webapps\evaluacionfinal.war] de la aplicación web
14-Jan-2026 13:17:35.088 INFO [main] org.apache.jasper.servlet.TldScanner.scanJars Al menos un JAR, que se ha explorado buscando TLDs, aún no contenía TLDs. Activar historial de depuración para este historiador para una completa lista de los JARs que fueron explorados y de los que nos se halló TLDs. Saltarse JARs no necesarios durante la exploración puede dar lugar a una mejora de tiempo significativa en el arranque y compilación de JSP .
14-Jan-2026 13:17:36.910 INFO [main] org.apache.catalina.startup.HostConfig.deployWAR Deployment of web application archive [D:\Documentos\Programacion_Luis\KrakeDev\Servidor Web II\apache-tomcat-9.0.112\webapps\evaluacionfinal.war] has finished in [8.987] ms
14-Jan-2026 13:17:36.991 INFO [main] org.apache.catalina.startup.HostConfig.deployWAR Despliegue del archivo [D:\Documentos\Programacion_Luis\KrakeDev\Servidor Web II\apache-tomcat-9.0.112\webapps\inventario.war] de la aplicación web
14-Jan-2026 13:17:43.660 INFO [main] org.apache.jasper.servlet.TldScanner.scanJars Al menos un JAR, que se ha explorado buscando TLDs, aún no contenía TLDs. Activar historial de depuración para este historiador para una completa lista de los JARs que fueron explorados y de los que nos se halló TLDs. Saltarse JARs no necesarios durante la exploración puede dar lugar a una mejora de tiempo significativa en el arranque y compilación de JSP .
14-Jan-2026 13:17:45.228 INFO [main] org.apache.catalina.startup.HostConfig.deployWAR Deployment of web application archive [D:\Documentos\Programacion_Luis\KrakeDev\Servidor Web II\apache-tomcat-9.0.112\webapps\inventario.war] has finished in [8.237] ms
14-Jan-2026 13:17:45.230 INFO [main] org.apache.catalina.startup.HostConfig.deployWAR Despliegue del archivo [D:\Documentos\Programacion_Luis\KrakeDev\Servidor Web II\apache-tomcat-9.0.112\webapps\inventarios-1.0.0.war] de la aplicación web
14-Jan-2026 13:17:45.236 INFO [main] org.apache.catalina.startup.ExpandWar.expand An expanded directory [D:\Documentos\Programacion_Luis\KrakeDev\Servidor Web II\apache-tomcat-9.0.112\webapps\inventarios-1.0.0] was found with a last modified time that did not match the associated WAR. It will be deleted.
14-Jan-2026 13:17:51.835 INFO [main] org.apache.jasper.servlet.TldScanner.scanJars Al menos un JAR, que se ha explorado buscando TLDs, aún no contenía TLDs. Activar historial de depuración para este historiador para una completa lista de los JARs que fueron explorados y de los que nos se halló TLDs. Saltarse JARs no necesarios durante la exploración puede dar lugar a una mejora de tiempo significativa en el arranque y compilación de JSP .
14-Jan-2026 13:17:51.874 INFO [main] org.apache.catalina.startup.HostConfig.deployWAR Deployment of web application archive [D:\Documentos\Programacion_Luis\KrakeDev\Servidor Web II\apache-tomcat-9.0.112\webapps\inventarios-1.0.0.war] has finished in [6.644] ms
14-Jan-2026 13:17:51.877 INFO [main] org.apache.catalina.startup.HostConfig.deployDirectory Desplegando el directorio [D:\Documentos\Programacion_Luis\KrakeDev\Servidor Web II\apache-tomcat-9.0.112\webapps\docs] de la aplicación web
14-Jan-2026 13:17:52.168 INFO [main] org.apache.jasper.servlet.TldScanner.scanJars Al menos un JAR, que se ha explorado buscando TLDs, aún no contenía TLDs. Activar historial de depuración para este historiador para una completa lista de los JARs que fueron explorados y de los que nos se halló TLDs. Saltarse JARs no necesarios durante la exploración puede dar lugar a una mejora de tiempo significativa en el arranque y compilación de JSP .
14-Jan-2026 13:17:52.172 INFO [main] org.apache.catalina.startup.HostConfig.deployDirectory Deployment of web application directory [D:\Documentos\Programacion_Luis\KrakeDev\Servidor Web II\apache-tomcat-9.0.112\webapps\docs] has finished in [295] ms
14-Jan-2026 13:17:52.174 INFO [main] org.apache.catalina.startup.HostConfig.deployDirectory Desplegando el directorio [D:\Documentos\Programacion_Luis\KrakeDev\Servidor Web II\apache-tomcat-9.0.112\webapps\examples] de la aplicación web
14-Jan-2026 13:17:53.872 INFO [main] org.apache.jasper.servlet.TldScanner.scanJars Al menos un JAR, que se ha explorado buscando TLDs, aún no contenía TLDs. Activar historial de depuración para este historiador para una completa lista de los JARs que fueron explorados y de los que nos se halló TLDs. Saltarse JARs no necesarios durante la exploración puede dar lugar a una mejora de tiempo significativa en el arranque y compilación de JSP .
14-Jan-2026 13:17:54.020 INFO [main] org.apache.catalina.startup.HostConfig.deployDirectory Deployment of web application directory [D:\Documentos\Programacion_Luis\KrakeDev\Servidor Web II\apache-tomcat-9.0.112\webapps\examples] has finished in [1.846] ms
14-Jan-2026 13:17:54.020 INFO [main] org.apache.catalina.startup.HostConfig.deployDirectory Desplegando el directorio [D:\Documentos\Programacion_Luis\KrakeDev\Servidor Web II\apache-tomcat-9.0.112\webapps\host-manager] de la aplicación web
14-Jan-2026 13:17:54.274 INFO [main] org.apache.jasper.servlet.TldScanner.scanJars Al menos un JAR, que se ha explorado buscando TLDs, aún no contenía TLDs. Activar historial de depuración para este historiador para una completa lista de los JARs que fueron explorados y de los que nos se halló TLDs. Saltarse JARs no necesarios durante la exploración puede dar lugar a una mejora de tiempo significativa en el arranque y compilación de JSP .
14-Jan-2026 13:17:54.291 INFO [main] org.apache.catalina.startup.HostConfig.deployDirectory Deployment of web application directory [D:\Documentos\Programacion_Luis\KrakeDev\Servidor Web II\apache-tomcat-9.0.112\webapps\host-manager] has finished in [271] ms
14-Jan-2026 13:17:54.291 INFO [main] org.apache.catalina.startup.HostConfig.deployDirectory Desplegando el directorio [D:\Documentos\Programacion_Luis\KrakeDev\Servidor Web II\apache-tomcat-9.0.112\webapps\manager] de la aplicación web
14-Jan-2026 13:17:54.625 INFO [main] org.apache.jasper.servlet.TldScanner.scanJars Al menos un JAR, que se ha explorado buscando TLDs, aún no contenía TLDs. Activar historial de depuración para este historiador para una completa lista de los JARs que fueron explorados y de los que nos se halló TLDs. Saltarse JARs no necesarios durante la exploración puede dar lugar a una mejora de tiempo significativa en el arranque y compilación de JSP .
14-Jan-2026 13:17:54.632 INFO [main] org.apache.catalina.startup.HostConfig.deployDirectory Deployment of web application directory [D:\Documentos\Programacion_Luis\KrakeDev\Servidor Web II\apache-tomcat-9.0.112\webapps\manager] has finished in [338] ms
14-Jan-2026 13:17:54.632 INFO [main] org.apache.catalina.startup.HostConfig.deployDirectory Desplegando el directorio [D:\Documentos\Programacion_Luis\KrakeDev\Servidor Web II\apache-tomcat-9.0.112\webapps\ROOT] de la aplicación web
14-Jan-2026 13:17:54.860 INFO [main] org.apache.jasper.servlet.TldScanner.scanJars Al menos un JAR, que se ha explorado buscando TLDs, aún no contenía TLDs. Activar historial de depuración para este historiador para una completa lista de los JARs que fueron explorados y de los que nos se halló TLDs. Saltarse JARs no necesarios durante la exploración puede dar lugar a una mejora de tiempo significativa en el arranque y compilación de JSP .
14-Jan-2026 13:17:54.861 INFO [main] org.apache.catalina.startup.HostConfig.deployDirectory Deployment of web application directory [D:\Documentos\Programacion_Luis\KrakeDev\Servidor Web II\apache-tomcat-9.0.112\webapps\ROOT] has finished in [229] ms
14-Jan-2026 13:17:54.872 INFO [main] org.apache.coyote.AbstractProtocol.start Starting ProtocolHandler ["http-nio-8080"]
14-Jan-2026 13:17:54.960 INFO [main] org.apache.catalina.startup.Catalina.start Server startup in [37432] milliseconds
14-Jan-2026 13:21:27.926 INFO [main] org.apache.catalina.startup.VersionLoggerListener.log Nombre de la versión del servidor: Apache Tomcat/9.0.112
14-Jan-2026 13:21:27.929 INFO [main] org.apache.catalina.startup.VersionLoggerListener.log Server built:                      Nov 6 2025 07:46:18 UTC
14-Jan-2026 13:21:27.929 INFO [main] org.apache.catalina.startup.VersionLoggerListener.log Número de versión de servidor:     9.0.112.0
14-Jan-2026 13:21:27.930 INFO [main] org.apache.catalina.startup.VersionLoggerListener.log OS Name:                           Windows 11
14-Jan-2026 13:21:27.930 INFO [main] org.apache.catalina.startup.VersionLoggerListener.log Versión de Systema Operativo:      10.0
14-Jan-2026 13:21:27.930 INFO [main] org.apache.catalina.startup.VersionLoggerListener.log Arquitectura:                      amd64
14-Jan-2026 13:21:27.930 INFO [main] org.apache.catalina.startup.VersionLoggerListener.log Java Home:                         C:\Program Files\Java\jdk-25
14-Jan-2026 13:21:27.930 INFO [main] org.apache.catalina.startup.VersionLoggerListener.log JVM Version:                       25.0.1+8-LTS-27
14-Jan-2026 13:21:27.931 INFO [main] org.apache.catalina.startup.VersionLoggerListener.log Vededor JVM:                       Oracle Corporation
14-Jan-2026 13:21:27.931 INFO [main] org.apache.catalina.startup.VersionLoggerListener.log CATALINA_BASE:                     D:\Documentos\Programacion_Luis\KrakeDev\Servidor Web II\apache-tomcat-9.0.112
14-Jan-2026 13:21:27.931 INFO [main] org.apache.catalina.startup.VersionLoggerListener.log CATALINA_HOME:                     D:\Documentos\Programacion_Luis\KrakeDev\Servidor Web II\apache-tomcat-9.0.112
14-Jan-2026 13:21:27.939 INFO [main] org.apache.catalina.startup.VersionLoggerListener.log Command line argument:             --add-opens=java.base/java.lang=ALL-UNNAMED
14-Jan-2026 13:21:27.939 INFO [main] org.apache.catalina.startup.VersionLoggerListener.log Command line argument:             --add-opens=java.base/java.lang.invoke=ALL-UNNAMED
14-Jan-2026 13:21:27.939 INFO [main] org.apache.catalina.startup.VersionLoggerListener.log Command line argument:             --add-opens=java.base/java.lang.reflect=ALL-UNNAMED
14-Jan-2026 13:21:27.939 INFO [main] org.apache.catalina.startup.VersionLoggerListener.log Command line argument:             --add-opens=java.base/java.io=ALL-UNNAMED
14-Jan-2026 13:21:27.939 INFO [main] org.apache.catalina.startup.VersionLoggerListener.log Command line argument:             --add-opens=java.base/java.util=ALL-UNNAMED
14-Jan-2026 13:21:27.939 INFO [main] org.apache.catalina.startup.VersionLoggerListener.log Command line argument:             --add-opens=java.base/java.util.concurrent=ALL-UNNAMED
14-Jan-2026 13:21:27.940 INFO [main] org.apache.catalina.startup.VersionLoggerListener.log Command line argument:             --add-opens=java.rmi/sun.rmi.transport=ALL-UNNAMED
14-Jan-2026 13:21:27.940 INFO [main] org.apache.catalina.startup.VersionLoggerListener.log Command line argument:             -Djava.util.logging.config.file=D:\Documentos\Programacion_Luis\KrakeDev\Servidor Web II\apache-tomcat-9.0.112\conf\logging.properties
14-Jan-2026 13:21:27.940 INFO [main] org.apache.catalina.startup.VersionLoggerListener.log Command line argument:             -Djava.util.logging.manager=org.apache.juli.ClassLoaderLogManager
14-Jan-2026 13:21:27.940 INFO [main] org.apache.catalina.startup.VersionLoggerListener.log Command line argument:             -Djdk.tls.ephemeralDHKeySize=2048
14-Jan-2026 13:21:27.940 INFO [main] org.apache.catalina.startup.VersionLoggerListener.log Command line argument:             -Djava.protocol.handler.pkgs=org.apache.catalina.webresources
14-Jan-2026 13:21:27.941 INFO [main] org.apache.catalina.startup.VersionLoggerListener.log Command line argument:             -Dsun.io.useCanonCaches=false
14-Jan-2026 13:21:27.941 INFO [main] org.apache.catalina.startup.VersionLoggerListener.log Command line argument:             -Dignore.endorsed.dirs=
14-Jan-2026 13:21:27.941 INFO [main] org.apache.catalina.startup.VersionLoggerListener.log Command line argument:             -Dcatalina.base=D:\Documentos\Programacion_Luis\KrakeDev\Servidor Web II\apache-tomcat-9.0.112
14-Jan-2026 13:21:27.941 INFO [main] org.apache.catalina.startup.VersionLoggerListener.log Command line argument:             -Dcatalina.home=D:\Documentos\Programacion_Luis\KrakeDev\Servidor Web II\apache-tomcat-9.0.112
14-Jan-2026 13:21:27.941 INFO [main] org.apache.catalina.startup.VersionLoggerListener.log Command line argument:             -Djava.io.tmpdir=D:\Documentos\Programacion_Luis\KrakeDev\Servidor Web II\apache-tomcat-9.0.112\temp
14-Jan-2026 13:21:27.945 INFO [main] org.apache.catalina.core.AprLifecycleListener.lifecycleEvent Cargada la biblioteca nativa APR de Apache Tomcat [1.3.1] con la versión APR [1.7.4].
14-Jan-2026 13:21:27.945 INFO [main] org.apache.catalina.core.AprLifecycleListener.lifecycleEvent Capacidades APR: IPv6 [true], enviar fichero [true], aceptar filtros [false], aleatorio [true], UDS [true].
14-Jan-2026 13:21:27.945 INFO [main] org.apache.catalina.core.AprLifecycleListener.lifecycleEvent APR/OpenSSL configuration: useAprConnector [false], useOpenSSL [true]
14-Jan-2026 13:21:27.952 INFO [main] org.apache.catalina.core.AprLifecycleListener.initializeSSL OpenSSL inicializado correctamente [OpenSSL 3.0.14 4 Jun 2024]
14-Jan-2026 13:21:28.213 INFO [main] org.apache.coyote.AbstractProtocol.init Inicializando el manejador de protocolo ["http-nio-8080"]

14-Jan-2026 13:21:28.237 INFO [main] org.apache.catalina.startup.Catalina.load Server initialization in [468] milliseconds
14-Jan-2026 13:21:28.254 WARNING [main] java.util.ArrayList.forEach Name = ConexionInventario Property maxActive is not used in DBCP2, use maxTotal instead. maxTotal default value is 8. You have set value of "100" for "maxActive" property, which is being ignored.
14-Jan-2026 13:21:28.255 WARNING [main] java.util.ArrayList.forEach Name = ConexionInventario Property maxWait is not used in DBCP2 , use maxWaitMillis instead. maxWaitMillis default value is PT-0.001S. You have set value of "10000" for "maxWait" property, which is being ignored.
14-Jan-2026 13:21:28.255 INFO [main] java.util.ArrayList.forEach Name = ConexionInventario Ignoring unknown property: value of "jdbc/ConexionInventario" for "global" property
14-Jan-2026 13:21:28.281 WARNING [main] java.util.ArrayList.forEach Name = ConexionPG Property maxActive is not used in DBCP2, use maxTotal instead. maxTotal default value is 8. You have set value of "100" for "maxActive" property, which is being ignored.
14-Jan-2026 13:21:28.281 WARNING [main] java.util.ArrayList.forEach Name = ConexionPG Property maxWait is not used in DBCP2 , use maxWaitMillis instead. maxWaitMillis default value is PT-0.001S. You have set value of "10000" for "maxWait" property, which is being ignored.
14-Jan-2026 13:21:28.281 INFO [main] java.util.ArrayList.forEach Name = ConexionPG Ignoring unknown property: value of "jdbc/ConexionPG" for "global" property
14-Jan-2026 13:21:28.303 INFO [main] org.apache.catalina.core.StandardService.startInternal Arrancando servicio [Catalina]
14-Jan-2026 13:21:28.303 INFO [main] org.apache.catalina.core.StandardEngine.startInternal Starting Servlet engine: [Apache Tomcat/9.0.112]
14-Jan-2026 13:21:28.317 INFO [main] org.apache.catalina.startup.HostConfig.deployWAR Despliegue del archivo [D:\Documentos\Programacion_Luis\KrakeDev\Servidor Web II\apache-tomcat-9.0.112\webapps\ejemploweb.war] de la aplicación web
14-Jan-2026 13:21:29.245 INFO [main] org.apache.jasper.servlet.TldScanner.scanJars Al menos un JAR, que se ha explorado buscando TLDs, aún no contenía TLDs. Activar historial de depuración para este historiador para una completa lista de los JARs que fueron explorados y de los que nos se halló TLDs. Saltarse JARs no necesarios durante la exploración puede dar lugar a una mejora de tiempo significativa en el arranque y compilación de JSP .
14-Jan-2026 13:21:29.965 INFO [main] org.apache.catalina.startup.HostConfig.deployWAR Deployment of web application archive [D:\Documentos\Programacion_Luis\KrakeDev\Servidor Web II\apache-tomcat-9.0.112\webapps\ejemploweb.war] has finished in [1.645] ms
14-Jan-2026 13:21:29.966 INFO [main] org.apache.catalina.startup.HostConfig.deployWAR Despliegue del archivo [D:\Documentos\Programacion_Luis\KrakeDev\Servidor Web II\apache-tomcat-9.0.112\webapps\evaluacionfinal.war] de la aplicación web
14-Jan-2026 13:21:30.587 INFO [main] org.apache.jasper.servlet.TldScanner.scanJars Al menos un JAR, que se ha explorado buscando TLDs, aún no contenía TLDs. Activar historial de depuración para este historiador para una completa lista de los JARs que fueron explorados y de los que nos se halló TLDs. Saltarse JARs no necesarios durante la exploración puede dar lugar a una mejora de tiempo significativa en el arranque y compilación de JSP .
14-Jan-2026 13:21:32.443 INFO [main] org.apache.catalina.startup.HostConfig.deployWAR Deployment of web application archive [D:\Documentos\Programacion_Luis\KrakeDev\Servidor Web II\apache-tomcat-9.0.112\webapps\evaluacionfinal.war] has finished in [2.477] ms
14-Jan-2026 13:21:32.447 INFO [main] org.apache.catalina.startup.HostConfig.deployWAR Despliegue del archivo [D:\Documentos\Programacion_Luis\KrakeDev\Servidor Web II\apache-tomcat-9.0.112\webapps\inventario.war] de la aplicación web
14-Jan-2026 13:21:34.221 INFO [main] org.apache.jasper.servlet.TldScanner.scanJars Al menos un JAR, que se ha explorado buscando TLDs, aún no contenía TLDs. Activar historial de depuración para este historiador para una completa lista de los JARs que fueron explorados y de los que nos se halló TLDs. Saltarse JARs no necesarios durante la exploración puede dar lugar a una mejora de tiempo significativa en el arranque y compilación de JSP .
14-Jan-2026 13:21:35.829 INFO [main] org.apache.catalina.startup.HostConfig.deployWAR Deployment of web application archive [D:\Documentos\Programacion_Luis\KrakeDev\Servidor Web II\apache-tomcat-9.0.112\webapps\inventario.war] has finished in [3.382] ms
14-Jan-2026 13:21:35.831 INFO [main] org.apache.catalina.startup.HostConfig.deployWAR Despliegue del archivo [D:\Documentos\Programacion_Luis\KrakeDev\Servidor Web II\apache-tomcat-9.0.112\webapps\inventarios-1.0.0.war] de la aplicación web
14-Jan-2026 13:21:35.838 INFO [main] org.apache.catalina.startup.ExpandWar.expand An expanded directory [D:\Documentos\Programacion_Luis\KrakeDev\Servidor Web II\apache-tomcat-9.0.112\webapps\inventarios-1.0.0] was found with a last modified time that did not match the associated WAR. It will be deleted.
14-Jan-2026 13:21:42.341 INFO [main] org.apache.jasper.servlet.TldScanner.scanJars Al menos un JAR, que se ha explorado buscando TLDs, aún no contenía TLDs. Activar historial de depuración para este historiador para una completa lista de los JARs que fueron explorados y de los que nos se halló TLDs. Saltarse JARs no necesarios durante la exploración puede dar lugar a una mejora de tiempo significativa en el arranque y compilación de JSP .
14-Jan-2026 13:21:42.377 INFO [main] org.apache.catalina.startup.HostConfig.deployWAR Deployment of web application archive [D:\Documentos\Programacion_Luis\KrakeDev\Servidor Web II\apache-tomcat-9.0.112\webapps\inventarios-1.0.0.war] has finished in [6.544] ms
14-Jan-2026 13:21:42.377 INFO [main] org.apache.catalina.startup.HostConfig.deployDirectory Desplegando el directorio [D:\Documentos\Programacion_Luis\KrakeDev\Servidor Web II\apache-tomcat-9.0.112\webapps\docs] de la aplicación web
14-Jan-2026 13:21:42.624 INFO [main] org.apache.jasper.servlet.TldScanner.scanJars Al menos un JAR, que se ha explorado buscando TLDs, aún no contenía TLDs. Activar historial de depuración para este historiador para una completa lista de los JARs que fueron explorados y de los que nos se halló TLDs. Saltarse JARs no necesarios durante la exploración puede dar lugar a una mejora de tiempo significativa en el arranque y compilación de JSP .
14-Jan-2026 13:21:42.630 INFO [main] org.apache.catalina.startup.HostConfig.deployDirectory Deployment of web application directory [D:\Documentos\Programacion_Luis\KrakeDev\Servidor Web II\apache-tomcat-9.0.112\webapps\docs] has finished in [253] ms
14-Jan-2026 13:21:42.631 INFO [main] org.apache.catalina.startup.HostConfig.deployDirectory Desplegando el directorio [D:\Documentos\Programacion_Luis\KrakeDev\Servidor Web II\apache-tomcat-9.0.112\webapps\examples] de la aplicación web
14-Jan-2026 13:21:43.424 INFO [main] org.apache.jasper.servlet.TldScanner.scanJars Al menos un JAR, que se ha explorado buscando TLDs, aún no contenía TLDs. Activar historial de depuración para este historiador para una completa lista de los JARs que fueron explorados y de los que nos se halló TLDs. Saltarse JARs no necesarios durante la exploración puede dar lugar a una mejora de tiempo significativa en el arranque y compilación de JSP .
14-Jan-2026 13:21:43.547 INFO [main] org.apache.catalina.startup.HostConfig.deployDirectory Deployment of web application directory [D:\Documentos\Programacion_Luis\KrakeDev\Servidor Web II\apache-tomcat-9.0.112\webapps\examples] has finished in [916] ms
14-Jan-2026 13:21:43.549 INFO [main] org.apache.catalina.startup.HostConfig.deployDirectory Desplegando el directorio [D:\Documentos\Programacion_Luis\KrakeDev\Servidor Web II\apache-tomcat-9.0.112\webapps\host-manager] de la aplicación web
14-Jan-2026 13:21:43.804 INFO [main] org.apache.jasper.servlet.TldScanner.scanJars Al menos un JAR, que se ha explorado buscando TLDs, aún no contenía TLDs. Activar historial de depuración para este historiador para una completa lista de los JARs que fueron explorados y de los que nos se halló TLDs. Saltarse JARs no necesarios durante la exploración puede dar lugar a una mejora de tiempo significativa en el arranque y compilación de JSP .
14-Jan-2026 13:21:43.820 INFO [main] org.apache.catalina.startup.HostConfig.deployDirectory Deployment of web application directory [D:\Documentos\Programacion_Luis\KrakeDev\Servidor Web II\apache-tomcat-9.0.112\webapps\host-manager] has finished in [271] ms
14-Jan-2026 13:21:43.821 INFO [main] org.apache.catalina.startup.HostConfig.deployDirectory Desplegando el directorio [D:\Documentos\Programacion_Luis\KrakeDev\Servidor Web II\apache-tomcat-9.0.112\webapps\manager] de la aplicación web
14-Jan-2026 13:21:44.092 INFO [main] org.apache.jasper.servlet.TldScanner.scanJars Al menos un JAR, que se ha explorado buscando TLDs, aún no contenía TLDs. Activar historial de depuración para este historiador para una completa lista de los JARs que fueron explorados y de los que nos se halló TLDs. Saltarse JARs no necesarios durante la exploración puede dar lugar a una mejora de tiempo significativa en el arranque y compilación de JSP .
14-Jan-2026 13:21:44.097 INFO [main] org.apache.catalina.startup.HostConfig.deployDirectory Deployment of web application directory [D:\Documentos\Programacion_Luis\KrakeDev\Servidor Web II\apache-tomcat-9.0.112\webapps\manager] has finished in [275] ms
14-Jan-2026 13:21:44.097 INFO [main] org.apache.catalina.startup.HostConfig.deployDirectory Desplegando el directorio [D:\Documentos\Programacion_Luis\KrakeDev\Servidor Web II\apache-tomcat-9.0.112\webapps\ROOT] de la aplicación web
14-Jan-2026 13:21:44.320 INFO [main] org.apache.jasper.servlet.TldScanner.scanJars Al menos un JAR, que se ha explorado buscando TLDs, aún no contenía TLDs. Activar historial de depuración para este historiador para una completa lista de los JARs que fueron explorados y de los que nos se halló TLDs. Saltarse JARs no necesarios durante la exploración puede dar lugar a una mejora de tiempo significativa en el arranque y compilación de JSP .
14-Jan-2026 13:21:44.325 INFO [main] org.apache.catalina.startup.HostConfig.deployDirectory Deployment of web application directory [D:\Documentos\Programacion_Luis\KrakeDev\Servidor Web II\apache-tomcat-9.0.112\webapps\ROOT] has finished in [228] ms
14-Jan-2026 13:21:44.334 INFO [main] org.apache.coyote.AbstractProtocol.start Starting ProtocolHandler ["http-nio-8080"]
14-Jan-2026 13:21:44.390 INFO [main] org.apache.catalina.startup.Catalina.start Server startup in [16150] milliseconds
