11-Jan-2026 16:57:18.867 INFO [main] org.apache.catalina.startup.VersionLoggerListener.log Nombre de la versión del servidor: Apache Tomcat/9.0.112
11-Jan-2026 16:57:18.874 INFO [main] org.apache.catalina.startup.VersionLoggerListener.log Server built:                      Nov 6 2025 07:46:18 UTC
11-Jan-2026 16:57:18.875 INFO [main] org.apache.catalina.startup.VersionLoggerListener.log Número de versión de servidor:     9.0.112.0
11-Jan-2026 16:57:18.875 INFO [main] org.apache.catalina.startup.VersionLoggerListener.log OS Name:                           Windows 11
11-Jan-2026 16:57:18.875 INFO [main] org.apache.catalina.startup.VersionLoggerListener.log Versión de Systema Operativo:      10.0
11-Jan-2026 16:57:18.875 INFO [main] org.apache.catalina.startup.VersionLoggerListener.log Arquitectura:                      amd64
11-Jan-2026 16:57:18.876 INFO [main] org.apache.catalina.startup.VersionLoggerListener.log Java Home:                         C:\Program Files\Java\jdk-25
11-Jan-2026 16:57:18.876 INFO [main] org.apache.catalina.startup.VersionLoggerListener.log JVM Version:                       25.0.1+8-LTS-27
11-Jan-2026 16:57:18.876 INFO [main] org.apache.catalina.startup.VersionLoggerListener.log Vededor JVM:                       Oracle Corporation
11-Jan-2026 16:57:18.877 INFO [main] org.apache.catalina.startup.VersionLoggerListener.log CATALINA_BASE:                     D:\Documentos\Programacion_Luis\KrakeDev\Servidor Web II\apache-tomcat-9.0.112
11-Jan-2026 16:57:18.877 INFO [main] org.apache.catalina.startup.VersionLoggerListener.log CATALINA_HOME:                     D:\Documentos\Programacion_Luis\KrakeDev\Servidor Web II\apache-tomcat-9.0.112
11-Jan-2026 16:57:18.905 INFO [main] org.apache.catalina.startup.VersionLoggerListener.log Command line argument:             --add-opens=java.base/java.lang=ALL-UNNAMED
11-Jan-2026 16:57:18.905 INFO [main] org.apache.catalina.startup.VersionLoggerListener.log Command line argument:             --add-opens=java.base/java.lang.invoke=ALL-UNNAMED
11-Jan-2026 16:57:18.906 INFO [main] org.apache.catalina.startup.VersionLoggerListener.log Command line argument:             --add-opens=java.base/java.lang.reflect=ALL-UNNAMED
11-Jan-2026 16:57:18.906 INFO [main] org.apache.catalina.startup.VersionLoggerListener.log Command line argument:             --add-opens=java.base/java.io=ALL-UNNAMED
11-Jan-2026 16:57:18.907 INFO [main] org.apache.catalina.startup.VersionLoggerListener.log Command line argument:             --add-opens=java.base/java.util=ALL-UNNAMED
11-Jan-2026 16:57:18.908 INFO [main] org.apache.catalina.startup.VersionLoggerListener.log Command line argument:             --add-opens=java.base/java.util.concurrent=ALL-UNNAMED
11-Jan-2026 16:57:18.908 INFO [main] org.apache.catalina.startup.VersionLoggerListener.log Command line argument:             --add-opens=java.rmi/sun.rmi.transport=ALL-UNNAMED
11-Jan-2026 16:57:18.909 INFO [main] org.apache.catalina.startup.VersionLoggerListener.log Command line argument:             -Djava.util.logging.config.file=D:\Documentos\Programacion_Luis\KrakeDev\Servidor Web II\apache-tomcat-9.0.112\conf\logging.properties
11-Jan-2026 16:57:18.909 INFO [main] org.apache.catalina.startup.VersionLoggerListener.log Command line argument:             -Djava.util.logging.manager=org.apache.juli.ClassLoaderLogManager
11-Jan-2026 16:57:18.910 INFO [main] org.apache.catalina.startup.VersionLoggerListener.log Command line argument:             -Djdk.tls.ephemeralDHKeySize=2048
11-Jan-2026 16:57:18.910 INFO [main] org.apache.catalina.startup.VersionLoggerListener.log Command line argument:             -Djava.protocol.handler.pkgs=org.apache.catalina.webresources
11-Jan-2026 16:57:18.912 INFO [main] org.apache.catalina.startup.VersionLoggerListener.log Command line argument:             -Dsun.io.useCanonCaches=false
11-Jan-2026 16:57:18.912 INFO [main] org.apache.catalina.startup.VersionLoggerListener.log Command line argument:             -Dignore.endorsed.dirs=
11-Jan-2026 16:57:18.912 INFO [main] org.apache.catalina.startup.VersionLoggerListener.log Command line argument:             -Dcatalina.base=D:\Documentos\Programacion_Luis\KrakeDev\Servidor Web II\apache-tomcat-9.0.112
11-Jan-2026 16:57:18.912 INFO [main] org.apache.catalina.startup.VersionLoggerListener.log Command line argument:             -Dcatalina.home=D:\Documentos\Programacion_Luis\KrakeDev\Servidor Web II\apache-tomcat-9.0.112
11-Jan-2026 16:57:18.912 INFO [main] org.apache.catalina.startup.VersionLoggerListener.log Command line argument:             -Djava.io.tmpdir=D:\Documentos\Programacion_Luis\KrakeDev\Servidor Web II\apache-tomcat-9.0.112\temp
11-Jan-2026 16:57:19.241 INFO [main] org.apache.catalina.core.AprLifecycleListener.lifecycleEvent Cargada la biblioteca nativa APR de Apache Tomcat [1.3.1] con la versión APR [1.7.4].
11-Jan-2026 16:57:19.241 INFO [main] org.apache.catalina.core.AprLifecycleListener.lifecycleEvent Capacidades APR: IPv6 [true], enviar fichero [true], aceptar filtros [false], aleatorio [true], UDS [true].
11-Jan-2026 16:57:19.243 INFO [main] org.apache.catalina.core.AprLifecycleListener.lifecycleEvent APR/OpenSSL configuration: useAprConnector [false], useOpenSSL [true]
11-Jan-2026 16:57:19.264 INFO [main] org.apache.catalina.core.AprLifecycleListener.initializeSSL OpenSSL inicializado correctamente [OpenSSL 3.0.14 4 Jun 2024]
11-Jan-2026 16:57:20.148 INFO [main] org.apache.coyote.AbstractProtocol.init Inicializando el manejador de protocolo ["http-nio-8080"]

11-Jan-2026 16:57:20.205 INFO [main] org.apache.catalina.startup.Catalina.load Server initialization in [1926] milliseconds
11-Jan-2026 16:57:20.258 WARNING [main] java.util.ArrayList.forEach Name = ConexionInventario Property maxActive is not used in DBCP2, use maxTotal instead. maxTotal default value is 8. You have set value of "100" for "maxActive" property, which is being ignored.
11-Jan-2026 16:57:20.259 WARNING [main] java.util.ArrayList.forEach Name = ConexionInventario Property maxWait is not used in DBCP2 , use maxWaitMillis instead. maxWaitMillis default value is PT-0.001S. You have set value of "10000" for "maxWait" property, which is being ignored.
11-Jan-2026 16:57:20.260 INFO [main] java.util.ArrayList.forEach Name = ConexionInventario Ignoring unknown property: value of "jdbc/ConexionInventario" for "global" property
11-Jan-2026 16:57:20.346 WARNING [main] java.util.ArrayList.forEach Name = ConexionPG Property maxActive is not used in DBCP2, use maxTotal instead. maxTotal default value is 8. You have set value of "100" for "maxActive" property, which is being ignored.
11-Jan-2026 16:57:20.346 WARNING [main] java.util.ArrayList.forEach Name = ConexionPG Property maxWait is not used in DBCP2 , use maxWaitMillis instead. maxWaitMillis default value is PT-0.001S. You have set value of "10000" for "maxWait" property, which is being ignored.
11-Jan-2026 16:57:20.347 INFO [main] java.util.ArrayList.forEach Name = ConexionPG Ignoring unknown property: value of "jdbc/ConexionPG" for "global" property
11-Jan-2026 16:57:20.463 INFO [main] org.apache.catalina.core.StandardService.startInternal Arrancando servicio [Catalina]
11-Jan-2026 16:57:20.464 INFO [main] org.apache.catalina.core.StandardEngine.startInternal Starting Servlet engine: [Apache Tomcat/9.0.112]
11-Jan-2026 16:57:20.529 INFO [main] org.apache.catalina.startup.HostConfig.deployWAR Despliegue del archivo [D:\Documentos\Programacion_Luis\KrakeDev\Servidor Web II\apache-tomcat-9.0.112\webapps\ejemploweb.war] de la aplicación web
11-Jan-2026 16:57:28.468 INFO [main] org.apache.jasper.servlet.TldScanner.scanJars Al menos un JAR, que se ha explorado buscando TLDs, aún no contenía TLDs. Activar historial de depuración para este historiador para una completa lista de los JARs que fueron explorados y de los que nos se halló TLDs. Saltarse JARs no necesarios durante la exploración puede dar lugar a una mejora de tiempo significativa en el arranque y compilación de JSP .
11-Jan-2026 16:57:31.023 INFO [main] org.apache.catalina.startup.HostConfig.deployWAR Deployment of web application archive [D:\Documentos\Programacion_Luis\KrakeDev\Servidor Web II\apache-tomcat-9.0.112\webapps\ejemploweb.war] has finished in [10.489] ms
11-Jan-2026 16:57:31.043 INFO [main] org.apache.catalina.startup.HostConfig.deployWAR Despliegue del archivo [D:\Documentos\Programacion_Luis\KrakeDev\Servidor Web II\apache-tomcat-9.0.112\webapps\evaluacionfinal.war] de la aplicación web
11-Jan-2026 16:57:38.987 INFO [main] org.apache.jasper.servlet.TldScanner.scanJars Al menos un JAR, que se ha explorado buscando TLDs, aún no contenía TLDs. Activar historial de depuración para este historiador para una completa lista de los JARs que fueron explorados y de los que nos se halló TLDs. Saltarse JARs no necesarios durante la exploración puede dar lugar a una mejora de tiempo significativa en el arranque y compilación de JSP .
11-Jan-2026 16:57:41.676 INFO [main] org.apache.catalina.startup.HostConfig.deployWAR Deployment of web application archive [D:\Documentos\Programacion_Luis\KrakeDev\Servidor Web II\apache-tomcat-9.0.112\webapps\evaluacionfinal.war] has finished in [10.634] ms
11-Jan-2026 16:57:41.782 INFO [main] org.apache.catalina.startup.HostConfig.deployWAR Despliegue del archivo [D:\Documentos\Programacion_Luis\KrakeDev\Servidor Web II\apache-tomcat-9.0.112\webapps\inventario.war] de la aplicación web
11-Jan-2026 16:57:51.231 INFO [main] org.apache.jasper.servlet.TldScanner.scanJars Al menos un JAR, que se ha explorado buscando TLDs, aún no contenía TLDs. Activar historial de depuración para este historiador para una completa lista de los JARs que fueron explorados y de los que nos se halló TLDs. Saltarse JARs no necesarios durante la exploración puede dar lugar a una mejora de tiempo significativa en el arranque y compilación de JSP .
11-Jan-2026 16:57:53.095 INFO [main] org.apache.catalina.startup.HostConfig.deployWAR Deployment of web application archive [D:\Documentos\Programacion_Luis\KrakeDev\Servidor Web II\apache-tomcat-9.0.112\webapps\inventario.war] has finished in [11.314] ms
11-Jan-2026 16:57:53.136 INFO [main] org.apache.catalina.startup.HostConfig.deployWAR Despliegue del archivo [D:\Documentos\Programacion_Luis\KrakeDev\Servidor Web II\apache-tomcat-9.0.112\webapps\inventarios-1.0.0.war] de la aplicación web
11-Jan-2026 16:58:00.791 INFO [main] org.apache.jasper.servlet.TldScanner.scanJars Al menos un JAR, que se ha explorado buscando TLDs, aún no contenía TLDs. Activar historial de depuración para este historiador para una completa lista de los JARs que fueron explorados y de los que nos se halló TLDs. Saltarse JARs no necesarios durante la exploración puede dar lugar a una mejora de tiempo significativa en el arranque y compilación de JSP .
11-Jan-2026 16:58:00.824 INFO [main] org.apache.catalina.startup.HostConfig.deployWAR Deployment of web application archive [D:\Documentos\Programacion_Luis\KrakeDev\Servidor Web II\apache-tomcat-9.0.112\webapps\inventarios-1.0.0.war] has finished in [7.688] ms
11-Jan-2026 16:58:00.825 INFO [main] org.apache.catalina.startup.HostConfig.deployDirectory Desplegando el directorio [D:\Documentos\Programacion_Luis\KrakeDev\Servidor Web II\apache-tomcat-9.0.112\webapps\docs] de la aplicación web
11-Jan-2026 16:58:01.136 INFO [main] org.apache.jasper.servlet.TldScanner.scanJars Al menos un JAR, que se ha explorado buscando TLDs, aún no contenía TLDs. Activar historial de depuración para este historiador para una completa lista de los JARs que fueron explorados y de los que nos se halló TLDs. Saltarse JARs no necesarios durante la exploración puede dar lugar a una mejora de tiempo significativa en el arranque y compilación de JSP .
11-Jan-2026 16:58:01.139 INFO [main] org.apache.catalina.startup.HostConfig.deployDirectory Deployment of web application directory [D:\Documentos\Programacion_Luis\KrakeDev\Servidor Web II\apache-tomcat-9.0.112\webapps\docs] has finished in [314] ms
11-Jan-2026 16:58:01.139 INFO [main] org.apache.catalina.startup.HostConfig.deployDirectory Desplegando el directorio [D:\Documentos\Programacion_Luis\KrakeDev\Servidor Web II\apache-tomcat-9.0.112\webapps\examples] de la aplicación web
11-Jan-2026 16:58:02.949 INFO [main] org.apache.jasper.servlet.TldScanner.scanJars Al menos un JAR, que se ha explorado buscando TLDs, aún no contenía TLDs. Activar historial de depuración para este historiador para una completa lista de los JARs que fueron explorados y de los que nos se halló TLDs. Saltarse JARs no necesarios durante la exploración puede dar lugar a una mejora de tiempo significativa en el arranque y compilación de JSP .
11-Jan-2026 16:58:03.076 INFO [main] org.apache.catalina.startup.HostConfig.deployDirectory Deployment of web application directory [D:\Documentos\Programacion_Luis\KrakeDev\Servidor Web II\apache-tomcat-9.0.112\webapps\examples] has finished in [1.937] ms
11-Jan-2026 16:58:03.077 INFO [main] org.apache.catalina.startup.HostConfig.deployDirectory Desplegando el directorio [D:\Documentos\Programacion_Luis\KrakeDev\Servidor Web II\apache-tomcat-9.0.112\webapps\host-manager] de la aplicación web
11-Jan-2026 16:58:03.403 INFO [main] org.apache.jasper.servlet.TldScanner.scanJars Al menos un JAR, que se ha explorado buscando TLDs, aún no contenía TLDs. Activar historial de depuración para este historiador para una completa lista de los JARs que fueron explorados y de los que nos se halló TLDs. Saltarse JARs no necesarios durante la exploración puede dar lugar a una mejora de tiempo significativa en el arranque y compilación de JSP .
11-Jan-2026 16:58:03.419 INFO [main] org.apache.catalina.startup.HostConfig.deployDirectory Deployment of web application directory [D:\Documentos\Programacion_Luis\KrakeDev\Servidor Web II\apache-tomcat-9.0.112\webapps\host-manager] has finished in [341] ms
11-Jan-2026 16:58:03.419 INFO [main] org.apache.catalina.startup.HostConfig.deployDirectory Desplegando el directorio [D:\Documentos\Programacion_Luis\KrakeDev\Servidor Web II\apache-tomcat-9.0.112\webapps\manager] de la aplicación web
11-Jan-2026 16:58:03.803 INFO [main] org.apache.jasper.servlet.TldScanner.scanJars Al menos un JAR, que se ha explorado buscando TLDs, aún no contenía TLDs. Activar historial de depuración para este historiador para una completa lista de los JARs que fueron explorados y de los que nos se halló TLDs. Saltarse JARs no necesarios durante la exploración puede dar lugar a una mejora de tiempo significativa en el arranque y compilación de JSP .
11-Jan-2026 16:58:03.811 INFO [main] org.apache.catalina.startup.HostConfig.deployDirectory Deployment of web application directory [D:\Documentos\Programacion_Luis\KrakeDev\Servidor Web II\apache-tomcat-9.0.112\webapps\manager] has finished in [391] ms
11-Jan-2026 16:58:03.811 INFO [main] org.apache.catalina.startup.HostConfig.deployDirectory Desplegando el directorio [D:\Documentos\Programacion_Luis\KrakeDev\Servidor Web II\apache-tomcat-9.0.112\webapps\ROOT] de la aplicación web
11-Jan-2026 16:58:04.093 INFO [main] org.apache.jasper.servlet.TldScanner.scanJars Al menos un JAR, que se ha explorado buscando TLDs, aún no contenía TLDs. Activar historial de depuración para este historiador para una completa lista de los JARs que fueron explorados y de los que nos se halló TLDs. Saltarse JARs no necesarios durante la exploración puede dar lugar a una mejora de tiempo significativa en el arranque y compilación de JSP .
11-Jan-2026 16:58:04.100 INFO [main] org.apache.catalina.startup.HostConfig.deployDirectory Deployment of web application directory [D:\Documentos\Programacion_Luis\KrakeDev\Servidor Web II\apache-tomcat-9.0.112\webapps\ROOT] has finished in [288] ms
11-Jan-2026 16:58:04.109 INFO [main] org.apache.coyote.AbstractProtocol.start Starting ProtocolHandler ["http-nio-8080"]
11-Jan-2026 16:58:04.223 INFO [main] org.apache.catalina.startup.Catalina.start Server startup in [44014] milliseconds
11-Jan-2026 17:03:44.577 INFO [Catalina-utility-2] org.apache.catalina.startup.HostConfig.undeploy Repliegue (undeploy) de la aplicación web que tiene como trayectoria de contexto []
11-Jan-2026 17:03:44.681 INFO [Catalina-utility-2] org.apache.catalina.startup.HostConfig.undeploy Repliegue (undeploy) de la aplicación web que tiene como trayectoria de contexto [/ejemploweb]
11-Jan-2026 17:03:44.719 INFO [Catalina-utility-2] org.apache.catalina.startup.HostConfig.undeploy Repliegue (undeploy) de la aplicación web que tiene como trayectoria de contexto [/evaluacionfinal]
11-Jan-2026 17:03:44.841 INFO [Catalina-utility-2] org.apache.catalina.startup.HostConfig.undeploy Repliegue (undeploy) de la aplicación web que tiene como trayectoria de contexto [/examples]
11-Jan-2026 17:03:44.854 INFO [Catalina-utility-2] org.apache.catalina.startup.HostConfig.undeploy Repliegue (undeploy) de la aplicación web que tiene como trayectoria de contexto [/host-manager]
11-Jan-2026 17:03:44.862 INFO [Catalina-utility-2] org.apache.catalina.startup.HostConfig.undeploy Repliegue (undeploy) de la aplicación web que tiene como trayectoria de contexto [/inventario]
11-Jan-2026 17:03:44.892 INFO [Catalina-utility-2] org.apache.catalina.startup.HostConfig.undeploy Repliegue (undeploy) de la aplicación web que tiene como trayectoria de contexto [/inventarios-1.0.0]
11-Jan-2026 17:03:44.925 INFO [Catalina-utility-2] org.apache.catalina.startup.HostConfig.undeploy Repliegue (undeploy) de la aplicación web que tiene como trayectoria de contexto [/manager]
11-Jan-2026 17:03:45.042 INFO [Catalina-utility-2] org.apache.catalina.startup.HostConfig.undeploy Repliegue (undeploy) de la aplicación web que tiene como trayectoria de contexto [/docs]
11-Jan-2026 17:03:45.054 INFO [Catalina-utility-2] org.apache.catalina.startup.HostConfig.deployWAR Despliegue del archivo [D:\Documentos\Programacion_Luis\KrakeDev\Servidor Web II\apache-tomcat-9.0.112\webapps\ejemploweb.war] de la aplicación web
11-Jan-2026 17:03:46.860 INFO [Catalina-utility-2] org.apache.jasper.servlet.TldScanner.scanJars Al menos un JAR, que se ha explorado buscando TLDs, aún no contenía TLDs. Activar historial de depuración para este historiador para una completa lista de los JARs que fueron explorados y de los que nos se halló TLDs. Saltarse JARs no necesarios durante la exploración puede dar lugar a una mejora de tiempo significativa en el arranque y compilación de JSP .
11-Jan-2026 17:03:48.545 INFO [Catalina-utility-2] org.apache.catalina.startup.HostConfig.deployWAR Deployment of web application archive [D:\Documentos\Programacion_Luis\KrakeDev\Servidor Web II\apache-tomcat-9.0.112\webapps\ejemploweb.war] has finished in [3.491] ms
11-Jan-2026 17:03:48.547 INFO [Catalina-utility-2] org.apache.catalina.startup.HostConfig.deployWAR Despliegue del archivo [D:\Documentos\Programacion_Luis\KrakeDev\Servidor Web II\apache-tomcat-9.0.112\webapps\evaluacionfinal.war] de la aplicación web
11-Jan-2026 17:03:50.029 INFO [Catalina-utility-2] org.apache.jasper.servlet.TldScanner.scanJars Al menos un JAR, que se ha explorado buscando TLDs, aún no contenía TLDs. Activar historial de depuración para este historiador para una completa lista de los JARs que fueron explorados y de los que nos se halló TLDs. Saltarse JARs no necesarios durante la exploración puede dar lugar a una mejora de tiempo significativa en el arranque y compilación de JSP .
11-Jan-2026 17:03:51.464 INFO [Catalina-utility-2] org.apache.catalina.startup.HostConfig.deployWAR Deployment of web application archive [D:\Documentos\Programacion_Luis\KrakeDev\Servidor Web II\apache-tomcat-9.0.112\webapps\evaluacionfinal.war] has finished in [2.916] ms
11-Jan-2026 17:03:51.466 INFO [Catalina-utility-2] org.apache.catalina.startup.HostConfig.deployWAR Despliegue del archivo [D:\Documentos\Programacion_Luis\KrakeDev\Servidor Web II\apache-tomcat-9.0.112\webapps\inventario.war] de la aplicación web
11-Jan-2026 17:03:53.057 INFO [Catalina-utility-2] org.apache.jasper.servlet.TldScanner.scanJars Al menos un JAR, que se ha explorado buscando TLDs, aún no contenía TLDs. Activar historial de depuración para este historiador para una completa lista de los JARs que fueron explorados y de los que nos se halló TLDs. Saltarse JARs no necesarios durante la exploración puede dar lugar a una mejora de tiempo significativa en el arranque y compilación de JSP .
11-Jan-2026 17:03:54.694 INFO [Catalina-utility-2] org.apache.catalina.startup.HostConfig.deployWAR Deployment of web application archive [D:\Documentos\Programacion_Luis\KrakeDev\Servidor Web II\apache-tomcat-9.0.112\webapps\inventario.war] has finished in [3.228] ms
11-Jan-2026 17:03:54.696 INFO [Catalina-utility-2] org.apache.catalina.startup.HostConfig.deployWAR Despliegue del archivo [D:\Documentos\Programacion_Luis\KrakeDev\Servidor Web II\apache-tomcat-9.0.112\webapps\inventarios-1.0.0.war] de la aplicación web
11-Jan-2026 17:03:56.375 INFO [Catalina-utility-2] org.apache.jasper.servlet.TldScanner.scanJars Al menos un JAR, que se ha explorado buscando TLDs, aún no contenía TLDs. Activar historial de depuración para este historiador para una completa lista de los JARs que fueron explorados y de los que nos se halló TLDs. Saltarse JARs no necesarios durante la exploración puede dar lugar a una mejora de tiempo significativa en el arranque y compilación de JSP .
11-Jan-2026 17:03:56.404 INFO [Catalina-utility-2] org.apache.catalina.startup.HostConfig.deployWAR Deployment of web application archive [D:\Documentos\Programacion_Luis\KrakeDev\Servidor Web II\apache-tomcat-9.0.112\webapps\inventarios-1.0.0.war] has finished in [1.707] ms
11-Jan-2026 17:03:56.404 INFO [Catalina-utility-2] org.apache.catalina.startup.HostConfig.deployDirectory Desplegando el directorio [D:\Documentos\Programacion_Luis\KrakeDev\Servidor Web II\apache-tomcat-9.0.112\webapps\docs] de la aplicación web
11-Jan-2026 17:03:56.636 INFO [Catalina-utility-2] org.apache.jasper.servlet.TldScanner.scanJars Al menos un JAR, que se ha explorado buscando TLDs, aún no contenía TLDs. Activar historial de depuración para este historiador para una completa lista de los JARs que fueron explorados y de los que nos se halló TLDs. Saltarse JARs no necesarios durante la exploración puede dar lugar a una mejora de tiempo significativa en el arranque y compilación de JSP .
11-Jan-2026 17:03:56.640 INFO [Catalina-utility-2] org.apache.catalina.startup.HostConfig.deployDirectory Deployment of web application directory [D:\Documentos\Programacion_Luis\KrakeDev\Servidor Web II\apache-tomcat-9.0.112\webapps\docs] has finished in [236] ms
11-Jan-2026 17:03:56.641 INFO [Catalina-utility-2] org.apache.catalina.startup.HostConfig.deployDirectory Desplegando el directorio [D:\Documentos\Programacion_Luis\KrakeDev\Servidor Web II\apache-tomcat-9.0.112\webapps\examples] de la aplicación web
11-Jan-2026 17:03:57.322 INFO [Catalina-utility-2] org.apache.jasper.servlet.TldScanner.scanJars Al menos un JAR, que se ha explorado buscando TLDs, aún no contenía TLDs. Activar historial de depuración para este historiador para una completa lista de los JARs que fueron explorados y de los que nos se halló TLDs. Saltarse JARs no necesarios durante la exploración puede dar lugar a una mejora de tiempo significativa en el arranque y compilación de JSP .
11-Jan-2026 17:03:57.381 INFO [Catalina-utility-2] org.apache.catalina.startup.HostConfig.deployDirectory Deployment of web application directory [D:\Documentos\Programacion_Luis\KrakeDev\Servidor Web II\apache-tomcat-9.0.112\webapps\examples] has finished in [740] ms
11-Jan-2026 17:03:57.383 INFO [Catalina-utility-2] org.apache.catalina.startup.HostConfig.deployDirectory Desplegando el directorio [D:\Documentos\Programacion_Luis\KrakeDev\Servidor Web II\apache-tomcat-9.0.112\webapps\host-manager] de la aplicación web
11-Jan-2026 17:03:57.650 INFO [Catalina-utility-2] org.apache.jasper.servlet.TldScanner.scanJars Al menos un JAR, que se ha explorado buscando TLDs, aún no contenía TLDs. Activar historial de depuración para este historiador para una completa lista de los JARs que fueron explorados y de los que nos se halló TLDs. Saltarse JARs no necesarios durante la exploración puede dar lugar a una mejora de tiempo significativa en el arranque y compilación de JSP .
11-Jan-2026 17:03:57.656 INFO [Catalina-utility-2] org.apache.catalina.startup.HostConfig.deployDirectory Deployment of web application directory [D:\Documentos\Programacion_Luis\KrakeDev\Servidor Web II\apache-tomcat-9.0.112\webapps\host-manager] has finished in [272] ms
11-Jan-2026 17:03:57.656 INFO [Catalina-utility-2] org.apache.catalina.startup.HostConfig.deployDirectory Desplegando el directorio [D:\Documentos\Programacion_Luis\KrakeDev\Servidor Web II\apache-tomcat-9.0.112\webapps\manager] de la aplicación web
11-Jan-2026 17:03:57.917 INFO [Catalina-utility-2] org.apache.jasper.servlet.TldScanner.scanJars Al menos un JAR, que se ha explorado buscando TLDs, aún no contenía TLDs. Activar historial de depuración para este historiador para una completa lista de los JARs que fueron explorados y de los que nos se halló TLDs. Saltarse JARs no necesarios durante la exploración puede dar lugar a una mejora de tiempo significativa en el arranque y compilación de JSP .
11-Jan-2026 17:03:57.924 INFO [Catalina-utility-2] org.apache.catalina.startup.HostConfig.deployDirectory Deployment of web application directory [D:\Documentos\Programacion_Luis\KrakeDev\Servidor Web II\apache-tomcat-9.0.112\webapps\manager] has finished in [267] ms
11-Jan-2026 17:03:57.924 INFO [Catalina-utility-2] org.apache.catalina.startup.HostConfig.deployDirectory Desplegando el directorio [D:\Documentos\Programacion_Luis\KrakeDev\Servidor Web II\apache-tomcat-9.0.112\webapps\ROOT] de la aplicación web
11-Jan-2026 17:03:58.154 INFO [Catalina-utility-2] org.apache.jasper.servlet.TldScanner.scanJars Al menos un JAR, que se ha explorado buscando TLDs, aún no contenía TLDs. Activar historial de depuración para este historiador para una completa lista de los JARs que fueron explorados y de los que nos se halló TLDs. Saltarse JARs no necesarios durante la exploración puede dar lugar a una mejora de tiempo significativa en el arranque y compilación de JSP .
11-Jan-2026 17:03:58.158 INFO [Catalina-utility-2] org.apache.catalina.startup.HostConfig.deployDirectory Deployment of web application directory [D:\Documentos\Programacion_Luis\KrakeDev\Servidor Web II\apache-tomcat-9.0.112\webapps\ROOT] has finished in [234] ms
11-Jan-2026 17:04:38.197 INFO [Catalina-utility-1] org.apache.catalina.startup.HostConfig.undeploy Repliegue (undeploy) de la aplicación web que tiene como trayectoria de contexto [/inventarios-1.0.0]
11-Jan-2026 17:04:38.241 INFO [Catalina-utility-1] org.apache.catalina.startup.HostConfig.deployWAR Despliegue del archivo [D:\Documentos\Programacion_Luis\KrakeDev\Servidor Web II\apache-tomcat-9.0.112\webapps\inventarios-1.0.0.war] de la aplicación web
11-Jan-2026 17:04:44.742 INFO [Catalina-utility-1] org.apache.jasper.servlet.TldScanner.scanJars Al menos un JAR, que se ha explorado buscando TLDs, aún no contenía TLDs. Activar historial de depuración para este historiador para una completa lista de los JARs que fueron explorados y de los que nos se halló TLDs. Saltarse JARs no necesarios durante la exploración puede dar lugar a una mejora de tiempo significativa en el arranque y compilación de JSP .
11-Jan-2026 17:04:44.776 INFO [Catalina-utility-1] org.apache.catalina.startup.HostConfig.deployWAR Deployment of web application archive [D:\Documentos\Programacion_Luis\KrakeDev\Servidor Web II\apache-tomcat-9.0.112\webapps\inventarios-1.0.0.war] has finished in [6.535] ms
11-Jan-2026 17:05:26.499 INFO [main] org.apache.catalina.startup.VersionLoggerListener.log Nombre de la versión del servidor: Apache Tomcat/9.0.112
11-Jan-2026 17:05:26.501 INFO [main] org.apache.catalina.startup.VersionLoggerListener.log Server built:                      Nov 6 2025 07:46:18 UTC
11-Jan-2026 17:05:26.502 INFO [main] org.apache.catalina.startup.VersionLoggerListener.log Número de versión de servidor:     9.0.112.0
11-Jan-2026 17:05:26.502 INFO [main] org.apache.catalina.startup.VersionLoggerListener.log OS Name:                           Windows 11
11-Jan-2026 17:05:26.502 INFO [main] org.apache.catalina.startup.VersionLoggerListener.log Versión de Systema Operativo:      10.0
11-Jan-2026 17:05:26.502 INFO [main] org.apache.catalina.startup.VersionLoggerListener.log Arquitectura:                      amd64
11-Jan-2026 17:05:26.502 INFO [main] org.apache.catalina.startup.VersionLoggerListener.log Java Home:                         C:\Program Files\Java\jdk-25
11-Jan-2026 17:05:26.502 INFO [main] org.apache.catalina.startup.VersionLoggerListener.log JVM Version:                       25.0.1+8-LTS-27
11-Jan-2026 17:05:26.502 INFO [main] org.apache.catalina.startup.VersionLoggerListener.log Vededor JVM:                       Oracle Corporation
11-Jan-2026 17:05:26.504 INFO [main] org.apache.catalina.startup.VersionLoggerListener.log CATALINA_BASE:                     D:\Documentos\Programacion_Luis\KrakeDev\Servidor Web II\apache-tomcat-9.0.112
11-Jan-2026 17:05:26.504 INFO [main] org.apache.catalina.startup.VersionLoggerListener.log CATALINA_HOME:                     D:\Documentos\Programacion_Luis\KrakeDev\Servidor Web II\apache-tomcat-9.0.112
11-Jan-2026 17:05:26.508 INFO [main] org.apache.catalina.startup.VersionLoggerListener.log Command line argument:             --add-opens=java.base/java.lang=ALL-UNNAMED
11-Jan-2026 17:05:26.510 INFO [main] org.apache.catalina.startup.VersionLoggerListener.log Command line argument:             --add-opens=java.base/java.lang.invoke=ALL-UNNAMED
11-Jan-2026 17:05:26.510 INFO [main] org.apache.catalina.startup.VersionLoggerListener.log Command line argument:             --add-opens=java.base/java.lang.reflect=ALL-UNNAMED
11-Jan-2026 17:05:26.510 INFO [main] org.apache.catalina.startup.VersionLoggerListener.log Command line argument:             --add-opens=java.base/java.io=ALL-UNNAMED
11-Jan-2026 17:05:26.510 INFO [main] org.apache.catalina.startup.VersionLoggerListener.log Command line argument:             --add-opens=java.base/java.util=ALL-UNNAMED
11-Jan-2026 17:05:26.510 INFO [main] org.apache.catalina.startup.VersionLoggerListener.log Command line argument:             --add-opens=java.base/java.util.concurrent=ALL-UNNAMED
11-Jan-2026 17:05:26.510 INFO [main] org.apache.catalina.startup.VersionLoggerListener.log Command line argument:             --add-opens=java.rmi/sun.rmi.transport=ALL-UNNAMED
11-Jan-2026 17:05:26.512 INFO [main] org.apache.catalina.startup.VersionLoggerListener.log Command line argument:             -Djava.util.logging.config.file=D:\Documentos\Programacion_Luis\KrakeDev\Servidor Web II\apache-tomcat-9.0.112\conf\logging.properties
11-Jan-2026 17:05:26.512 INFO [main] org.apache.catalina.startup.VersionLoggerListener.log Command line argument:             -Djava.util.logging.manager=org.apache.juli.ClassLoaderLogManager
11-Jan-2026 17:05:26.512 INFO [main] org.apache.catalina.startup.VersionLoggerListener.log Command line argument:             -Djdk.tls.ephemeralDHKeySize=2048
11-Jan-2026 17:05:26.512 INFO [main] org.apache.catalina.startup.VersionLoggerListener.log Command line argument:             -Djava.protocol.handler.pkgs=org.apache.catalina.webresources
11-Jan-2026 17:05:26.512 INFO [main] org.apache.catalina.startup.VersionLoggerListener.log Command line argument:             -Dsun.io.useCanonCaches=false
11-Jan-2026 17:05:26.512 INFO [main] org.apache.catalina.startup.VersionLoggerListener.log Command line argument:             -Dignore.endorsed.dirs=
11-Jan-2026 17:05:26.512 INFO [main] org.apache.catalina.startup.VersionLoggerListener.log Command line argument:             -Dcatalina.base=D:\Documentos\Programacion_Luis\KrakeDev\Servidor Web II\apache-tomcat-9.0.112
11-Jan-2026 17:05:26.512 INFO [main] org.apache.catalina.startup.VersionLoggerListener.log Command line argument:             -Dcatalina.home=D:\Documentos\Programacion_Luis\KrakeDev\Servidor Web II\apache-tomcat-9.0.112
11-Jan-2026 17:05:26.513 INFO [main] org.apache.catalina.startup.VersionLoggerListener.log Command line argument:             -Djava.io.tmpdir=D:\Documentos\Programacion_Luis\KrakeDev\Servidor Web II\apache-tomcat-9.0.112\temp
11-Jan-2026 17:05:26.516 INFO [main] org.apache.catalina.core.AprLifecycleListener.lifecycleEvent Cargada la biblioteca nativa APR de Apache Tomcat [1.3.1] con la versión APR [1.7.4].
11-Jan-2026 17:05:26.518 INFO [main] org.apache.catalina.core.AprLifecycleListener.lifecycleEvent Capacidades APR: IPv6 [true], enviar fichero [true], aceptar filtros [false], aleatorio [true], UDS [true].
11-Jan-2026 17:05:26.518 INFO [main] org.apache.catalina.core.AprLifecycleListener.lifecycleEvent APR/OpenSSL configuration: useAprConnector [false], useOpenSSL [true]
11-Jan-2026 17:05:26.523 INFO [main] org.apache.catalina.core.AprLifecycleListener.initializeSSL OpenSSL inicializado correctamente [OpenSSL 3.0.14 4 Jun 2024]
11-Jan-2026 17:05:26.792 INFO [main] org.apache.coyote.AbstractProtocol.init Inicializando el manejador de protocolo ["http-nio-8080"]

11-Jan-2026 17:05:26.816 INFO [main] org.apache.catalina.startup.Catalina.load Server initialization in [475] milliseconds
11-Jan-2026 17:05:26.841 WARNING [main] java.util.ArrayList.forEach Name = ConexionInventario Property maxActive is not used in DBCP2, use maxTotal instead. maxTotal default value is 8. You have set value of "100" for "maxActive" property, which is being ignored.
11-Jan-2026 17:05:26.842 WARNING [main] java.util.ArrayList.forEach Name = ConexionInventario Property maxWait is not used in DBCP2 , use maxWaitMillis instead. maxWaitMillis default value is PT-0.001S. You have set value of "10000" for "maxWait" property, which is being ignored.
11-Jan-2026 17:05:26.843 INFO [main] java.util.ArrayList.forEach Name = ConexionInventario Ignoring unknown property: value of "jdbc/ConexionInventario" for "global" property
11-Jan-2026 17:05:26.875 WARNING [main] java.util.ArrayList.forEach Name = ConexionPG Property maxActive is not used in DBCP2, use maxTotal instead. maxTotal default value is 8. You have set value of "100" for "maxActive" property, which is being ignored.
11-Jan-2026 17:05:26.875 WARNING [main] java.util.ArrayList.forEach Name = ConexionPG Property maxWait is not used in DBCP2 , use maxWaitMillis instead. maxWaitMillis default value is PT-0.001S. You have set value of "10000" for "maxWait" property, which is being ignored.
11-Jan-2026 17:05:26.875 INFO [main] java.util.ArrayList.forEach Name = ConexionPG Ignoring unknown property: value of "jdbc/ConexionPG" for "global" property
11-Jan-2026 17:05:26.896 INFO [main] org.apache.catalina.core.StandardService.startInternal Arrancando servicio [Catalina]
11-Jan-2026 17:05:26.896 INFO [main] org.apache.catalina.core.StandardEngine.startInternal Starting Servlet engine: [Apache Tomcat/9.0.112]
11-Jan-2026 17:05:26.908 INFO [main] org.apache.catalina.startup.HostConfig.deployWAR Despliegue del archivo [D:\Documentos\Programacion_Luis\KrakeDev\Servidor Web II\apache-tomcat-9.0.112\webapps\ejemploweb.war] de la aplicación web
11-Jan-2026 17:05:27.830 INFO [main] org.apache.jasper.servlet.TldScanner.scanJars Al menos un JAR, que se ha explorado buscando TLDs, aún no contenía TLDs. Activar historial de depuración para este historiador para una completa lista de los JARs que fueron explorados y de los que nos se halló TLDs. Saltarse JARs no necesarios durante la exploración puede dar lugar a una mejora de tiempo significativa en el arranque y compilación de JSP .
11-Jan-2026 17:05:28.518 INFO [main] org.apache.catalina.startup.HostConfig.deployWAR Deployment of web application archive [D:\Documentos\Programacion_Luis\KrakeDev\Servidor Web II\apache-tomcat-9.0.112\webapps\ejemploweb.war] has finished in [1.608] ms
11-Jan-2026 17:05:28.521 INFO [main] org.apache.catalina.startup.HostConfig.deployWAR Despliegue del archivo [D:\Documentos\Programacion_Luis\KrakeDev\Servidor Web II\apache-tomcat-9.0.112\webapps\evaluacionfinal.war] de la aplicación web
11-Jan-2026 17:05:29.124 INFO [main] org.apache.jasper.servlet.TldScanner.scanJars Al menos un JAR, que se ha explorado buscando TLDs, aún no contenía TLDs. Activar historial de depuración para este historiador para una completa lista de los JARs que fueron explorados y de los que nos se halló TLDs. Saltarse JARs no necesarios durante la exploración puede dar lugar a una mejora de tiempo significativa en el arranque y compilación de JSP .
11-Jan-2026 17:05:29.734 INFO [main] org.apache.catalina.startup.HostConfig.deployWAR Deployment of web application archive [D:\Documentos\Programacion_Luis\KrakeDev\Servidor Web II\apache-tomcat-9.0.112\webapps\evaluacionfinal.war] has finished in [1.214] ms
11-Jan-2026 17:05:29.736 INFO [main] org.apache.catalina.startup.HostConfig.deployWAR Despliegue del archivo [D:\Documentos\Programacion_Luis\KrakeDev\Servidor Web II\apache-tomcat-9.0.112\webapps\inventario.war] de la aplicación web
11-Jan-2026 17:05:30.272 INFO [main] org.apache.jasper.servlet.TldScanner.scanJars Al menos un JAR, que se ha explorado buscando TLDs, aún no contenía TLDs. Activar historial de depuración para este historiador para una completa lista de los JARs que fueron explorados y de los que nos se halló TLDs. Saltarse JARs no necesarios durante la exploración puede dar lugar a una mejora de tiempo significativa en el arranque y compilación de JSP .
11-Jan-2026 17:05:30.752 INFO [main] org.apache.catalina.startup.HostConfig.deployWAR Deployment of web application archive [D:\Documentos\Programacion_Luis\KrakeDev\Servidor Web II\apache-tomcat-9.0.112\webapps\inventario.war] has finished in [1.015] ms
11-Jan-2026 17:05:30.752 INFO [main] org.apache.catalina.startup.HostConfig.deployWAR Despliegue del archivo [D:\Documentos\Programacion_Luis\KrakeDev\Servidor Web II\apache-tomcat-9.0.112\webapps\inventarios-1.0.0.war] de la aplicación web
11-Jan-2026 17:05:31.258 INFO [main] org.apache.jasper.servlet.TldScanner.scanJars Al menos un JAR, que se ha explorado buscando TLDs, aún no contenía TLDs. Activar historial de depuración para este historiador para una completa lista de los JARs que fueron explorados y de los que nos se halló TLDs. Saltarse JARs no necesarios durante la exploración puede dar lugar a una mejora de tiempo significativa en el arranque y compilación de JSP .
11-Jan-2026 17:05:31.268 INFO [main] org.apache.catalina.startup.HostConfig.deployWAR Deployment of web application archive [D:\Documentos\Programacion_Luis\KrakeDev\Servidor Web II\apache-tomcat-9.0.112\webapps\inventarios-1.0.0.war] has finished in [516] ms
11-Jan-2026 17:05:31.268 INFO [main] org.apache.catalina.startup.HostConfig.deployDirectory Desplegando el directorio [D:\Documentos\Programacion_Luis\KrakeDev\Servidor Web II\apache-tomcat-9.0.112\webapps\docs] de la aplicación web
11-Jan-2026 17:05:31.345 INFO [main] org.apache.jasper.servlet.TldScanner.scanJars Al menos un JAR, que se ha explorado buscando TLDs, aún no contenía TLDs. Activar historial de depuración para este historiador para una completa lista de los JARs que fueron explorados y de los que nos se halló TLDs. Saltarse JARs no necesarios durante la exploración puede dar lugar a una mejora de tiempo significativa en el arranque y compilación de JSP .
11-Jan-2026 17:05:31.347 INFO [main] org.apache.catalina.startup.HostConfig.deployDirectory Deployment of web application directory [D:\Documentos\Programacion_Luis\KrakeDev\Servidor Web II\apache-tomcat-9.0.112\webapps\docs] has finished in [79] ms
11-Jan-2026 17:05:31.347 INFO [main] org.apache.catalina.startup.HostConfig.deployDirectory Desplegando el directorio [D:\Documentos\Programacion_Luis\KrakeDev\Servidor Web II\apache-tomcat-9.0.112\webapps\examples] de la aplicación web
11-Jan-2026 17:05:31.606 INFO [main] org.apache.jasper.servlet.TldScanner.scanJars Al menos un JAR, que se ha explorado buscando TLDs, aún no contenía TLDs. Activar historial de depuración para este historiador para una completa lista de los JARs que fueron explorados y de los que nos se halló TLDs. Saltarse JARs no necesarios durante la exploración puede dar lugar a una mejora de tiempo significativa en el arranque y compilación de JSP .
11-Jan-2026 17:05:31.659 INFO [main] org.apache.catalina.startup.HostConfig.deployDirectory Deployment of web application directory [D:\Documentos\Programacion_Luis\KrakeDev\Servidor Web II\apache-tomcat-9.0.112\webapps\examples] has finished in [312] ms
11-Jan-2026 17:05:31.660 INFO [main] org.apache.catalina.startup.HostConfig.deployDirectory Desplegando el directorio [D:\Documentos\Programacion_Luis\KrakeDev\Servidor Web II\apache-tomcat-9.0.112\webapps\host-manager] de la aplicación web
11-Jan-2026 17:05:31.748 INFO [main] org.apache.jasper.servlet.TldScanner.scanJars Al menos un JAR, que se ha explorado buscando TLDs, aún no contenía TLDs. Activar historial de depuración para este historiador para una completa lista de los JARs que fueron explorados y de los que nos se halló TLDs. Saltarse JARs no necesarios durante la exploración puede dar lugar a una mejora de tiempo significativa en el arranque y compilación de JSP .
11-Jan-2026 17:05:31.754 INFO [main] org.apache.catalina.startup.HostConfig.deployDirectory Deployment of web application directory [D:\Documentos\Programacion_Luis\KrakeDev\Servidor Web II\apache-tomcat-9.0.112\webapps\host-manager] has finished in [93] ms
11-Jan-2026 17:05:31.754 INFO [main] org.apache.catalina.startup.HostConfig.deployDirectory Desplegando el directorio [D:\Documentos\Programacion_Luis\KrakeDev\Servidor Web II\apache-tomcat-9.0.112\webapps\manager] de la aplicación web
11-Jan-2026 17:05:31.835 INFO [main] org.apache.jasper.servlet.TldScanner.scanJars Al menos un JAR, que se ha explorado buscando TLDs, aún no contenía TLDs. Activar historial de depuración para este historiador para una completa lista de los JARs que fueron explorados y de los que nos se halló TLDs. Saltarse JARs no necesarios durante la exploración puede dar lugar a una mejora de tiempo significativa en el arranque y compilación de JSP .
11-Jan-2026 17:05:31.837 INFO [main] org.apache.catalina.startup.HostConfig.deployDirectory Deployment of web application directory [D:\Documentos\Programacion_Luis\KrakeDev\Servidor Web II\apache-tomcat-9.0.112\webapps\manager] has finished in [83] ms
11-Jan-2026 17:05:31.837 INFO [main] org.apache.catalina.startup.HostConfig.deployDirectory Desplegando el directorio [D:\Documentos\Programacion_Luis\KrakeDev\Servidor Web II\apache-tomcat-9.0.112\webapps\ROOT] de la aplicación web
11-Jan-2026 17:05:31.912 INFO [main] org.apache.jasper.servlet.TldScanner.scanJars Al menos un JAR, que se ha explorado buscando TLDs, aún no contenía TLDs. Activar historial de depuración para este historiador para una completa lista de los JARs que fueron explorados y de los que nos se halló TLDs. Saltarse JARs no necesarios durante la exploración puede dar lugar a una mejora de tiempo significativa en el arranque y compilación de JSP .
11-Jan-2026 17:05:31.914 INFO [main] org.apache.catalina.startup.HostConfig.deployDirectory Deployment of web application directory [D:\Documentos\Programacion_Luis\KrakeDev\Servidor Web II\apache-tomcat-9.0.112\webapps\ROOT] has finished in [77] ms
11-Jan-2026 17:05:31.918 INFO [main] org.apache.coyote.AbstractProtocol.start Starting ProtocolHandler ["http-nio-8080"]
11-Jan-2026 17:05:31.936 INFO [main] org.apache.catalina.startup.Catalina.start Server startup in [5118] milliseconds
11-Jan-2026 17:14:22.794 INFO [Catalina-utility-2] org.apache.catalina.startup.HostConfig.undeploy Repliegue (undeploy) de la aplicación web que tiene como trayectoria de contexto [/inventarios-1.0.0]
11-Jan-2026 17:14:25.586 INFO [main] org.apache.catalina.startup.VersionLoggerListener.log Nombre de la versión del servidor: Apache Tomcat/9.0.112
11-Jan-2026 17:14:25.590 INFO [main] org.apache.catalina.startup.VersionLoggerListener.log Server built:                      Nov 6 2025 07:46:18 UTC
11-Jan-2026 17:14:25.590 INFO [main] org.apache.catalina.startup.VersionLoggerListener.log Número de versión de servidor:     9.0.112.0
11-Jan-2026 17:14:25.590 INFO [main] org.apache.catalina.startup.VersionLoggerListener.log OS Name:                           Windows 11
11-Jan-2026 17:14:25.590 INFO [main] org.apache.catalina.startup.VersionLoggerListener.log Versión de Systema Operativo:      10.0
11-Jan-2026 17:14:25.591 INFO [main] org.apache.catalina.startup.VersionLoggerListener.log Arquitectura:                      amd64
11-Jan-2026 17:14:25.591 INFO [main] org.apache.catalina.startup.VersionLoggerListener.log Java Home:                         C:\Program Files\Java\jdk-25
11-Jan-2026 17:14:25.591 INFO [main] org.apache.catalina.startup.VersionLoggerListener.log JVM Version:                       25.0.1+8-LTS-27
11-Jan-2026 17:14:25.591 INFO [main] org.apache.catalina.startup.VersionLoggerListener.log Vededor JVM:                       Oracle Corporation
11-Jan-2026 17:14:25.591 INFO [main] org.apache.catalina.startup.VersionLoggerListener.log CATALINA_BASE:                     D:\Documentos\Programacion_Luis\KrakeDev\Servidor Web II\apache-tomcat-9.0.112
11-Jan-2026 17:14:25.592 INFO [main] org.apache.catalina.startup.VersionLoggerListener.log CATALINA_HOME:                     D:\Documentos\Programacion_Luis\KrakeDev\Servidor Web II\apache-tomcat-9.0.112
11-Jan-2026 17:14:25.599 INFO [main] org.apache.catalina.startup.VersionLoggerListener.log Command line argument:             --add-opens=java.base/java.lang=ALL-UNNAMED
11-Jan-2026 17:14:25.599 INFO [main] org.apache.catalina.startup.VersionLoggerListener.log Command line argument:             --add-opens=java.base/java.lang.invoke=ALL-UNNAMED
11-Jan-2026 17:14:25.599 INFO [main] org.apache.catalina.startup.VersionLoggerListener.log Command line argument:             --add-opens=java.base/java.lang.reflect=ALL-UNNAMED
11-Jan-2026 17:14:25.599 INFO [main] org.apache.catalina.startup.VersionLoggerListener.log Command line argument:             --add-opens=java.base/java.io=ALL-UNNAMED
11-Jan-2026 17:14:25.600 INFO [main] org.apache.catalina.startup.VersionLoggerListener.log Command line argument:             --add-opens=java.base/java.util=ALL-UNNAMED
11-Jan-2026 17:14:25.600 INFO [main] org.apache.catalina.startup.VersionLoggerListener.log Command line argument:             --add-opens=java.base/java.util.concurrent=ALL-UNNAMED
11-Jan-2026 17:14:25.600 INFO [main] org.apache.catalina.startup.VersionLoggerListener.log Command line argument:             --add-opens=java.rmi/sun.rmi.transport=ALL-UNNAMED
11-Jan-2026 17:14:25.600 INFO [main] org.apache.catalina.startup.VersionLoggerListener.log Command line argument:             -Djava.util.logging.config.file=D:\Documentos\Programacion_Luis\KrakeDev\Servidor Web II\apache-tomcat-9.0.112\conf\logging.properties
11-Jan-2026 17:14:25.600 INFO [main] org.apache.catalina.startup.VersionLoggerListener.log Command line argument:             -Djava.util.logging.manager=org.apache.juli.ClassLoaderLogManager
11-Jan-2026 17:14:25.600 INFO [main] org.apache.catalina.startup.VersionLoggerListener.log Command line argument:             -Djdk.tls.ephemeralDHKeySize=2048
11-Jan-2026 17:14:25.601 INFO [main] org.apache.catalina.startup.VersionLoggerListener.log Command line argument:             -Djava.protocol.handler.pkgs=org.apache.catalina.webresources
11-Jan-2026 17:14:25.601 INFO [main] org.apache.catalina.startup.VersionLoggerListener.log Command line argument:             -Dsun.io.useCanonCaches=false
11-Jan-2026 17:14:25.601 INFO [main] org.apache.catalina.startup.VersionLoggerListener.log Command line argument:             -Dignore.endorsed.dirs=
11-Jan-2026 17:14:25.601 INFO [main] org.apache.catalina.startup.VersionLoggerListener.log Command line argument:             -Dcatalina.base=D:\Documentos\Programacion_Luis\KrakeDev\Servidor Web II\apache-tomcat-9.0.112
11-Jan-2026 17:14:25.601 INFO [main] org.apache.catalina.startup.VersionLoggerListener.log Command line argument:             -Dcatalina.home=D:\Documentos\Programacion_Luis\KrakeDev\Servidor Web II\apache-tomcat-9.0.112
11-Jan-2026 17:14:25.601 INFO [main] org.apache.catalina.startup.VersionLoggerListener.log Command line argument:             -Djava.io.tmpdir=D:\Documentos\Programacion_Luis\KrakeDev\Servidor Web II\apache-tomcat-9.0.112\temp
11-Jan-2026 17:14:25.605 INFO [main] org.apache.catalina.core.AprLifecycleListener.lifecycleEvent Cargada la biblioteca nativa APR de Apache Tomcat [1.3.1] con la versión APR [1.7.4].
11-Jan-2026 17:14:25.605 INFO [main] org.apache.catalina.core.AprLifecycleListener.lifecycleEvent Capacidades APR: IPv6 [true], enviar fichero [true], aceptar filtros [false], aleatorio [true], UDS [true].
11-Jan-2026 17:14:25.605 INFO [main] org.apache.catalina.core.AprLifecycleListener.lifecycleEvent APR/OpenSSL configuration: useAprConnector [false], useOpenSSL [true]
11-Jan-2026 17:14:25.611 INFO [main] org.apache.catalina.core.AprLifecycleListener.initializeSSL OpenSSL inicializado correctamente [OpenSSL 3.0.14 4 Jun 2024]
11-Jan-2026 17:14:25.879 INFO [main] org.apache.coyote.AbstractProtocol.init Inicializando el manejador de protocolo ["http-nio-8080"]

11-Jan-2026 17:14:25.900 INFO [main] org.apache.catalina.startup.Catalina.load Server initialization in [481] milliseconds
11-Jan-2026 17:14:25.919 WARNING [main] java.util.ArrayList.forEach Name = ConexionInventario Property maxActive is not used in DBCP2, use maxTotal instead. maxTotal default value is 8. You have set value of "100" for "maxActive" property, which is being ignored.
11-Jan-2026 17:14:25.919 WARNING [main] java.util.ArrayList.forEach Name = ConexionInventario Property maxWait is not used in DBCP2 , use maxWaitMillis instead. maxWaitMillis default value is PT-0.001S. You have set value of "10000" for "maxWait" property, which is being ignored.
11-Jan-2026 17:14:25.920 INFO [main] java.util.ArrayList.forEach Name = ConexionInventario Ignoring unknown property: value of "jdbc/ConexionInventario" for "global" property
11-Jan-2026 17:14:25.942 WARNING [main] java.util.ArrayList.forEach Name = ConexionPG Property maxActive is not used in DBCP2, use maxTotal instead. maxTotal default value is 8. You have set value of "100" for "maxActive" property, which is being ignored.
11-Jan-2026 17:14:25.942 WARNING [main] java.util.ArrayList.forEach Name = ConexionPG Property maxWait is not used in DBCP2 , use maxWaitMillis instead. maxWaitMillis default value is PT-0.001S. You have set value of "10000" for "maxWait" property, which is being ignored.
11-Jan-2026 17:14:25.944 INFO [main] java.util.ArrayList.forEach Name = ConexionPG Ignoring unknown property: value of "jdbc/ConexionPG" for "global" property
11-Jan-2026 17:14:25.968 INFO [main] org.apache.catalina.core.StandardService.startInternal Arrancando servicio [Catalina]
11-Jan-2026 17:14:25.968 INFO [main] org.apache.catalina.core.StandardEngine.startInternal Starting Servlet engine: [Apache Tomcat/9.0.112]
11-Jan-2026 17:14:25.983 INFO [main] org.apache.catalina.startup.HostConfig.deployWAR Despliegue del archivo [D:\Documentos\Programacion_Luis\KrakeDev\Servidor Web II\apache-tomcat-9.0.112\webapps\ejemploweb.war] de la aplicación web
11-Jan-2026 17:14:26.935 INFO [main] org.apache.jasper.servlet.TldScanner.scanJars Al menos un JAR, que se ha explorado buscando TLDs, aún no contenía TLDs. Activar historial de depuración para este historiador para una completa lista de los JARs que fueron explorados y de los que nos se halló TLDs. Saltarse JARs no necesarios durante la exploración puede dar lugar a una mejora de tiempo significativa en el arranque y compilación de JSP .
11-Jan-2026 17:14:28.508 INFO [main] org.apache.catalina.startup.HostConfig.deployWAR Deployment of web application archive [D:\Documentos\Programacion_Luis\KrakeDev\Servidor Web II\apache-tomcat-9.0.112\webapps\ejemploweb.war] has finished in [2.519] ms
11-Jan-2026 17:14:28.511 INFO [main] org.apache.catalina.startup.HostConfig.deployWAR Despliegue del archivo [D:\Documentos\Programacion_Luis\KrakeDev\Servidor Web II\apache-tomcat-9.0.112\webapps\evaluacionfinal.war] de la aplicación web
11-Jan-2026 17:14:30.547 INFO [main] org.apache.jasper.servlet.TldScanner.scanJars Al menos un JAR, que se ha explorado buscando TLDs, aún no contenía TLDs. Activar historial de depuración para este historiador para una completa lista de los JARs que fueron explorados y de los que nos se halló TLDs. Saltarse JARs no necesarios durante la exploración puede dar lugar a una mejora de tiempo significativa en el arranque y compilación de JSP .
11-Jan-2026 17:14:32.474 INFO [main] org.apache.catalina.startup.HostConfig.deployWAR Deployment of web application archive [D:\Documentos\Programacion_Luis\KrakeDev\Servidor Web II\apache-tomcat-9.0.112\webapps\evaluacionfinal.war] has finished in [3.963] ms
11-Jan-2026 17:14:32.477 INFO [main] org.apache.catalina.startup.HostConfig.deployWAR Despliegue del archivo [D:\Documentos\Programacion_Luis\KrakeDev\Servidor Web II\apache-tomcat-9.0.112\webapps\inventario.war] de la aplicación web
11-Jan-2026 17:14:34.227 INFO [main] org.apache.jasper.servlet.TldScanner.scanJars Al menos un JAR, que se ha explorado buscando TLDs, aún no contenía TLDs. Activar historial de depuración para este historiador para una completa lista de los JARs que fueron explorados y de los que nos se halló TLDs. Saltarse JARs no necesarios durante la exploración puede dar lugar a una mejora de tiempo significativa en el arranque y compilación de JSP .
11-Jan-2026 17:14:35.905 INFO [main] org.apache.catalina.startup.HostConfig.deployWAR Deployment of web application archive [D:\Documentos\Programacion_Luis\KrakeDev\Servidor Web II\apache-tomcat-9.0.112\webapps\inventario.war] has finished in [3.428] ms
11-Jan-2026 17:14:35.908 INFO [main] org.apache.catalina.startup.HostConfig.deployWAR Despliegue del archivo [D:\Documentos\Programacion_Luis\KrakeDev\Servidor Web II\apache-tomcat-9.0.112\webapps\inventarios-1.0.0.war] de la aplicación web
11-Jan-2026 17:14:35.914 INFO [main] org.apache.catalina.startup.ExpandWar.expand An expanded directory [D:\Documentos\Programacion_Luis\KrakeDev\Servidor Web II\apache-tomcat-9.0.112\webapps\inventarios-1.0.0] was found with a last modified time that did not match the associated WAR. It will be deleted.
11-Jan-2026 17:14:42.574 INFO [main] org.apache.jasper.servlet.TldScanner.scanJars Al menos un JAR, que se ha explorado buscando TLDs, aún no contenía TLDs. Activar historial de depuración para este historiador para una completa lista de los JARs que fueron explorados y de los que nos se halló TLDs. Saltarse JARs no necesarios durante la exploración puede dar lugar a una mejora de tiempo significativa en el arranque y compilación de JSP .
11-Jan-2026 17:14:42.612 INFO [main] org.apache.catalina.startup.HostConfig.deployWAR Deployment of web application archive [D:\Documentos\Programacion_Luis\KrakeDev\Servidor Web II\apache-tomcat-9.0.112\webapps\inventarios-1.0.0.war] has finished in [6.703] ms
11-Jan-2026 17:14:42.614 INFO [main] org.apache.catalina.startup.HostConfig.deployDirectory Desplegando el directorio [D:\Documentos\Programacion_Luis\KrakeDev\Servidor Web II\apache-tomcat-9.0.112\webapps\docs] de la aplicación web
11-Jan-2026 17:14:42.855 INFO [main] org.apache.jasper.servlet.TldScanner.scanJars Al menos un JAR, que se ha explorado buscando TLDs, aún no contenía TLDs. Activar historial de depuración para este historiador para una completa lista de los JARs que fueron explorados y de los que nos se halló TLDs. Saltarse JARs no necesarios durante la exploración puede dar lugar a una mejora de tiempo significativa en el arranque y compilación de JSP .
11-Jan-2026 17:14:42.859 INFO [main] org.apache.catalina.startup.HostConfig.deployDirectory Deployment of web application directory [D:\Documentos\Programacion_Luis\KrakeDev\Servidor Web II\apache-tomcat-9.0.112\webapps\docs] has finished in [245] ms
11-Jan-2026 17:14:42.860 INFO [main] org.apache.catalina.startup.HostConfig.deployDirectory Desplegando el directorio [D:\Documentos\Programacion_Luis\KrakeDev\Servidor Web II\apache-tomcat-9.0.112\webapps\examples] de la aplicación web
11-Jan-2026 17:14:43.666 INFO [main] org.apache.jasper.servlet.TldScanner.scanJars Al menos un JAR, que se ha explorado buscando TLDs, aún no contenía TLDs. Activar historial de depuración para este historiador para una completa lista de los JARs que fueron explorados y de los que nos se halló TLDs. Saltarse JARs no necesarios durante la exploración puede dar lugar a una mejora de tiempo significativa en el arranque y compilación de JSP .
11-Jan-2026 17:14:43.795 INFO [main] org.apache.catalina.startup.HostConfig.deployDirectory Deployment of web application directory [D:\Documentos\Programacion_Luis\KrakeDev\Servidor Web II\apache-tomcat-9.0.112\webapps\examples] has finished in [934] ms
11-Jan-2026 17:14:43.795 INFO [main] org.apache.catalina.startup.HostConfig.deployDirectory Desplegando el directorio [D:\Documentos\Programacion_Luis\KrakeDev\Servidor Web II\apache-tomcat-9.0.112\webapps\host-manager] de la aplicación web
11-Jan-2026 17:14:44.055 INFO [main] org.apache.jasper.servlet.TldScanner.scanJars Al menos un JAR, que se ha explorado buscando TLDs, aún no contenía TLDs. Activar historial de depuración para este historiador para una completa lista de los JARs que fueron explorados y de los que nos se halló TLDs. Saltarse JARs no necesarios durante la exploración puede dar lugar a una mejora de tiempo significativa en el arranque y compilación de JSP .
11-Jan-2026 17:14:44.074 INFO [main] org.apache.catalina.startup.HostConfig.deployDirectory Deployment of web application directory [D:\Documentos\Programacion_Luis\KrakeDev\Servidor Web II\apache-tomcat-9.0.112\webapps\host-manager] has finished in [277] ms
11-Jan-2026 17:14:44.074 INFO [main] org.apache.catalina.startup.HostConfig.deployDirectory Desplegando el directorio [D:\Documentos\Programacion_Luis\KrakeDev\Servidor Web II\apache-tomcat-9.0.112\webapps\manager] de la aplicación web
11-Jan-2026 17:14:44.341 INFO [main] org.apache.jasper.servlet.TldScanner.scanJars Al menos un JAR, que se ha explorado buscando TLDs, aún no contenía TLDs. Activar historial de depuración para este historiador para una completa lista de los JARs que fueron explorados y de los que nos se halló TLDs. Saltarse JARs no necesarios durante la exploración puede dar lugar a una mejora de tiempo significativa en el arranque y compilación de JSP .
11-Jan-2026 17:14:44.347 INFO [main] org.apache.catalina.startup.HostConfig.deployDirectory Deployment of web application directory [D:\Documentos\Programacion_Luis\KrakeDev\Servidor Web II\apache-tomcat-9.0.112\webapps\manager] has finished in [272] ms
11-Jan-2026 17:14:44.347 INFO [main] org.apache.catalina.startup.HostConfig.deployDirectory Desplegando el directorio [D:\Documentos\Programacion_Luis\KrakeDev\Servidor Web II\apache-tomcat-9.0.112\webapps\ROOT] de la aplicación web
11-Jan-2026 17:14:44.594 INFO [main] org.apache.jasper.servlet.TldScanner.scanJars Al menos un JAR, que se ha explorado buscando TLDs, aún no contenía TLDs. Activar historial de depuración para este historiador para una completa lista de los JARs que fueron explorados y de los que nos se halló TLDs. Saltarse JARs no necesarios durante la exploración puede dar lugar a una mejora de tiempo significativa en el arranque y compilación de JSP .
11-Jan-2026 17:14:44.598 INFO [main] org.apache.catalina.startup.HostConfig.deployDirectory Deployment of web application directory [D:\Documentos\Programacion_Luis\KrakeDev\Servidor Web II\apache-tomcat-9.0.112\webapps\ROOT] has finished in [251] ms
11-Jan-2026 17:14:44.608 INFO [main] org.apache.coyote.AbstractProtocol.start Starting ProtocolHandler ["http-nio-8080"]
11-Jan-2026 17:14:44.663 INFO [main] org.apache.catalina.startup.Catalina.start Server startup in [18762] milliseconds
11-Jan-2026 17:15:49.547 INFO [main] org.apache.catalina.startup.VersionLoggerListener.log Nombre de la versión del servidor: Apache Tomcat/9.0.112
11-Jan-2026 17:15:49.550 INFO [main] org.apache.catalina.startup.VersionLoggerListener.log Server built:                      Nov 6 2025 07:46:18 UTC
11-Jan-2026 17:15:49.551 INFO [main] org.apache.catalina.startup.VersionLoggerListener.log Número de versión de servidor:     9.0.112.0
11-Jan-2026 17:15:49.551 INFO [main] org.apache.catalina.startup.VersionLoggerListener.log OS Name:                           Windows 11
11-Jan-2026 17:15:49.551 INFO [main] org.apache.catalina.startup.VersionLoggerListener.log Versión de Systema Operativo:      10.0
11-Jan-2026 17:15:49.551 INFO [main] org.apache.catalina.startup.VersionLoggerListener.log Arquitectura:                      amd64
11-Jan-2026 17:15:49.552 INFO [main] org.apache.catalina.startup.VersionLoggerListener.log Java Home:                         C:\Program Files\Java\jdk-25
11-Jan-2026 17:15:49.552 INFO [main] org.apache.catalina.startup.VersionLoggerListener.log JVM Version:                       25.0.1+8-LTS-27
11-Jan-2026 17:15:49.552 INFO [main] org.apache.catalina.startup.VersionLoggerListener.log Vededor JVM:                       Oracle Corporation
11-Jan-2026 17:15:49.552 INFO [main] org.apache.catalina.startup.VersionLoggerListener.log CATALINA_BASE:                     D:\Documentos\Programacion_Luis\KrakeDev\Servidor Web II\apache-tomcat-9.0.112
11-Jan-2026 17:15:49.552 INFO [main] org.apache.catalina.startup.VersionLoggerListener.log CATALINA_HOME:                     D:\Documentos\Programacion_Luis\KrakeDev\Servidor Web II\apache-tomcat-9.0.112
11-Jan-2026 17:15:49.558 INFO [main] org.apache.catalina.startup.VersionLoggerListener.log Command line argument:             --add-opens=java.base/java.lang=ALL-UNNAMED
11-Jan-2026 17:15:49.559 INFO [main] org.apache.catalina.startup.VersionLoggerListener.log Command line argument:             --add-opens=java.base/java.lang.invoke=ALL-UNNAMED
11-Jan-2026 17:15:49.559 INFO [main] org.apache.catalina.startup.VersionLoggerListener.log Command line argument:             --add-opens=java.base/java.lang.reflect=ALL-UNNAMED
11-Jan-2026 17:15:49.559 INFO [main] org.apache.catalina.startup.VersionLoggerListener.log Command line argument:             --add-opens=java.base/java.io=ALL-UNNAMED
11-Jan-2026 17:15:49.559 INFO [main] org.apache.catalina.startup.VersionLoggerListener.log Command line argument:             --add-opens=java.base/java.util=ALL-UNNAMED
11-Jan-2026 17:15:49.559 INFO [main] org.apache.catalina.startup.VersionLoggerListener.log Command line argument:             --add-opens=java.base/java.util.concurrent=ALL-UNNAMED
11-Jan-2026 17:15:49.559 INFO [main] org.apache.catalina.startup.VersionLoggerListener.log Command line argument:             --add-opens=java.rmi/sun.rmi.transport=ALL-UNNAMED
11-Jan-2026 17:15:49.560 INFO [main] org.apache.catalina.startup.VersionLoggerListener.log Command line argument:             -Djava.util.logging.config.file=D:\Documentos\Programacion_Luis\KrakeDev\Servidor Web II\apache-tomcat-9.0.112\conf\logging.properties
11-Jan-2026 17:15:49.560 INFO [main] org.apache.catalina.startup.VersionLoggerListener.log Command line argument:             -Djava.util.logging.manager=org.apache.juli.ClassLoaderLogManager
11-Jan-2026 17:15:49.560 INFO [main] org.apache.catalina.startup.VersionLoggerListener.log Command line argument:             -Djdk.tls.ephemeralDHKeySize=2048
11-Jan-2026 17:15:49.560 INFO [main] org.apache.catalina.startup.VersionLoggerListener.log Command line argument:             -Djava.protocol.handler.pkgs=org.apache.catalina.webresources
11-Jan-2026 17:15:49.560 INFO [main] org.apache.catalina.startup.VersionLoggerListener.log Command line argument:             -Dsun.io.useCanonCaches=false
11-Jan-2026 17:15:49.561 INFO [main] org.apache.catalina.startup.VersionLoggerListener.log Command line argument:             -Dignore.endorsed.dirs=
11-Jan-2026 17:15:49.561 INFO [main] org.apache.catalina.startup.VersionLoggerListener.log Command line argument:             -Dcatalina.base=D:\Documentos\Programacion_Luis\KrakeDev\Servidor Web II\apache-tomcat-9.0.112
11-Jan-2026 17:15:49.561 INFO [main] org.apache.catalina.startup.VersionLoggerListener.log Command line argument:             -Dcatalina.home=D:\Documentos\Programacion_Luis\KrakeDev\Servidor Web II\apache-tomcat-9.0.112
11-Jan-2026 17:15:49.561 INFO [main] org.apache.catalina.startup.VersionLoggerListener.log Command line argument:             -Djava.io.tmpdir=D:\Documentos\Programacion_Luis\KrakeDev\Servidor Web II\apache-tomcat-9.0.112\temp
11-Jan-2026 17:15:49.566 INFO [main] org.apache.catalina.core.AprLifecycleListener.lifecycleEvent Cargada la biblioteca nativa APR de Apache Tomcat [1.3.1] con la versión APR [1.7.4].
11-Jan-2026 17:15:49.566 INFO [main] org.apache.catalina.core.AprLifecycleListener.lifecycleEvent Capacidades APR: IPv6 [true], enviar fichero [true], aceptar filtros [false], aleatorio [true], UDS [true].
11-Jan-2026 17:15:49.566 INFO [main] org.apache.catalina.core.AprLifecycleListener.lifecycleEvent APR/OpenSSL configuration: useAprConnector [false], useOpenSSL [true]
11-Jan-2026 17:15:49.574 INFO [main] org.apache.catalina.core.AprLifecycleListener.initializeSSL OpenSSL inicializado correctamente [OpenSSL 3.0.14 4 Jun 2024]
11-Jan-2026 17:15:49.844 INFO [main] org.apache.coyote.AbstractProtocol.init Inicializando el manejador de protocolo ["http-nio-8080"]

11-Jan-2026 17:15:49.864 INFO [main] org.apache.catalina.startup.Catalina.load Server initialization in [482] milliseconds
11-Jan-2026 17:15:49.884 WARNING [main] java.util.ArrayList.forEach Name = ConexionInventario Property maxActive is not used in DBCP2, use maxTotal instead. maxTotal default value is 8. You have set value of "100" for "maxActive" property, which is being ignored.
11-Jan-2026 17:15:49.884 WARNING [main] java.util.ArrayList.forEach Name = ConexionInventario Property maxWait is not used in DBCP2 , use maxWaitMillis instead. maxWaitMillis default value is PT-0.001S. You have set value of "10000" for "maxWait" property, which is being ignored.
11-Jan-2026 17:15:49.885 INFO [main] java.util.ArrayList.forEach Name = ConexionInventario Ignoring unknown property: value of "jdbc/ConexionInventario" for "global" property
11-Jan-2026 17:15:49.909 WARNING [main] java.util.ArrayList.forEach Name = ConexionPG Property maxActive is not used in DBCP2, use maxTotal instead. maxTotal default value is 8. You have set value of "100" for "maxActive" property, which is being ignored.
11-Jan-2026 17:15:49.909 WARNING [main] java.util.ArrayList.forEach Name = ConexionPG Property maxWait is not used in DBCP2 , use maxWaitMillis instead. maxWaitMillis default value is PT-0.001S. You have set value of "10000" for "maxWait" property, which is being ignored.
11-Jan-2026 17:15:49.909 INFO [main] java.util.ArrayList.forEach Name = ConexionPG Ignoring unknown property: value of "jdbc/ConexionPG" for "global" property
11-Jan-2026 17:15:49.934 INFO [main] org.apache.catalina.core.StandardService.startInternal Arrancando servicio [Catalina]
11-Jan-2026 17:15:49.934 INFO [main] org.apache.catalina.core.StandardEngine.startInternal Starting Servlet engine: [Apache Tomcat/9.0.112]
11-Jan-2026 17:15:49.947 INFO [main] org.apache.catalina.startup.HostConfig.deployWAR Despliegue del archivo [D:\Documentos\Programacion_Luis\KrakeDev\Servidor Web II\apache-tomcat-9.0.112\webapps\ejemploweb.war] de la aplicación web
11-Jan-2026 17:15:52.778 INFO [main] org.apache.jasper.servlet.TldScanner.scanJars Al menos un JAR, que se ha explorado buscando TLDs, aún no contenía TLDs. Activar historial de depuración para este historiador para una completa lista de los JARs que fueron explorados y de los que nos se halló TLDs. Saltarse JARs no necesarios durante la exploración puede dar lugar a una mejora de tiempo significativa en el arranque y compilación de JSP .
11-Jan-2026 17:15:54.924 INFO [main] org.apache.catalina.startup.HostConfig.deployWAR Deployment of web application archive [D:\Documentos\Programacion_Luis\KrakeDev\Servidor Web II\apache-tomcat-9.0.112\webapps\ejemploweb.war] has finished in [4.971] ms
11-Jan-2026 17:15:54.927 INFO [main] org.apache.catalina.startup.HostConfig.deployWAR Despliegue del archivo [D:\Documentos\Programacion_Luis\KrakeDev\Servidor Web II\apache-tomcat-9.0.112\webapps\evaluacionfinal.war] de la aplicación web
11-Jan-2026 17:15:57.013 INFO [main] org.apache.jasper.servlet.TldScanner.scanJars Al menos un JAR, que se ha explorado buscando TLDs, aún no contenía TLDs. Activar historial de depuración para este historiador para una completa lista de los JARs que fueron explorados y de los que nos se halló TLDs. Saltarse JARs no necesarios durante la exploración puede dar lugar a una mejora de tiempo significativa en el arranque y compilación de JSP .
11-Jan-2026 17:15:58.902 INFO [main] org.apache.catalina.startup.HostConfig.deployWAR Deployment of web application archive [D:\Documentos\Programacion_Luis\KrakeDev\Servidor Web II\apache-tomcat-9.0.112\webapps\evaluacionfinal.war] has finished in [3.975] ms
11-Jan-2026 17:15:58.905 INFO [main] org.apache.catalina.startup.HostConfig.deployWAR Despliegue del archivo [D:\Documentos\Programacion_Luis\KrakeDev\Servidor Web II\apache-tomcat-9.0.112\webapps\inventario.war] de la aplicación web
11-Jan-2026 17:16:00.727 INFO [main] org.apache.jasper.servlet.TldScanner.scanJars Al menos un JAR, que se ha explorado buscando TLDs, aún no contenía TLDs. Activar historial de depuración para este historiador para una completa lista de los JARs que fueron explorados y de los que nos se halló TLDs. Saltarse JARs no necesarios durante la exploración puede dar lugar a una mejora de tiempo significativa en el arranque y compilación de JSP .
11-Jan-2026 17:16:02.362 INFO [main] org.apache.catalina.startup.HostConfig.deployWAR Deployment of web application archive [D:\Documentos\Programacion_Luis\KrakeDev\Servidor Web II\apache-tomcat-9.0.112\webapps\inventario.war] has finished in [3.456] ms
11-Jan-2026 17:16:02.364 INFO [main] org.apache.catalina.startup.HostConfig.deployWAR Despliegue del archivo [D:\Documentos\Programacion_Luis\KrakeDev\Servidor Web II\apache-tomcat-9.0.112\webapps\inventarios-1.0.0.war] de la aplicación web
11-Jan-2026 17:16:02.370 INFO [main] org.apache.catalina.startup.ExpandWar.expand An expanded directory [D:\Documentos\Programacion_Luis\KrakeDev\Servidor Web II\apache-tomcat-9.0.112\webapps\inventarios-1.0.0] was found with a last modified time that did not match the associated WAR. It will be deleted.
11-Jan-2026 17:16:08.985 INFO [main] org.apache.jasper.servlet.TldScanner.scanJars Al menos un JAR, que se ha explorado buscando TLDs, aún no contenía TLDs. Activar historial de depuración para este historiador para una completa lista de los JARs que fueron explorados y de los que nos se halló TLDs. Saltarse JARs no necesarios durante la exploración puede dar lugar a una mejora de tiempo significativa en el arranque y compilación de JSP .
11-Jan-2026 17:16:09.016 INFO [main] org.apache.catalina.startup.HostConfig.deployWAR Deployment of web application archive [D:\Documentos\Programacion_Luis\KrakeDev\Servidor Web II\apache-tomcat-9.0.112\webapps\inventarios-1.0.0.war] has finished in [6.652] ms
11-Jan-2026 17:16:09.018 INFO [main] org.apache.catalina.startup.HostConfig.deployDirectory Desplegando el directorio [D:\Documentos\Programacion_Luis\KrakeDev\Servidor Web II\apache-tomcat-9.0.112\webapps\docs] de la aplicación web
11-Jan-2026 17:16:09.283 INFO [main] org.apache.jasper.servlet.TldScanner.scanJars Al menos un JAR, que se ha explorado buscando TLDs, aún no contenía TLDs. Activar historial de depuración para este historiador para una completa lista de los JARs que fueron explorados y de los que nos se halló TLDs. Saltarse JARs no necesarios durante la exploración puede dar lugar a una mejora de tiempo significativa en el arranque y compilación de JSP .
11-Jan-2026 17:16:09.289 INFO [main] org.apache.catalina.startup.HostConfig.deployDirectory Deployment of web application directory [D:\Documentos\Programacion_Luis\KrakeDev\Servidor Web II\apache-tomcat-9.0.112\webapps\docs] has finished in [271] ms
11-Jan-2026 17:16:09.290 INFO [main] org.apache.catalina.startup.HostConfig.deployDirectory Desplegando el directorio [D:\Documentos\Programacion_Luis\KrakeDev\Servidor Web II\apache-tomcat-9.0.112\webapps\examples] de la aplicación web
11-Jan-2026 17:16:10.084 INFO [main] org.apache.jasper.servlet.TldScanner.scanJars Al menos un JAR, que se ha explorado buscando TLDs, aún no contenía TLDs. Activar historial de depuración para este historiador para una completa lista de los JARs que fueron explorados y de los que nos se halló TLDs. Saltarse JARs no necesarios durante la exploración puede dar lugar a una mejora de tiempo significativa en el arranque y compilación de JSP .
11-Jan-2026 17:16:10.199 INFO [main] org.apache.catalina.startup.HostConfig.deployDirectory Deployment of web application directory [D:\Documentos\Programacion_Luis\KrakeDev\Servidor Web II\apache-tomcat-9.0.112\webapps\examples] has finished in [908] ms
11-Jan-2026 17:16:10.201 INFO [main] org.apache.catalina.startup.HostConfig.deployDirectory Desplegando el directorio [D:\Documentos\Programacion_Luis\KrakeDev\Servidor Web II\apache-tomcat-9.0.112\webapps\host-manager] de la aplicación web
11-Jan-2026 17:16:10.484 INFO [main] org.apache.jasper.servlet.TldScanner.scanJars Al menos un JAR, que se ha explorado buscando TLDs, aún no contenía TLDs. Activar historial de depuración para este historiador para una completa lista de los JARs que fueron explorados y de los que nos se halló TLDs. Saltarse JARs no necesarios durante la exploración puede dar lugar a una mejora de tiempo significativa en el arranque y compilación de JSP .
11-Jan-2026 17:16:10.500 INFO [main] org.apache.catalina.startup.HostConfig.deployDirectory Deployment of web application directory [D:\Documentos\Programacion_Luis\KrakeDev\Servidor Web II\apache-tomcat-9.0.112\webapps\host-manager] has finished in [297] ms
11-Jan-2026 17:16:10.501 INFO [main] org.apache.catalina.startup.HostConfig.deployDirectory Desplegando el directorio [D:\Documentos\Programacion_Luis\KrakeDev\Servidor Web II\apache-tomcat-9.0.112\webapps\manager] de la aplicación web
11-Jan-2026 17:16:10.770 INFO [main] org.apache.jasper.servlet.TldScanner.scanJars Al menos un JAR, que se ha explorado buscando TLDs, aún no contenía TLDs. Activar historial de depuración para este historiador para una completa lista de los JARs que fueron explorados y de los que nos se halló TLDs. Saltarse JARs no necesarios durante la exploración puede dar lugar a una mejora de tiempo significativa en el arranque y compilación de JSP .
11-Jan-2026 17:16:10.775 INFO [main] org.apache.catalina.startup.HostConfig.deployDirectory Deployment of web application directory [D:\Documentos\Programacion_Luis\KrakeDev\Servidor Web II\apache-tomcat-9.0.112\webapps\manager] has finished in [274] ms
11-Jan-2026 17:16:10.776 INFO [main] org.apache.catalina.startup.HostConfig.deployDirectory Desplegando el directorio [D:\Documentos\Programacion_Luis\KrakeDev\Servidor Web II\apache-tomcat-9.0.112\webapps\ROOT] de la aplicación web
11-Jan-2026 17:16:11.020 INFO [main] org.apache.jasper.servlet.TldScanner.scanJars Al menos un JAR, que se ha explorado buscando TLDs, aún no contenía TLDs. Activar historial de depuración para este historiador para una completa lista de los JARs que fueron explorados y de los que nos se halló TLDs. Saltarse JARs no necesarios durante la exploración puede dar lugar a una mejora de tiempo significativa en el arranque y compilación de JSP .
11-Jan-2026 17:16:11.024 INFO [main] org.apache.catalina.startup.HostConfig.deployDirectory Deployment of web application directory [D:\Documentos\Programacion_Luis\KrakeDev\Servidor Web II\apache-tomcat-9.0.112\webapps\ROOT] has finished in [248] ms
11-Jan-2026 17:16:11.032 INFO [main] org.apache.coyote.AbstractProtocol.start Starting ProtocolHandler ["http-nio-8080"]
11-Jan-2026 17:16:11.089 INFO [main] org.apache.catalina.startup.Catalina.start Server startup in [21223] milliseconds
11-Jan-2026 17:17:51.158 INFO [Catalina-utility-2] org.apache.catalina.startup.HostConfig.undeploy Repliegue (undeploy) de la aplicación web que tiene como trayectoria de contexto [/inventarios-1.0.0]
11-Jan-2026 17:17:51.218 INFO [Catalina-utility-2] org.apache.catalina.startup.HostConfig.deployWAR Despliegue del archivo [D:\Documentos\Programacion_Luis\KrakeDev\Servidor Web II\apache-tomcat-9.0.112\webapps\inventarios-1.0.0.war] de la aplicación web
11-Jan-2026 17:17:55.423 INFO [main] org.apache.catalina.startup.VersionLoggerListener.log Nombre de la versión del servidor: Apache Tomcat/9.0.112
11-Jan-2026 17:17:55.425 INFO [main] org.apache.catalina.startup.VersionLoggerListener.log Server built:                      Nov 6 2025 07:46:18 UTC
11-Jan-2026 17:17:55.426 INFO [main] org.apache.catalina.startup.VersionLoggerListener.log Número de versión de servidor:     9.0.112.0
11-Jan-2026 17:17:55.426 INFO [main] org.apache.catalina.startup.VersionLoggerListener.log OS Name:                           Windows 11
11-Jan-2026 17:17:55.426 INFO [main] org.apache.catalina.startup.VersionLoggerListener.log Versión de Systema Operativo:      10.0
11-Jan-2026 17:17:55.426 INFO [main] org.apache.catalina.startup.VersionLoggerListener.log Arquitectura:                      amd64
11-Jan-2026 17:17:55.426 INFO [main] org.apache.catalina.startup.VersionLoggerListener.log Java Home:                         C:\Program Files\Java\jdk-25
11-Jan-2026 17:17:55.426 INFO [main] org.apache.catalina.startup.VersionLoggerListener.log JVM Version:                       25.0.1+8-LTS-27
11-Jan-2026 17:17:55.427 INFO [main] org.apache.catalina.startup.VersionLoggerListener.log Vededor JVM:                       Oracle Corporation
11-Jan-2026 17:17:55.427 INFO [main] org.apache.catalina.startup.VersionLoggerListener.log CATALINA_BASE:                     D:\Documentos\Programacion_Luis\KrakeDev\Servidor Web II\apache-tomcat-9.0.112
11-Jan-2026 17:17:55.427 INFO [main] org.apache.catalina.startup.VersionLoggerListener.log CATALINA_HOME:                     D:\Documentos\Programacion_Luis\KrakeDev\Servidor Web II\apache-tomcat-9.0.112
11-Jan-2026 17:17:55.433 INFO [main] org.apache.catalina.startup.VersionLoggerListener.log Command line argument:             --add-opens=java.base/java.lang=ALL-UNNAMED
11-Jan-2026 17:17:55.433 INFO [main] org.apache.catalina.startup.VersionLoggerListener.log Command line argument:             --add-opens=java.base/java.lang.invoke=ALL-UNNAMED
11-Jan-2026 17:17:55.434 INFO [main] org.apache.catalina.startup.VersionLoggerListener.log Command line argument:             --add-opens=java.base/java.lang.reflect=ALL-UNNAMED
11-Jan-2026 17:17:55.434 INFO [main] org.apache.catalina.startup.VersionLoggerListener.log Command line argument:             --add-opens=java.base/java.io=ALL-UNNAMED
11-Jan-2026 17:17:55.434 INFO [main] org.apache.catalina.startup.VersionLoggerListener.log Command line argument:             --add-opens=java.base/java.util=ALL-UNNAMED
11-Jan-2026 17:17:55.434 INFO [main] org.apache.catalina.startup.VersionLoggerListener.log Command line argument:             --add-opens=java.base/java.util.concurrent=ALL-UNNAMED
11-Jan-2026 17:17:55.435 INFO [main] org.apache.catalina.startup.VersionLoggerListener.log Command line argument:             --add-opens=java.rmi/sun.rmi.transport=ALL-UNNAMED
11-Jan-2026 17:17:55.435 INFO [main] org.apache.catalina.startup.VersionLoggerListener.log Command line argument:             -Djava.util.logging.config.file=D:\Documentos\Programacion_Luis\KrakeDev\Servidor Web II\apache-tomcat-9.0.112\conf\logging.properties
11-Jan-2026 17:17:55.435 INFO [main] org.apache.catalina.startup.VersionLoggerListener.log Command line argument:             -Djava.util.logging.manager=org.apache.juli.ClassLoaderLogManager
11-Jan-2026 17:17:55.435 INFO [main] org.apache.catalina.startup.VersionLoggerListener.log Command line argument:             -Djdk.tls.ephemeralDHKeySize=2048
11-Jan-2026 17:17:55.435 INFO [main] org.apache.catalina.startup.VersionLoggerListener.log Command line argument:             -Djava.protocol.handler.pkgs=org.apache.catalina.webresources
11-Jan-2026 17:17:55.435 INFO [main] org.apache.catalina.startup.VersionLoggerListener.log Command line argument:             -Dsun.io.useCanonCaches=false
11-Jan-2026 17:17:55.435 INFO [main] org.apache.catalina.startup.VersionLoggerListener.log Command line argument:             -Dignore.endorsed.dirs=
11-Jan-2026 17:17:55.435 INFO [main] org.apache.catalina.startup.VersionLoggerListener.log Command line argument:             -Dcatalina.base=D:\Documentos\Programacion_Luis\KrakeDev\Servidor Web II\apache-tomcat-9.0.112
11-Jan-2026 17:17:55.436 INFO [main] org.apache.catalina.startup.VersionLoggerListener.log Command line argument:             -Dcatalina.home=D:\Documentos\Programacion_Luis\KrakeDev\Servidor Web II\apache-tomcat-9.0.112
11-Jan-2026 17:17:55.436 INFO [main] org.apache.catalina.startup.VersionLoggerListener.log Command line argument:             -Djava.io.tmpdir=D:\Documentos\Programacion_Luis\KrakeDev\Servidor Web II\apache-tomcat-9.0.112\temp
11-Jan-2026 17:17:55.439 INFO [main] org.apache.catalina.core.AprLifecycleListener.lifecycleEvent Cargada la biblioteca nativa APR de Apache Tomcat [1.3.1] con la versión APR [1.7.4].
11-Jan-2026 17:17:55.440 INFO [main] org.apache.catalina.core.AprLifecycleListener.lifecycleEvent Capacidades APR: IPv6 [true], enviar fichero [true], aceptar filtros [false], aleatorio [true], UDS [true].
11-Jan-2026 17:17:55.440 INFO [main] org.apache.catalina.core.AprLifecycleListener.lifecycleEvent APR/OpenSSL configuration: useAprConnector [false], useOpenSSL [true]
11-Jan-2026 17:17:55.445 INFO [main] org.apache.catalina.core.AprLifecycleListener.initializeSSL OpenSSL inicializado correctamente [OpenSSL 3.0.14 4 Jun 2024]
11-Jan-2026 17:17:55.703 INFO [main] org.apache.coyote.AbstractProtocol.init Inicializando el manejador de protocolo ["http-nio-8080"]

11-Jan-2026 17:17:55.722 INFO [main] org.apache.catalina.startup.Catalina.load Server initialization in [463] milliseconds
11-Jan-2026 17:17:55.743 WARNING [main] java.util.ArrayList.forEach Name = ConexionInventario Property maxActive is not used in DBCP2, use maxTotal instead. maxTotal default value is 8. You have set value of "100" for "maxActive" property, which is being ignored.
11-Jan-2026 17:17:55.743 WARNING [main] java.util.ArrayList.forEach Name = ConexionInventario Property maxWait is not used in DBCP2 , use maxWaitMillis instead. maxWaitMillis default value is PT-0.001S. You have set value of "10000" for "maxWait" property, which is being ignored.
11-Jan-2026 17:17:55.744 INFO [main] java.util.ArrayList.forEach Name = ConexionInventario Ignoring unknown property: value of "jdbc/ConexionInventario" for "global" property
11-Jan-2026 17:17:55.773 WARNING [main] java.util.ArrayList.forEach Name = ConexionPG Property maxActive is not used in DBCP2, use maxTotal instead. maxTotal default value is 8. You have set value of "100" for "maxActive" property, which is being ignored.
11-Jan-2026 17:17:55.773 WARNING [main] java.util.ArrayList.forEach Name = ConexionPG Property maxWait is not used in DBCP2 , use maxWaitMillis instead. maxWaitMillis default value is PT-0.001S. You have set value of "10000" for "maxWait" property, which is being ignored.
11-Jan-2026 17:17:55.773 INFO [main] java.util.ArrayList.forEach Name = ConexionPG Ignoring unknown property: value of "jdbc/ConexionPG" for "global" property
11-Jan-2026 17:17:55.797 INFO [main] org.apache.catalina.core.StandardService.startInternal Arrancando servicio [Catalina]
11-Jan-2026 17:17:55.798 INFO [main] org.apache.catalina.core.StandardEngine.startInternal Starting Servlet engine: [Apache Tomcat/9.0.112]
11-Jan-2026 17:17:55.810 INFO [main] org.apache.catalina.startup.HostConfig.deployWAR Despliegue del archivo [D:\Documentos\Programacion_Luis\KrakeDev\Servidor Web II\apache-tomcat-9.0.112\webapps\ejemploweb.war] de la aplicación web
11-Jan-2026 17:17:56.682 INFO [main] org.apache.jasper.servlet.TldScanner.scanJars Al menos un JAR, que se ha explorado buscando TLDs, aún no contenía TLDs. Activar historial de depuración para este historiador para una completa lista de los JARs que fueron explorados y de los que nos se halló TLDs. Saltarse JARs no necesarios durante la exploración puede dar lugar a una mejora de tiempo significativa en el arranque y compilación de JSP .
11-Jan-2026 17:17:57.355 INFO [main] org.apache.catalina.startup.HostConfig.deployWAR Deployment of web application archive [D:\Documentos\Programacion_Luis\KrakeDev\Servidor Web II\apache-tomcat-9.0.112\webapps\ejemploweb.war] has finished in [1.542] ms
11-Jan-2026 17:17:57.357 INFO [main] org.apache.catalina.startup.HostConfig.deployWAR Despliegue del archivo [D:\Documentos\Programacion_Luis\KrakeDev\Servidor Web II\apache-tomcat-9.0.112\webapps\evaluacionfinal.war] de la aplicación web
11-Jan-2026 17:17:58.000 INFO [main] org.apache.jasper.servlet.TldScanner.scanJars Al menos un JAR, que se ha explorado buscando TLDs, aún no contenía TLDs. Activar historial de depuración para este historiador para una completa lista de los JARs que fueron explorados y de los que nos se halló TLDs. Saltarse JARs no necesarios durante la exploración puede dar lugar a una mejora de tiempo significativa en el arranque y compilación de JSP .
11-Jan-2026 17:17:58.564 INFO [main] org.apache.catalina.startup.HostConfig.deployWAR Deployment of web application archive [D:\Documentos\Programacion_Luis\KrakeDev\Servidor Web II\apache-tomcat-9.0.112\webapps\evaluacionfinal.war] has finished in [1.208] ms
11-Jan-2026 17:17:58.566 INFO [main] org.apache.catalina.startup.HostConfig.deployWAR Despliegue del archivo [D:\Documentos\Programacion_Luis\KrakeDev\Servidor Web II\apache-tomcat-9.0.112\webapps\inventario.war] de la aplicación web
11-Jan-2026 17:17:59.084 INFO [main] org.apache.jasper.servlet.TldScanner.scanJars Al menos un JAR, que se ha explorado buscando TLDs, aún no contenía TLDs. Activar historial de depuración para este historiador para una completa lista de los JARs que fueron explorados y de los que nos se halló TLDs. Saltarse JARs no necesarios durante la exploración puede dar lugar a una mejora de tiempo significativa en el arranque y compilación de JSP .
11-Jan-2026 17:17:59.576 INFO [main] org.apache.catalina.startup.HostConfig.deployWAR Deployment of web application archive [D:\Documentos\Programacion_Luis\KrakeDev\Servidor Web II\apache-tomcat-9.0.112\webapps\inventario.war] has finished in [1.010] ms
11-Jan-2026 17:17:59.577 INFO [main] org.apache.catalina.startup.HostConfig.deployWAR Despliegue del archivo [D:\Documentos\Programacion_Luis\KrakeDev\Servidor Web II\apache-tomcat-9.0.112\webapps\inventarios-1.0.0.war] de la aplicación web
11-Jan-2026 17:18:05.171 INFO [main] org.apache.jasper.servlet.TldScanner.scanJars Al menos un JAR, que se ha explorado buscando TLDs, aún no contenía TLDs. Activar historial de depuración para este historiador para una completa lista de los JARs que fueron explorados y de los que nos se halló TLDs. Saltarse JARs no necesarios durante la exploración puede dar lugar a una mejora de tiempo significativa en el arranque y compilación de JSP .
11-Jan-2026 17:18:05.200 INFO [main] org.apache.catalina.startup.HostConfig.deployWAR Deployment of web application archive [D:\Documentos\Programacion_Luis\KrakeDev\Servidor Web II\apache-tomcat-9.0.112\webapps\inventarios-1.0.0.war] has finished in [5.622] ms
11-Jan-2026 17:18:05.201 INFO [main] org.apache.catalina.startup.HostConfig.deployDirectory Desplegando el directorio [D:\Documentos\Programacion_Luis\KrakeDev\Servidor Web II\apache-tomcat-9.0.112\webapps\docs] de la aplicación web
11-Jan-2026 17:18:05.438 INFO [main] org.apache.jasper.servlet.TldScanner.scanJars Al menos un JAR, que se ha explorado buscando TLDs, aún no contenía TLDs. Activar historial de depuración para este historiador para una completa lista de los JARs que fueron explorados y de los que nos se halló TLDs. Saltarse JARs no necesarios durante la exploración puede dar lugar a una mejora de tiempo significativa en el arranque y compilación de JSP .
11-Jan-2026 17:18:05.444 INFO [main] org.apache.catalina.startup.HostConfig.deployDirectory Deployment of web application directory [D:\Documentos\Programacion_Luis\KrakeDev\Servidor Web II\apache-tomcat-9.0.112\webapps\docs] has finished in [243] ms
11-Jan-2026 17:18:05.445 INFO [main] org.apache.catalina.startup.HostConfig.deployDirectory Desplegando el directorio [D:\Documentos\Programacion_Luis\KrakeDev\Servidor Web II\apache-tomcat-9.0.112\webapps\examples] de la aplicación web
11-Jan-2026 17:18:06.194 INFO [main] org.apache.jasper.servlet.TldScanner.scanJars Al menos un JAR, que se ha explorado buscando TLDs, aún no contenía TLDs. Activar historial de depuración para este historiador para una completa lista de los JARs que fueron explorados y de los que nos se halló TLDs. Saltarse JARs no necesarios durante la exploración puede dar lugar a una mejora de tiempo significativa en el arranque y compilación de JSP .
11-Jan-2026 17:18:06.302 INFO [main] org.apache.catalina.startup.HostConfig.deployDirectory Deployment of web application directory [D:\Documentos\Programacion_Luis\KrakeDev\Servidor Web II\apache-tomcat-9.0.112\webapps\examples] has finished in [857] ms
11-Jan-2026 17:18:06.303 INFO [main] org.apache.catalina.startup.HostConfig.deployDirectory Desplegando el directorio [D:\Documentos\Programacion_Luis\KrakeDev\Servidor Web II\apache-tomcat-9.0.112\webapps\host-manager] de la aplicación web
11-Jan-2026 17:18:06.588 INFO [main] org.apache.jasper.servlet.TldScanner.scanJars Al menos un JAR, que se ha explorado buscando TLDs, aún no contenía TLDs. Activar historial de depuración para este historiador para una completa lista de los JARs que fueron explorados y de los que nos se halló TLDs. Saltarse JARs no necesarios durante la exploración puede dar lugar a una mejora de tiempo significativa en el arranque y compilación de JSP .
11-Jan-2026 17:18:06.604 INFO [main] org.apache.catalina.startup.HostConfig.deployDirectory Deployment of web application directory [D:\Documentos\Programacion_Luis\KrakeDev\Servidor Web II\apache-tomcat-9.0.112\webapps\host-manager] has finished in [301] ms
11-Jan-2026 17:18:06.605 INFO [main] org.apache.catalina.startup.HostConfig.deployDirectory Desplegando el directorio [D:\Documentos\Programacion_Luis\KrakeDev\Servidor Web II\apache-tomcat-9.0.112\webapps\manager] de la aplicación web
11-Jan-2026 17:18:06.840 INFO [main] org.apache.jasper.servlet.TldScanner.scanJars Al menos un JAR, que se ha explorado buscando TLDs, aún no contenía TLDs. Activar historial de depuración para este historiador para una completa lista de los JARs que fueron explorados y de los que nos se halló TLDs. Saltarse JARs no necesarios durante la exploración puede dar lugar a una mejora de tiempo significativa en el arranque y compilación de JSP .
11-Jan-2026 17:18:06.845 INFO [main] org.apache.catalina.startup.HostConfig.deployDirectory Deployment of web application directory [D:\Documentos\Programacion_Luis\KrakeDev\Servidor Web II\apache-tomcat-9.0.112\webapps\manager] has finished in [239] ms
11-Jan-2026 17:18:06.846 INFO [main] org.apache.catalina.startup.HostConfig.deployDirectory Desplegando el directorio [D:\Documentos\Programacion_Luis\KrakeDev\Servidor Web II\apache-tomcat-9.0.112\webapps\ROOT] de la aplicación web
11-Jan-2026 17:18:07.066 INFO [main] org.apache.jasper.servlet.TldScanner.scanJars Al menos un JAR, que se ha explorado buscando TLDs, aún no contenía TLDs. Activar historial de depuración para este historiador para una completa lista de los JARs que fueron explorados y de los que nos se halló TLDs. Saltarse JARs no necesarios durante la exploración puede dar lugar a una mejora de tiempo significativa en el arranque y compilación de JSP .
11-Jan-2026 17:18:07.071 INFO [main] org.apache.catalina.startup.HostConfig.deployDirectory Deployment of web application directory [D:\Documentos\Programacion_Luis\KrakeDev\Servidor Web II\apache-tomcat-9.0.112\webapps\ROOT] has finished in [226] ms
11-Jan-2026 17:18:07.080 INFO [main] org.apache.coyote.AbstractProtocol.start Starting ProtocolHandler ["http-nio-8080"]
11-Jan-2026 17:18:07.135 INFO [main] org.apache.catalina.startup.Catalina.start Server startup in [11411] milliseconds
