16-Jan-2026 10:20:41.926 INFO [main] org.apache.catalina.startup.VersionLoggerListener.log Nombre de la versión del servidor: Apache Tomcat/9.0.112
16-Jan-2026 10:20:41.928 INFO [main] org.apache.catalina.startup.VersionLoggerListener.log Server built:                      Nov 6 2025 07:46:18 UTC
16-Jan-2026 10:20:41.929 INFO [main] org.apache.catalina.startup.VersionLoggerListener.log Número de versión de servidor:     9.0.112.0
16-Jan-2026 10:20:41.929 INFO [main] org.apache.catalina.startup.VersionLoggerListener.log OS Name:                           Windows 11
16-Jan-2026 10:20:41.929 INFO [main] org.apache.catalina.startup.VersionLoggerListener.log Versión de Systema Operativo:      10.0
16-Jan-2026 10:20:41.929 INFO [main] org.apache.catalina.startup.VersionLoggerListener.log Arquitectura:                      amd64
16-Jan-2026 10:20:41.930 INFO [main] org.apache.catalina.startup.VersionLoggerListener.log Java Home:                         C:\Program Files\Java\jdk-25
16-Jan-2026 10:20:41.930 INFO [main] org.apache.catalina.startup.VersionLoggerListener.log JVM Version:                       25.0.1+8-LTS-27
16-Jan-2026 10:20:41.930 INFO [main] org.apache.catalina.startup.VersionLoggerListener.log Vededor JVM:                       Oracle Corporation
16-Jan-2026 10:20:41.930 INFO [main] org.apache.catalina.startup.VersionLoggerListener.log CATALINA_BASE:                     D:\Documentos\Programacion_Luis\KrakeDev\Servidor Web II\apache-tomcat-9.0.112
16-Jan-2026 10:20:41.930 INFO [main] org.apache.catalina.startup.VersionLoggerListener.log CATALINA_HOME:                     D:\Documentos\Programacion_Luis\KrakeDev\Servidor Web II\apache-tomcat-9.0.112
16-Jan-2026 10:20:41.936 INFO [main] org.apache.catalina.startup.VersionLoggerListener.log Command line argument:             --add-opens=java.base/java.lang=ALL-UNNAMED
16-Jan-2026 10:20:41.936 INFO [main] org.apache.catalina.startup.VersionLoggerListener.log Command line argument:             --add-opens=java.base/java.lang.invoke=ALL-UNNAMED
16-Jan-2026 10:20:41.937 INFO [main] org.apache.catalina.startup.VersionLoggerListener.log Command line argument:             --add-opens=java.base/java.lang.reflect=ALL-UNNAMED
16-Jan-2026 10:20:41.937 INFO [main] org.apache.catalina.startup.VersionLoggerListener.log Command line argument:             --add-opens=java.base/java.io=ALL-UNNAMED
16-Jan-2026 10:20:41.938 INFO [main] org.apache.catalina.startup.VersionLoggerListener.log Command line argument:             --add-opens=java.base/java.util=ALL-UNNAMED
16-Jan-2026 10:20:41.938 INFO [main] org.apache.catalina.startup.VersionLoggerListener.log Command line argument:             --add-opens=java.base/java.util.concurrent=ALL-UNNAMED
16-Jan-2026 10:20:41.938 INFO [main] org.apache.catalina.startup.VersionLoggerListener.log Command line argument:             --add-opens=java.rmi/sun.rmi.transport=ALL-UNNAMED
16-Jan-2026 10:20:41.938 INFO [main] org.apache.catalina.startup.VersionLoggerListener.log Command line argument:             -Djava.util.logging.config.file=D:\Documentos\Programacion_Luis\KrakeDev\Servidor Web II\apache-tomcat-9.0.112\conf\logging.properties
16-Jan-2026 10:20:41.938 INFO [main] org.apache.catalina.startup.VersionLoggerListener.log Command line argument:             -Djava.util.logging.manager=org.apache.juli.ClassLoaderLogManager
16-Jan-2026 10:20:41.939 INFO [main] org.apache.catalina.startup.VersionLoggerListener.log Command line argument:             -Djdk.tls.ephemeralDHKeySize=2048
16-Jan-2026 10:20:41.939 INFO [main] org.apache.catalina.startup.VersionLoggerListener.log Command line argument:             -Djava.protocol.handler.pkgs=org.apache.catalina.webresources
16-Jan-2026 10:20:41.939 INFO [main] org.apache.catalina.startup.VersionLoggerListener.log Command line argument:             -Dsun.io.useCanonCaches=false
16-Jan-2026 10:20:41.939 INFO [main] org.apache.catalina.startup.VersionLoggerListener.log Command line argument:             -Dignore.endorsed.dirs=
16-Jan-2026 10:20:41.939 INFO [main] org.apache.catalina.startup.VersionLoggerListener.log Command line argument:             -Dcatalina.base=D:\Documentos\Programacion_Luis\KrakeDev\Servidor Web II\apache-tomcat-9.0.112
16-Jan-2026 10:20:41.939 INFO [main] org.apache.catalina.startup.VersionLoggerListener.log Command line argument:             -Dcatalina.home=D:\Documentos\Programacion_Luis\KrakeDev\Servidor Web II\apache-tomcat-9.0.112
16-Jan-2026 10:20:41.939 INFO [main] org.apache.catalina.startup.VersionLoggerListener.log Command line argument:             -Djava.io.tmpdir=D:\Documentos\Programacion_Luis\KrakeDev\Servidor Web II\apache-tomcat-9.0.112\temp
16-Jan-2026 10:20:42.283 INFO [main] org.apache.catalina.core.AprLifecycleListener.lifecycleEvent Cargada la biblioteca nativa APR de Apache Tomcat [1.3.1] con la versión APR [1.7.4].
16-Jan-2026 10:20:42.284 INFO [main] org.apache.catalina.core.AprLifecycleListener.lifecycleEvent Capacidades APR: IPv6 [true], enviar fichero [true], aceptar filtros [false], aleatorio [true], UDS [true].
16-Jan-2026 10:20:42.285 INFO [main] org.apache.catalina.core.AprLifecycleListener.lifecycleEvent APR/OpenSSL configuration: useAprConnector [false], useOpenSSL [true]
16-Jan-2026 10:20:42.305 INFO [main] org.apache.catalina.core.AprLifecycleListener.initializeSSL OpenSSL inicializado correctamente [OpenSSL 3.0.14 4 Jun 2024]
16-Jan-2026 10:20:43.053 INFO [main] org.apache.coyote.AbstractProtocol.init Inicializando el manejador de protocolo ["http-nio-8080"]

16-Jan-2026 10:20:43.099 INFO [main] org.apache.catalina.startup.Catalina.load Server initialization in [1328] milliseconds
16-Jan-2026 10:20:43.144 WARNING [main] java.util.ArrayList.forEach Name = ConexionInventario Property maxActive is not used in DBCP2, use maxTotal instead. maxTotal default value is 8. You have set value of "100" for "maxActive" property, which is being ignored.
16-Jan-2026 10:20:43.144 WARNING [main] java.util.ArrayList.forEach Name = ConexionInventario Property maxWait is not used in DBCP2 , use maxWaitMillis instead. maxWaitMillis default value is PT-0.001S. You have set value of "10000" for "maxWait" property, which is being ignored.
16-Jan-2026 10:20:43.145 INFO [main] java.util.ArrayList.forEach Name = ConexionInventario Ignoring unknown property: value of "jdbc/ConexionInventario" for "global" property
16-Jan-2026 10:20:43.225 WARNING [main] java.util.ArrayList.forEach Name = ConexionPG Property maxActive is not used in DBCP2, use maxTotal instead. maxTotal default value is 8. You have set value of "100" for "maxActive" property, which is being ignored.
16-Jan-2026 10:20:43.226 WARNING [main] java.util.ArrayList.forEach Name = ConexionPG Property maxWait is not used in DBCP2 , use maxWaitMillis instead. maxWaitMillis default value is PT-0.001S. You have set value of "10000" for "maxWait" property, which is being ignored.
16-Jan-2026 10:20:43.227 INFO [main] java.util.ArrayList.forEach Name = ConexionPG Ignoring unknown property: value of "jdbc/ConexionPG" for "global" property
16-Jan-2026 10:20:43.289 INFO [main] org.apache.catalina.core.StandardService.startInternal Arrancando servicio [Catalina]
16-Jan-2026 10:20:43.290 INFO [main] org.apache.catalina.core.StandardEngine.startInternal Starting Servlet engine: [Apache Tomcat/9.0.112]
16-Jan-2026 10:20:43.411 INFO [main] org.apache.catalina.startup.HostConfig.deployWAR Despliegue del archivo [D:\Documentos\Programacion_Luis\KrakeDev\Servidor Web II\apache-tomcat-9.0.112\webapps\ejemploweb.war] de la aplicación web
16-Jan-2026 10:20:51.724 INFO [main] org.apache.jasper.servlet.TldScanner.scanJars Al menos un JAR, que se ha explorado buscando TLDs, aún no contenía TLDs. Activar historial de depuración para este historiador para una completa lista de los JARs que fueron explorados y de los que nos se halló TLDs. Saltarse JARs no necesarios durante la exploración puede dar lugar a una mejora de tiempo significativa en el arranque y compilación de JSP .
16-Jan-2026 10:20:54.331 INFO [main] org.apache.catalina.startup.HostConfig.deployWAR Deployment of web application archive [D:\Documentos\Programacion_Luis\KrakeDev\Servidor Web II\apache-tomcat-9.0.112\webapps\ejemploweb.war] has finished in [10.914] ms
16-Jan-2026 10:20:54.376 INFO [main] org.apache.catalina.startup.HostConfig.deployWAR Despliegue del archivo [D:\Documentos\Programacion_Luis\KrakeDev\Servidor Web II\apache-tomcat-9.0.112\webapps\evaluacionfinal.war] de la aplicación web
16-Jan-2026 10:21:01.499 INFO [main] org.apache.jasper.servlet.TldScanner.scanJars Al menos un JAR, que se ha explorado buscando TLDs, aún no contenía TLDs. Activar historial de depuración para este historiador para una completa lista de los JARs que fueron explorados y de los que nos se halló TLDs. Saltarse JARs no necesarios durante la exploración puede dar lugar a una mejora de tiempo significativa en el arranque y compilación de JSP .
16-Jan-2026 10:21:03.329 INFO [main] org.apache.catalina.startup.HostConfig.deployWAR Deployment of web application archive [D:\Documentos\Programacion_Luis\KrakeDev\Servidor Web II\apache-tomcat-9.0.112\webapps\evaluacionfinal.war] has finished in [8.952] ms
16-Jan-2026 10:21:03.415 INFO [main] org.apache.catalina.startup.HostConfig.deployWAR Despliegue del archivo [D:\Documentos\Programacion_Luis\KrakeDev\Servidor Web II\apache-tomcat-9.0.112\webapps\inventario.war] de la aplicación web
16-Jan-2026 10:21:10.130 INFO [main] org.apache.jasper.servlet.TldScanner.scanJars Al menos un JAR, que se ha explorado buscando TLDs, aún no contenía TLDs. Activar historial de depuración para este historiador para una completa lista de los JARs que fueron explorados y de los que nos se halló TLDs. Saltarse JARs no necesarios durante la exploración puede dar lugar a una mejora de tiempo significativa en el arranque y compilación de JSP .
16-Jan-2026 10:21:11.846 INFO [main] org.apache.catalina.startup.HostConfig.deployWAR Deployment of web application archive [D:\Documentos\Programacion_Luis\KrakeDev\Servidor Web II\apache-tomcat-9.0.112\webapps\inventario.war] has finished in [8.432] ms
16-Jan-2026 10:21:11.851 INFO [main] org.apache.catalina.startup.HostConfig.deployWAR Despliegue del archivo [D:\Documentos\Programacion_Luis\KrakeDev\Servidor Web II\apache-tomcat-9.0.112\webapps\inventarios-1.0.0.war] de la aplicación web
16-Jan-2026 10:21:11.896 INFO [main] org.apache.catalina.startup.ExpandWar.expand An expanded directory [D:\Documentos\Programacion_Luis\KrakeDev\Servidor Web II\apache-tomcat-9.0.112\webapps\inventarios-1.0.0] was found with a last modified time that did not match the associated WAR. It will be deleted.
16-Jan-2026 10:21:18.622 INFO [main] org.apache.jasper.servlet.TldScanner.scanJars Al menos un JAR, que se ha explorado buscando TLDs, aún no contenía TLDs. Activar historial de depuración para este historiador para una completa lista de los JARs que fueron explorados y de los que nos se halló TLDs. Saltarse JARs no necesarios durante la exploración puede dar lugar a una mejora de tiempo significativa en el arranque y compilación de JSP .
16-Jan-2026 10:21:18.656 INFO [main] org.apache.catalina.startup.HostConfig.deployWAR Deployment of web application archive [D:\Documentos\Programacion_Luis\KrakeDev\Servidor Web II\apache-tomcat-9.0.112\webapps\inventarios-1.0.0.war] has finished in [6.806] ms
16-Jan-2026 10:21:18.657 INFO [main] org.apache.catalina.startup.HostConfig.deployDirectory Desplegando el directorio [D:\Documentos\Programacion_Luis\KrakeDev\Servidor Web II\apache-tomcat-9.0.112\webapps\docs] de la aplicación web
16-Jan-2026 10:21:18.952 INFO [main] org.apache.jasper.servlet.TldScanner.scanJars Al menos un JAR, que se ha explorado buscando TLDs, aún no contenía TLDs. Activar historial de depuración para este historiador para una completa lista de los JARs que fueron explorados y de los que nos se halló TLDs. Saltarse JARs no necesarios durante la exploración puede dar lugar a una mejora de tiempo significativa en el arranque y compilación de JSP .
16-Jan-2026 10:21:18.959 INFO [main] org.apache.catalina.startup.HostConfig.deployDirectory Deployment of web application directory [D:\Documentos\Programacion_Luis\KrakeDev\Servidor Web II\apache-tomcat-9.0.112\webapps\docs] has finished in [301] ms
16-Jan-2026 10:21:18.959 INFO [main] org.apache.catalina.startup.HostConfig.deployDirectory Desplegando el directorio [D:\Documentos\Programacion_Luis\KrakeDev\Servidor Web II\apache-tomcat-9.0.112\webapps\examples] de la aplicación web
16-Jan-2026 10:21:20.693 INFO [main] org.apache.jasper.servlet.TldScanner.scanJars Al menos un JAR, que se ha explorado buscando TLDs, aún no contenía TLDs. Activar historial de depuración para este historiador para una completa lista de los JARs que fueron explorados y de los que nos se halló TLDs. Saltarse JARs no necesarios durante la exploración puede dar lugar a una mejora de tiempo significativa en el arranque y compilación de JSP .
16-Jan-2026 10:21:20.848 INFO [main] org.apache.catalina.startup.HostConfig.deployDirectory Deployment of web application directory [D:\Documentos\Programacion_Luis\KrakeDev\Servidor Web II\apache-tomcat-9.0.112\webapps\examples] has finished in [1.889] ms
16-Jan-2026 10:21:20.849 INFO [main] org.apache.catalina.startup.HostConfig.deployDirectory Desplegando el directorio [D:\Documentos\Programacion_Luis\KrakeDev\Servidor Web II\apache-tomcat-9.0.112\webapps\host-manager] de la aplicación web
16-Jan-2026 10:21:21.184 INFO [main] org.apache.jasper.servlet.TldScanner.scanJars Al menos un JAR, que se ha explorado buscando TLDs, aún no contenía TLDs. Activar historial de depuración para este historiador para una completa lista de los JARs que fueron explorados y de los que nos se halló TLDs. Saltarse JARs no necesarios durante la exploración puede dar lugar a una mejora de tiempo significativa en el arranque y compilación de JSP .
16-Jan-2026 10:21:21.202 INFO [main] org.apache.catalina.startup.HostConfig.deployDirectory Deployment of web application directory [D:\Documentos\Programacion_Luis\KrakeDev\Servidor Web II\apache-tomcat-9.0.112\webapps\host-manager] has finished in [352] ms
16-Jan-2026 10:21:21.203 INFO [main] org.apache.catalina.startup.HostConfig.deployDirectory Desplegando el directorio [D:\Documentos\Programacion_Luis\KrakeDev\Servidor Web II\apache-tomcat-9.0.112\webapps\manager] de la aplicación web
16-Jan-2026 10:21:21.516 INFO [main] org.apache.jasper.servlet.TldScanner.scanJars Al menos un JAR, que se ha explorado buscando TLDs, aún no contenía TLDs. Activar historial de depuración para este historiador para una completa lista de los JARs que fueron explorados y de los que nos se halló TLDs. Saltarse JARs no necesarios durante la exploración puede dar lugar a una mejora de tiempo significativa en el arranque y compilación de JSP .
16-Jan-2026 10:21:21.523 INFO [main] org.apache.catalina.startup.HostConfig.deployDirectory Deployment of web application directory [D:\Documentos\Programacion_Luis\KrakeDev\Servidor Web II\apache-tomcat-9.0.112\webapps\manager] has finished in [319] ms
16-Jan-2026 10:21:21.524 INFO [main] org.apache.catalina.startup.HostConfig.deployDirectory Desplegando el directorio [D:\Documentos\Programacion_Luis\KrakeDev\Servidor Web II\apache-tomcat-9.0.112\webapps\ROOT] de la aplicación web
16-Jan-2026 10:21:21.754 INFO [main] org.apache.jasper.servlet.TldScanner.scanJars Al menos un JAR, que se ha explorado buscando TLDs, aún no contenía TLDs. Activar historial de depuración para este historiador para una completa lista de los JARs que fueron explorados y de los que nos se halló TLDs. Saltarse JARs no necesarios durante la exploración puede dar lugar a una mejora de tiempo significativa en el arranque y compilación de JSP .
16-Jan-2026 10:21:21.759 INFO [main] org.apache.catalina.startup.HostConfig.deployDirectory Deployment of web application directory [D:\Documentos\Programacion_Luis\KrakeDev\Servidor Web II\apache-tomcat-9.0.112\webapps\ROOT] has finished in [236] ms
16-Jan-2026 10:21:21.810 INFO [main] org.apache.coyote.AbstractProtocol.start Starting ProtocolHandler ["http-nio-8080"]
16-Jan-2026 10:21:21.912 INFO [main] org.apache.catalina.startup.Catalina.start Server startup in [38810] milliseconds
16-Jan-2026 10:54:12.287 INFO [main] org.apache.catalina.startup.VersionLoggerListener.log Nombre de la versión del servidor: Apache Tomcat/9.0.112
16-Jan-2026 10:54:12.289 INFO [main] org.apache.catalina.startup.VersionLoggerListener.log Server built:                      Nov 6 2025 07:46:18 UTC
16-Jan-2026 10:54:12.290 INFO [main] org.apache.catalina.startup.VersionLoggerListener.log Número de versión de servidor:     9.0.112.0
16-Jan-2026 10:54:12.290 INFO [main] org.apache.catalina.startup.VersionLoggerListener.log OS Name:                           Windows 11
16-Jan-2026 10:54:12.290 INFO [main] org.apache.catalina.startup.VersionLoggerListener.log Versión de Systema Operativo:      10.0
16-Jan-2026 10:54:12.290 INFO [main] org.apache.catalina.startup.VersionLoggerListener.log Arquitectura:                      amd64
16-Jan-2026 10:54:12.290 INFO [main] org.apache.catalina.startup.VersionLoggerListener.log Java Home:                         C:\Program Files\Java\jdk-25
16-Jan-2026 10:54:12.290 INFO [main] org.apache.catalina.startup.VersionLoggerListener.log JVM Version:                       25.0.1+8-LTS-27
16-Jan-2026 10:54:12.292 INFO [main] org.apache.catalina.startup.VersionLoggerListener.log Vededor JVM:                       Oracle Corporation
16-Jan-2026 10:54:12.292 INFO [main] org.apache.catalina.startup.VersionLoggerListener.log CATALINA_BASE:                     D:\Documentos\Programacion_Luis\KrakeDev\Servidor Web II\apache-tomcat-9.0.112
16-Jan-2026 10:54:12.292 INFO [main] org.apache.catalina.startup.VersionLoggerListener.log CATALINA_HOME:                     D:\Documentos\Programacion_Luis\KrakeDev\Servidor Web II\apache-tomcat-9.0.112
16-Jan-2026 10:54:12.299 INFO [main] org.apache.catalina.startup.VersionLoggerListener.log Command line argument:             --add-opens=java.base/java.lang=ALL-UNNAMED
16-Jan-2026 10:54:12.299 INFO [main] org.apache.catalina.startup.VersionLoggerListener.log Command line argument:             --add-opens=java.base/java.lang.invoke=ALL-UNNAMED
16-Jan-2026 10:54:12.299 INFO [main] org.apache.catalina.startup.VersionLoggerListener.log Command line argument:             --add-opens=java.base/java.lang.reflect=ALL-UNNAMED
16-Jan-2026 10:54:12.300 INFO [main] org.apache.catalina.startup.VersionLoggerListener.log Command line argument:             --add-opens=java.base/java.io=ALL-UNNAMED
16-Jan-2026 10:54:12.300 INFO [main] org.apache.catalina.startup.VersionLoggerListener.log Command line argument:             --add-opens=java.base/java.util=ALL-UNNAMED
16-Jan-2026 10:54:12.300 INFO [main] org.apache.catalina.startup.VersionLoggerListener.log Command line argument:             --add-opens=java.base/java.util.concurrent=ALL-UNNAMED
16-Jan-2026 10:54:12.300 INFO [main] org.apache.catalina.startup.VersionLoggerListener.log Command line argument:             --add-opens=java.rmi/sun.rmi.transport=ALL-UNNAMED
16-Jan-2026 10:54:12.301 INFO [main] org.apache.catalina.startup.VersionLoggerListener.log Command line argument:             -Djava.util.logging.config.file=D:\Documentos\Programacion_Luis\KrakeDev\Servidor Web II\apache-tomcat-9.0.112\conf\logging.properties
16-Jan-2026 10:54:12.301 INFO [main] org.apache.catalina.startup.VersionLoggerListener.log Command line argument:             -Djava.util.logging.manager=org.apache.juli.ClassLoaderLogManager
16-Jan-2026 10:54:12.301 INFO [main] org.apache.catalina.startup.VersionLoggerListener.log Command line argument:             -Djdk.tls.ephemeralDHKeySize=2048
16-Jan-2026 10:54:12.301 INFO [main] org.apache.catalina.startup.VersionLoggerListener.log Command line argument:             -Djava.protocol.handler.pkgs=org.apache.catalina.webresources
16-Jan-2026 10:54:12.301 INFO [main] org.apache.catalina.startup.VersionLoggerListener.log Command line argument:             -Dsun.io.useCanonCaches=false
16-Jan-2026 10:54:12.302 INFO [main] org.apache.catalina.startup.VersionLoggerListener.log Command line argument:             -Dignore.endorsed.dirs=
16-Jan-2026 10:54:12.302 INFO [main] org.apache.catalina.startup.VersionLoggerListener.log Command line argument:             -Dcatalina.base=D:\Documentos\Programacion_Luis\KrakeDev\Servidor Web II\apache-tomcat-9.0.112
16-Jan-2026 10:54:12.302 INFO [main] org.apache.catalina.startup.VersionLoggerListener.log Command line argument:             -Dcatalina.home=D:\Documentos\Programacion_Luis\KrakeDev\Servidor Web II\apache-tomcat-9.0.112
16-Jan-2026 10:54:12.302 INFO [main] org.apache.catalina.startup.VersionLoggerListener.log Command line argument:             -Djava.io.tmpdir=D:\Documentos\Programacion_Luis\KrakeDev\Servidor Web II\apache-tomcat-9.0.112\temp
16-Jan-2026 10:54:12.306 INFO [main] org.apache.catalina.core.AprLifecycleListener.lifecycleEvent Cargada la biblioteca nativa APR de Apache Tomcat [1.3.1] con la versión APR [1.7.4].
16-Jan-2026 10:54:12.307 INFO [main] org.apache.catalina.core.AprLifecycleListener.lifecycleEvent Capacidades APR: IPv6 [true], enviar fichero [true], aceptar filtros [false], aleatorio [true], UDS [true].
16-Jan-2026 10:54:12.307 INFO [main] org.apache.catalina.core.AprLifecycleListener.lifecycleEvent APR/OpenSSL configuration: useAprConnector [false], useOpenSSL [true]
16-Jan-2026 10:54:12.313 INFO [main] org.apache.catalina.core.AprLifecycleListener.initializeSSL OpenSSL inicializado correctamente [OpenSSL 3.0.14 4 Jun 2024]
16-Jan-2026 10:54:12.575 INFO [main] org.apache.coyote.AbstractProtocol.init Inicializando el manejador de protocolo ["http-nio-8080"]

16-Jan-2026 10:54:12.600 INFO [main] org.apache.catalina.startup.Catalina.load Server initialization in [467] milliseconds
16-Jan-2026 10:54:12.621 WARNING [main] java.util.ArrayList.forEach Name = ConexionInventario Property maxActive is not used in DBCP2, use maxTotal instead. maxTotal default value is 8. You have set value of "100" for "maxActive" property, which is being ignored.
16-Jan-2026 10:54:12.621 WARNING [main] java.util.ArrayList.forEach Name = ConexionInventario Property maxWait is not used in DBCP2 , use maxWaitMillis instead. maxWaitMillis default value is PT-0.001S. You have set value of "10000" for "maxWait" property, which is being ignored.
16-Jan-2026 10:54:12.622 INFO [main] java.util.ArrayList.forEach Name = ConexionInventario Ignoring unknown property: value of "jdbc/ConexionInventario" for "global" property
16-Jan-2026 10:54:12.645 WARNING [main] java.util.ArrayList.forEach Name = ConexionPG Property maxActive is not used in DBCP2, use maxTotal instead. maxTotal default value is 8. You have set value of "100" for "maxActive" property, which is being ignored.
16-Jan-2026 10:54:12.645 WARNING [main] java.util.ArrayList.forEach Name = ConexionPG Property maxWait is not used in DBCP2 , use maxWaitMillis instead. maxWaitMillis default value is PT-0.001S. You have set value of "10000" for "maxWait" property, which is being ignored.
16-Jan-2026 10:54:12.646 INFO [main] java.util.ArrayList.forEach Name = ConexionPG Ignoring unknown property: value of "jdbc/ConexionPG" for "global" property
16-Jan-2026 10:54:12.666 INFO [main] org.apache.catalina.core.StandardService.startInternal Arrancando servicio [Catalina]
16-Jan-2026 10:54:12.666 INFO [main] org.apache.catalina.core.StandardEngine.startInternal Starting Servlet engine: [Apache Tomcat/9.0.112]
16-Jan-2026 10:54:12.683 INFO [main] org.apache.catalina.startup.HostConfig.deployWAR Despliegue del archivo [D:\Documentos\Programacion_Luis\KrakeDev\Servidor Web II\apache-tomcat-9.0.112\webapps\ejemploweb.war] de la aplicación web
16-Jan-2026 10:54:13.564 INFO [main] org.apache.jasper.servlet.TldScanner.scanJars Al menos un JAR, que se ha explorado buscando TLDs, aún no contenía TLDs. Activar historial de depuración para este historiador para una completa lista de los JARs que fueron explorados y de los que nos se halló TLDs. Saltarse JARs no necesarios durante la exploración puede dar lugar a una mejora de tiempo significativa en el arranque y compilación de JSP .
16-Jan-2026 10:54:14.286 INFO [main] org.apache.catalina.startup.HostConfig.deployWAR Deployment of web application archive [D:\Documentos\Programacion_Luis\KrakeDev\Servidor Web II\apache-tomcat-9.0.112\webapps\ejemploweb.war] has finished in [1.601] ms
16-Jan-2026 10:54:14.288 INFO [main] org.apache.catalina.startup.HostConfig.deployWAR Despliegue del archivo [D:\Documentos\Programacion_Luis\KrakeDev\Servidor Web II\apache-tomcat-9.0.112\webapps\evaluacionfinal.war] de la aplicación web
16-Jan-2026 10:54:14.852 INFO [main] org.apache.jasper.servlet.TldScanner.scanJars Al menos un JAR, que se ha explorado buscando TLDs, aún no contenía TLDs. Activar historial de depuración para este historiador para una completa lista de los JARs que fueron explorados y de los que nos se halló TLDs. Saltarse JARs no necesarios durante la exploración puede dar lugar a una mejora de tiempo significativa en el arranque y compilación de JSP .
16-Jan-2026 10:54:15.425 INFO [main] org.apache.catalina.startup.HostConfig.deployWAR Deployment of web application archive [D:\Documentos\Programacion_Luis\KrakeDev\Servidor Web II\apache-tomcat-9.0.112\webapps\evaluacionfinal.war] has finished in [1.137] ms
16-Jan-2026 10:54:15.425 INFO [main] org.apache.catalina.startup.HostConfig.deployWAR Despliegue del archivo [D:\Documentos\Programacion_Luis\KrakeDev\Servidor Web II\apache-tomcat-9.0.112\webapps\inventario.war] de la aplicación web
16-Jan-2026 10:54:15.951 INFO [main] org.apache.jasper.servlet.TldScanner.scanJars Al menos un JAR, que se ha explorado buscando TLDs, aún no contenía TLDs. Activar historial de depuración para este historiador para una completa lista de los JARs que fueron explorados y de los que nos se halló TLDs. Saltarse JARs no necesarios durante la exploración puede dar lugar a una mejora de tiempo significativa en el arranque y compilación de JSP .
16-Jan-2026 10:54:16.426 INFO [main] org.apache.catalina.startup.HostConfig.deployWAR Deployment of web application archive [D:\Documentos\Programacion_Luis\KrakeDev\Servidor Web II\apache-tomcat-9.0.112\webapps\inventario.war] has finished in [1.001] ms
16-Jan-2026 10:54:16.427 INFO [main] org.apache.catalina.startup.HostConfig.deployWAR Despliegue del archivo [D:\Documentos\Programacion_Luis\KrakeDev\Servidor Web II\apache-tomcat-9.0.112\webapps\inventarios-1.0.0.war] de la aplicación web
16-Jan-2026 10:54:16.431 INFO [main] org.apache.catalina.startup.ExpandWar.expand An expanded directory [D:\Documentos\Programacion_Luis\KrakeDev\Servidor Web II\apache-tomcat-9.0.112\webapps\inventarios-1.0.0] was found with a last modified time that did not match the associated WAR. It will be deleted.
16-Jan-2026 10:54:21.651 INFO [main] org.apache.jasper.servlet.TldScanner.scanJars Al menos un JAR, que se ha explorado buscando TLDs, aún no contenía TLDs. Activar historial de depuración para este historiador para una completa lista de los JARs que fueron explorados y de los que nos se halló TLDs. Saltarse JARs no necesarios durante la exploración puede dar lugar a una mejora de tiempo significativa en el arranque y compilación de JSP .
16-Jan-2026 10:54:21.661 INFO [main] org.apache.catalina.startup.HostConfig.deployWAR Deployment of web application archive [D:\Documentos\Programacion_Luis\KrakeDev\Servidor Web II\apache-tomcat-9.0.112\webapps\inventarios-1.0.0.war] has finished in [5.233] ms
16-Jan-2026 10:54:21.661 INFO [main] org.apache.catalina.startup.HostConfig.deployDirectory Desplegando el directorio [D:\Documentos\Programacion_Luis\KrakeDev\Servidor Web II\apache-tomcat-9.0.112\webapps\docs] de la aplicación web
16-Jan-2026 10:54:21.733 INFO [main] org.apache.jasper.servlet.TldScanner.scanJars Al menos un JAR, que se ha explorado buscando TLDs, aún no contenía TLDs. Activar historial de depuración para este historiador para una completa lista de los JARs que fueron explorados y de los que nos se halló TLDs. Saltarse JARs no necesarios durante la exploración puede dar lugar a una mejora de tiempo significativa en el arranque y compilación de JSP .
16-Jan-2026 10:54:21.735 INFO [main] org.apache.catalina.startup.HostConfig.deployDirectory Deployment of web application directory [D:\Documentos\Programacion_Luis\KrakeDev\Servidor Web II\apache-tomcat-9.0.112\webapps\docs] has finished in [74] ms
16-Jan-2026 10:54:21.735 INFO [main] org.apache.catalina.startup.HostConfig.deployDirectory Desplegando el directorio [D:\Documentos\Programacion_Luis\KrakeDev\Servidor Web II\apache-tomcat-9.0.112\webapps\examples] de la aplicación web
16-Jan-2026 10:54:21.983 INFO [main] org.apache.jasper.servlet.TldScanner.scanJars Al menos un JAR, que se ha explorado buscando TLDs, aún no contenía TLDs. Activar historial de depuración para este historiador para una completa lista de los JARs que fueron explorados y de los que nos se halló TLDs. Saltarse JARs no necesarios durante la exploración puede dar lugar a una mejora de tiempo significativa en el arranque y compilación de JSP .
16-Jan-2026 10:54:22.033 INFO [main] org.apache.catalina.startup.HostConfig.deployDirectory Deployment of web application directory [D:\Documentos\Programacion_Luis\KrakeDev\Servidor Web II\apache-tomcat-9.0.112\webapps\examples] has finished in [298] ms
16-Jan-2026 10:54:22.035 INFO [main] org.apache.catalina.startup.HostConfig.deployDirectory Desplegando el directorio [D:\Documentos\Programacion_Luis\KrakeDev\Servidor Web II\apache-tomcat-9.0.112\webapps\host-manager] de la aplicación web
16-Jan-2026 10:54:22.136 INFO [main] org.apache.jasper.servlet.TldScanner.scanJars Al menos un JAR, que se ha explorado buscando TLDs, aún no contenía TLDs. Activar historial de depuración para este historiador para una completa lista de los JARs que fueron explorados y de los que nos se halló TLDs. Saltarse JARs no necesarios durante la exploración puede dar lugar a una mejora de tiempo significativa en el arranque y compilación de JSP .
16-Jan-2026 10:54:22.142 INFO [main] org.apache.catalina.startup.HostConfig.deployDirectory Deployment of web application directory [D:\Documentos\Programacion_Luis\KrakeDev\Servidor Web II\apache-tomcat-9.0.112\webapps\host-manager] has finished in [106] ms
16-Jan-2026 10:54:22.142 INFO [main] org.apache.catalina.startup.HostConfig.deployDirectory Desplegando el directorio [D:\Documentos\Programacion_Luis\KrakeDev\Servidor Web II\apache-tomcat-9.0.112\webapps\manager] de la aplicación web
16-Jan-2026 10:54:22.230 INFO [main] org.apache.jasper.servlet.TldScanner.scanJars Al menos un JAR, que se ha explorado buscando TLDs, aún no contenía TLDs. Activar historial de depuración para este historiador para una completa lista de los JARs que fueron explorados y de los que nos se halló TLDs. Saltarse JARs no necesarios durante la exploración puede dar lugar a una mejora de tiempo significativa en el arranque y compilación de JSP .
16-Jan-2026 10:54:22.233 INFO [main] org.apache.catalina.startup.HostConfig.deployDirectory Deployment of web application directory [D:\Documentos\Programacion_Luis\KrakeDev\Servidor Web II\apache-tomcat-9.0.112\webapps\manager] has finished in [90] ms
16-Jan-2026 10:54:22.233 INFO [main] org.apache.catalina.startup.HostConfig.deployDirectory Desplegando el directorio [D:\Documentos\Programacion_Luis\KrakeDev\Servidor Web II\apache-tomcat-9.0.112\webapps\ROOT] de la aplicación web
16-Jan-2026 10:54:22.310 INFO [main] org.apache.jasper.servlet.TldScanner.scanJars Al menos un JAR, que se ha explorado buscando TLDs, aún no contenía TLDs. Activar historial de depuración para este historiador para una completa lista de los JARs que fueron explorados y de los que nos se halló TLDs. Saltarse JARs no necesarios durante la exploración puede dar lugar a una mejora de tiempo significativa en el arranque y compilación de JSP .
16-Jan-2026 10:54:22.311 INFO [main] org.apache.catalina.startup.HostConfig.deployDirectory Deployment of web application directory [D:\Documentos\Programacion_Luis\KrakeDev\Servidor Web II\apache-tomcat-9.0.112\webapps\ROOT] has finished in [78] ms
16-Jan-2026 10:54:22.315 INFO [main] org.apache.coyote.AbstractProtocol.start Starting ProtocolHandler ["http-nio-8080"]
16-Jan-2026 10:54:22.335 INFO [main] org.apache.catalina.startup.Catalina.start Server startup in [9732] milliseconds
16-Jan-2026 11:03:04.039 INFO [main] org.apache.catalina.startup.VersionLoggerListener.log Nombre de la versión del servidor: Apache Tomcat/9.0.112
16-Jan-2026 11:03:04.041 INFO [main] org.apache.catalina.startup.VersionLoggerListener.log Server built:                      Nov 6 2025 07:46:18 UTC
16-Jan-2026 11:03:04.041 INFO [main] org.apache.catalina.startup.VersionLoggerListener.log Número de versión de servidor:     9.0.112.0
16-Jan-2026 11:03:04.042 INFO [main] org.apache.catalina.startup.VersionLoggerListener.log OS Name:                           Windows 11
16-Jan-2026 11:03:04.042 INFO [main] org.apache.catalina.startup.VersionLoggerListener.log Versión de Systema Operativo:      10.0
16-Jan-2026 11:03:04.042 INFO [main] org.apache.catalina.startup.VersionLoggerListener.log Arquitectura:                      amd64
16-Jan-2026 11:03:04.042 INFO [main] org.apache.catalina.startup.VersionLoggerListener.log Java Home:                         C:\Program Files\Java\jdk-25
16-Jan-2026 11:03:04.042 INFO [main] org.apache.catalina.startup.VersionLoggerListener.log JVM Version:                       25.0.1+8-LTS-27
16-Jan-2026 11:03:04.042 INFO [main] org.apache.catalina.startup.VersionLoggerListener.log Vededor JVM:                       Oracle Corporation
16-Jan-2026 11:03:04.043 INFO [main] org.apache.catalina.startup.VersionLoggerListener.log CATALINA_BASE:                     D:\Documentos\Programacion_Luis\KrakeDev\Servidor Web II\apache-tomcat-9.0.112
16-Jan-2026 11:03:04.043 INFO [main] org.apache.catalina.startup.VersionLoggerListener.log CATALINA_HOME:                     D:\Documentos\Programacion_Luis\KrakeDev\Servidor Web II\apache-tomcat-9.0.112
16-Jan-2026 11:03:04.050 INFO [main] org.apache.catalina.startup.VersionLoggerListener.log Command line argument:             --add-opens=java.base/java.lang=ALL-UNNAMED
16-Jan-2026 11:03:04.050 INFO [main] org.apache.catalina.startup.VersionLoggerListener.log Command line argument:             --add-opens=java.base/java.lang.invoke=ALL-UNNAMED
16-Jan-2026 11:03:04.050 INFO [main] org.apache.catalina.startup.VersionLoggerListener.log Command line argument:             --add-opens=java.base/java.lang.reflect=ALL-UNNAMED
16-Jan-2026 11:03:04.050 INFO [main] org.apache.catalina.startup.VersionLoggerListener.log Command line argument:             --add-opens=java.base/java.io=ALL-UNNAMED
16-Jan-2026 11:03:04.051 INFO [main] org.apache.catalina.startup.VersionLoggerListener.log Command line argument:             --add-opens=java.base/java.util=ALL-UNNAMED
16-Jan-2026 11:03:04.051 INFO [main] org.apache.catalina.startup.VersionLoggerListener.log Command line argument:             --add-opens=java.base/java.util.concurrent=ALL-UNNAMED
16-Jan-2026 11:03:04.051 INFO [main] org.apache.catalina.startup.VersionLoggerListener.log Command line argument:             --add-opens=java.rmi/sun.rmi.transport=ALL-UNNAMED
16-Jan-2026 11:03:04.051 INFO [main] org.apache.catalina.startup.VersionLoggerListener.log Command line argument:             -Djava.util.logging.config.file=D:\Documentos\Programacion_Luis\KrakeDev\Servidor Web II\apache-tomcat-9.0.112\conf\logging.properties
16-Jan-2026 11:03:04.051 INFO [main] org.apache.catalina.startup.VersionLoggerListener.log Command line argument:             -Djava.util.logging.manager=org.apache.juli.ClassLoaderLogManager
16-Jan-2026 11:03:04.051 INFO [main] org.apache.catalina.startup.VersionLoggerListener.log Command line argument:             -Djdk.tls.ephemeralDHKeySize=2048
16-Jan-2026 11:03:04.052 INFO [main] org.apache.catalina.startup.VersionLoggerListener.log Command line argument:             -Djava.protocol.handler.pkgs=org.apache.catalina.webresources
16-Jan-2026 11:03:04.052 INFO [main] org.apache.catalina.startup.VersionLoggerListener.log Command line argument:             -Dsun.io.useCanonCaches=false
16-Jan-2026 11:03:04.052 INFO [main] org.apache.catalina.startup.VersionLoggerListener.log Command line argument:             -Dignore.endorsed.dirs=
16-Jan-2026 11:03:04.052 INFO [main] org.apache.catalina.startup.VersionLoggerListener.log Command line argument:             -Dcatalina.base=D:\Documentos\Programacion_Luis\KrakeDev\Servidor Web II\apache-tomcat-9.0.112
16-Jan-2026 11:03:04.052 INFO [main] org.apache.catalina.startup.VersionLoggerListener.log Command line argument:             -Dcatalina.home=D:\Documentos\Programacion_Luis\KrakeDev\Servidor Web II\apache-tomcat-9.0.112
16-Jan-2026 11:03:04.052 INFO [main] org.apache.catalina.startup.VersionLoggerListener.log Command line argument:             -Djava.io.tmpdir=D:\Documentos\Programacion_Luis\KrakeDev\Servidor Web II\apache-tomcat-9.0.112\temp
16-Jan-2026 11:03:04.055 INFO [main] org.apache.catalina.core.AprLifecycleListener.lifecycleEvent Cargada la biblioteca nativa APR de Apache Tomcat [1.3.1] con la versión APR [1.7.4].
16-Jan-2026 11:03:04.056 INFO [main] org.apache.catalina.core.AprLifecycleListener.lifecycleEvent Capacidades APR: IPv6 [true], enviar fichero [true], aceptar filtros [false], aleatorio [true], UDS [true].
16-Jan-2026 11:03:04.056 INFO [main] org.apache.catalina.core.AprLifecycleListener.lifecycleEvent APR/OpenSSL configuration: useAprConnector [false], useOpenSSL [true]
16-Jan-2026 11:03:04.061 INFO [main] org.apache.catalina.core.AprLifecycleListener.initializeSSL OpenSSL inicializado correctamente [OpenSSL 3.0.14 4 Jun 2024]
16-Jan-2026 11:03:04.333 INFO [main] org.apache.coyote.AbstractProtocol.init Inicializando el manejador de protocolo ["http-nio-8080"]

16-Jan-2026 11:03:04.357 INFO [main] org.apache.catalina.startup.Catalina.load Server initialization in [484] milliseconds
16-Jan-2026 11:03:04.378 WARNING [main] java.util.ArrayList.forEach Name = ConexionInventario Property maxActive is not used in DBCP2, use maxTotal instead. maxTotal default value is 8. You have set value of "100" for "maxActive" property, which is being ignored.
16-Jan-2026 11:03:04.379 WARNING [main] java.util.ArrayList.forEach Name = ConexionInventario Property maxWait is not used in DBCP2 , use maxWaitMillis instead. maxWaitMillis default value is PT-0.001S. You have set value of "10000" for "maxWait" property, which is being ignored.
16-Jan-2026 11:03:04.379 INFO [main] java.util.ArrayList.forEach Name = ConexionInventario Ignoring unknown property: value of "jdbc/ConexionInventario" for "global" property
16-Jan-2026 11:03:04.408 WARNING [main] java.util.ArrayList.forEach Name = ConexionPG Property maxActive is not used in DBCP2, use maxTotal instead. maxTotal default value is 8. You have set value of "100" for "maxActive" property, which is being ignored.
16-Jan-2026 11:03:04.408 WARNING [main] java.util.ArrayList.forEach Name = ConexionPG Property maxWait is not used in DBCP2 , use maxWaitMillis instead. maxWaitMillis default value is PT-0.001S. You have set value of "10000" for "maxWait" property, which is being ignored.
16-Jan-2026 11:03:04.409 INFO [main] java.util.ArrayList.forEach Name = ConexionPG Ignoring unknown property: value of "jdbc/ConexionPG" for "global" property
16-Jan-2026 11:03:04.430 INFO [main] org.apache.catalina.core.StandardService.startInternal Arrancando servicio [Catalina]
16-Jan-2026 11:03:04.430 INFO [main] org.apache.catalina.core.StandardEngine.startInternal Starting Servlet engine: [Apache Tomcat/9.0.112]
16-Jan-2026 11:03:04.442 INFO [main] org.apache.catalina.startup.HostConfig.deployWAR Despliegue del archivo [D:\Documentos\Programacion_Luis\KrakeDev\Servidor Web II\apache-tomcat-9.0.112\webapps\ejemploweb.war] de la aplicación web
16-Jan-2026 11:03:05.407 INFO [main] org.apache.jasper.servlet.TldScanner.scanJars Al menos un JAR, que se ha explorado buscando TLDs, aún no contenía TLDs. Activar historial de depuración para este historiador para una completa lista de los JARs que fueron explorados y de los que nos se halló TLDs. Saltarse JARs no necesarios durante la exploración puede dar lugar a una mejora de tiempo significativa en el arranque y compilación de JSP .
16-Jan-2026 11:03:06.133 INFO [main] org.apache.catalina.startup.HostConfig.deployWAR Deployment of web application archive [D:\Documentos\Programacion_Luis\KrakeDev\Servidor Web II\apache-tomcat-9.0.112\webapps\ejemploweb.war] has finished in [1.688] ms
16-Jan-2026 11:03:06.134 INFO [main] org.apache.catalina.startup.HostConfig.deployWAR Despliegue del archivo [D:\Documentos\Programacion_Luis\KrakeDev\Servidor Web II\apache-tomcat-9.0.112\webapps\evaluacionfinal.war] de la aplicación web
16-Jan-2026 11:03:06.766 INFO [main] org.apache.jasper.servlet.TldScanner.scanJars Al menos un JAR, que se ha explorado buscando TLDs, aún no contenía TLDs. Activar historial de depuración para este historiador para una completa lista de los JARs que fueron explorados y de los que nos se halló TLDs. Saltarse JARs no necesarios durante la exploración puede dar lugar a una mejora de tiempo significativa en el arranque y compilación de JSP .
16-Jan-2026 11:03:07.402 INFO [main] org.apache.catalina.startup.HostConfig.deployWAR Deployment of web application archive [D:\Documentos\Programacion_Luis\KrakeDev\Servidor Web II\apache-tomcat-9.0.112\webapps\evaluacionfinal.war] has finished in [1.268] ms
16-Jan-2026 11:03:07.403 INFO [main] org.apache.catalina.startup.HostConfig.deployWAR Despliegue del archivo [D:\Documentos\Programacion_Luis\KrakeDev\Servidor Web II\apache-tomcat-9.0.112\webapps\inventario.war] de la aplicación web
16-Jan-2026 11:03:07.939 INFO [main] org.apache.jasper.servlet.TldScanner.scanJars Al menos un JAR, que se ha explorado buscando TLDs, aún no contenía TLDs. Activar historial de depuración para este historiador para una completa lista de los JARs que fueron explorados y de los que nos se halló TLDs. Saltarse JARs no necesarios durante la exploración puede dar lugar a una mejora de tiempo significativa en el arranque y compilación de JSP .
16-Jan-2026 11:03:08.436 INFO [main] org.apache.catalina.startup.HostConfig.deployWAR Deployment of web application archive [D:\Documentos\Programacion_Luis\KrakeDev\Servidor Web II\apache-tomcat-9.0.112\webapps\inventario.war] has finished in [1.033] ms
16-Jan-2026 11:03:08.437 INFO [main] org.apache.catalina.startup.HostConfig.deployWAR Despliegue del archivo [D:\Documentos\Programacion_Luis\KrakeDev\Servidor Web II\apache-tomcat-9.0.112\webapps\inventarios-1.0.0.war] de la aplicación web
16-Jan-2026 11:03:08.440 INFO [main] org.apache.catalina.startup.ExpandWar.expand An expanded directory [D:\Documentos\Programacion_Luis\KrakeDev\Servidor Web II\apache-tomcat-9.0.112\webapps\inventarios-1.0.0] was found with a last modified time that did not match the associated WAR. It will be deleted.
16-Jan-2026 11:03:14.031 INFO [main] org.apache.jasper.servlet.TldScanner.scanJars Al menos un JAR, que se ha explorado buscando TLDs, aún no contenía TLDs. Activar historial de depuración para este historiador para una completa lista de los JARs que fueron explorados y de los que nos se halló TLDs. Saltarse JARs no necesarios durante la exploración puede dar lugar a una mejora de tiempo significativa en el arranque y compilación de JSP .
16-Jan-2026 11:03:14.041 INFO [main] org.apache.catalina.startup.HostConfig.deployWAR Deployment of web application archive [D:\Documentos\Programacion_Luis\KrakeDev\Servidor Web II\apache-tomcat-9.0.112\webapps\inventarios-1.0.0.war] has finished in [5.604] ms
16-Jan-2026 11:03:14.041 INFO [main] org.apache.catalina.startup.HostConfig.deployDirectory Desplegando el directorio [D:\Documentos\Programacion_Luis\KrakeDev\Servidor Web II\apache-tomcat-9.0.112\webapps\docs] de la aplicación web
16-Jan-2026 11:03:14.120 INFO [main] org.apache.jasper.servlet.TldScanner.scanJars Al menos un JAR, que se ha explorado buscando TLDs, aún no contenía TLDs. Activar historial de depuración para este historiador para una completa lista de los JARs que fueron explorados y de los que nos se halló TLDs. Saltarse JARs no necesarios durante la exploración puede dar lugar a una mejora de tiempo significativa en el arranque y compilación de JSP .
16-Jan-2026 11:03:14.122 INFO [main] org.apache.catalina.startup.HostConfig.deployDirectory Deployment of web application directory [D:\Documentos\Programacion_Luis\KrakeDev\Servidor Web II\apache-tomcat-9.0.112\webapps\docs] has finished in [81] ms
16-Jan-2026 11:03:14.122 INFO [main] org.apache.catalina.startup.HostConfig.deployDirectory Desplegando el directorio [D:\Documentos\Programacion_Luis\KrakeDev\Servidor Web II\apache-tomcat-9.0.112\webapps\examples] de la aplicación web
16-Jan-2026 11:03:14.385 INFO [main] org.apache.jasper.servlet.TldScanner.scanJars Al menos un JAR, que se ha explorado buscando TLDs, aún no contenía TLDs. Activar historial de depuración para este historiador para una completa lista de los JARs que fueron explorados y de los que nos se halló TLDs. Saltarse JARs no necesarios durante la exploración puede dar lugar a una mejora de tiempo significativa en el arranque y compilación de JSP .
16-Jan-2026 11:03:14.434 INFO [main] org.apache.catalina.startup.HostConfig.deployDirectory Deployment of web application directory [D:\Documentos\Programacion_Luis\KrakeDev\Servidor Web II\apache-tomcat-9.0.112\webapps\examples] has finished in [312] ms
16-Jan-2026 11:03:14.435 INFO [main] org.apache.catalina.startup.HostConfig.deployDirectory Desplegando el directorio [D:\Documentos\Programacion_Luis\KrakeDev\Servidor Web II\apache-tomcat-9.0.112\webapps\host-manager] de la aplicación web
16-Jan-2026 11:03:14.522 INFO [main] org.apache.jasper.servlet.TldScanner.scanJars Al menos un JAR, que se ha explorado buscando TLDs, aún no contenía TLDs. Activar historial de depuración para este historiador para una completa lista de los JARs que fueron explorados y de los que nos se halló TLDs. Saltarse JARs no necesarios durante la exploración puede dar lugar a una mejora de tiempo significativa en el arranque y compilación de JSP .
16-Jan-2026 11:03:14.528 INFO [main] org.apache.catalina.startup.HostConfig.deployDirectory Deployment of web application directory [D:\Documentos\Programacion_Luis\KrakeDev\Servidor Web II\apache-tomcat-9.0.112\webapps\host-manager] has finished in [94] ms
16-Jan-2026 11:03:14.529 INFO [main] org.apache.catalina.startup.HostConfig.deployDirectory Desplegando el directorio [D:\Documentos\Programacion_Luis\KrakeDev\Servidor Web II\apache-tomcat-9.0.112\webapps\manager] de la aplicación web
16-Jan-2026 11:03:14.622 INFO [main] org.apache.jasper.servlet.TldScanner.scanJars Al menos un JAR, que se ha explorado buscando TLDs, aún no contenía TLDs. Activar historial de depuración para este historiador para una completa lista de los JARs que fueron explorados y de los que nos se halló TLDs. Saltarse JARs no necesarios durante la exploración puede dar lugar a una mejora de tiempo significativa en el arranque y compilación de JSP .
16-Jan-2026 11:03:14.624 INFO [main] org.apache.catalina.startup.HostConfig.deployDirectory Deployment of web application directory [D:\Documentos\Programacion_Luis\KrakeDev\Servidor Web II\apache-tomcat-9.0.112\webapps\manager] has finished in [96] ms
16-Jan-2026 11:03:14.625 INFO [main] org.apache.catalina.startup.HostConfig.deployDirectory Desplegando el directorio [D:\Documentos\Programacion_Luis\KrakeDev\Servidor Web II\apache-tomcat-9.0.112\webapps\ROOT] de la aplicación web
16-Jan-2026 11:03:14.697 INFO [main] org.apache.jasper.servlet.TldScanner.scanJars Al menos un JAR, que se ha explorado buscando TLDs, aún no contenía TLDs. Activar historial de depuración para este historiador para una completa lista de los JARs que fueron explorados y de los que nos se halló TLDs. Saltarse JARs no necesarios durante la exploración puede dar lugar a una mejora de tiempo significativa en el arranque y compilación de JSP .
16-Jan-2026 11:03:14.700 INFO [main] org.apache.catalina.startup.HostConfig.deployDirectory Deployment of web application directory [D:\Documentos\Programacion_Luis\KrakeDev\Servidor Web II\apache-tomcat-9.0.112\webapps\ROOT] has finished in [75] ms
16-Jan-2026 11:03:14.703 INFO [main] org.apache.coyote.AbstractProtocol.start Starting ProtocolHandler ["http-nio-8080"]
16-Jan-2026 11:03:14.722 INFO [main] org.apache.catalina.startup.Catalina.start Server startup in [10364] milliseconds
16-Jan-2026 11:11:45.390 INFO [Catalina-utility-1] org.apache.catalina.startup.HostConfig.undeploy Repliegue (undeploy) de la aplicación web que tiene como trayectoria de contexto [/inventarios-1.0.0]
16-Jan-2026 11:11:45.466 INFO [Catalina-utility-1] org.apache.catalina.startup.HostConfig.deployWAR Despliegue del archivo [D:\Documentos\Programacion_Luis\KrakeDev\Servidor Web II\apache-tomcat-9.0.112\webapps\inventarios-1.0.0.war] de la aplicación web
