17-Nov-2025 19:56:57.308 INFO [main] org.apache.catalina.startup.VersionLoggerListener.log Nombre de la versión del servidor: Apache Tomcat/9.0.112
17-Nov-2025 19:56:57.311 INFO [main] org.apache.catalina.startup.VersionLoggerListener.log Server built:                      Nov 6 2025 07:46:18 UTC
17-Nov-2025 19:56:57.312 INFO [main] org.apache.catalina.startup.VersionLoggerListener.log Número de versión de servidor:     9.0.112.0
17-Nov-2025 19:56:57.312 INFO [main] org.apache.catalina.startup.VersionLoggerListener.log OS Name:                           Windows 11
17-Nov-2025 19:56:57.312 INFO [main] org.apache.catalina.startup.VersionLoggerListener.log Versión de Systema Operativo:      10.0
17-Nov-2025 19:56:57.312 INFO [main] org.apache.catalina.startup.VersionLoggerListener.log Arquitectura:                      amd64
17-Nov-2025 19:56:57.312 INFO [main] org.apache.catalina.startup.VersionLoggerListener.log Java Home:                         C:\Program Files\Java\jdk-25
17-Nov-2025 19:56:57.312 INFO [main] org.apache.catalina.startup.VersionLoggerListener.log JVM Version:                       25.0.1+8-LTS-27
17-Nov-2025 19:56:57.313 INFO [main] org.apache.catalina.startup.VersionLoggerListener.log Vededor JVM:                       Oracle Corporation
17-Nov-2025 19:56:57.313 INFO [main] org.apache.catalina.startup.VersionLoggerListener.log CATALINA_BASE:                     D:\Documentos\Programacion_Luis\KrakeDev\Servidor Web II\apache-tomcat-9.0.112
17-Nov-2025 19:56:57.313 INFO [main] org.apache.catalina.startup.VersionLoggerListener.log CATALINA_HOME:                     D:\Documentos\Programacion_Luis\KrakeDev\Servidor Web II\apache-tomcat-9.0.112
17-Nov-2025 19:56:57.320 INFO [main] org.apache.catalina.startup.VersionLoggerListener.log Command line argument:             --add-opens=java.base/java.lang=ALL-UNNAMED
17-Nov-2025 19:56:57.320 INFO [main] org.apache.catalina.startup.VersionLoggerListener.log Command line argument:             --add-opens=java.base/java.lang.invoke=ALL-UNNAMED
17-Nov-2025 19:56:57.321 INFO [main] org.apache.catalina.startup.VersionLoggerListener.log Command line argument:             --add-opens=java.base/java.lang.reflect=ALL-UNNAMED
17-Nov-2025 19:56:57.321 INFO [main] org.apache.catalina.startup.VersionLoggerListener.log Command line argument:             --add-opens=java.base/java.io=ALL-UNNAMED
17-Nov-2025 19:56:57.321 INFO [main] org.apache.catalina.startup.VersionLoggerListener.log Command line argument:             --add-opens=java.base/java.util=ALL-UNNAMED
17-Nov-2025 19:56:57.322 INFO [main] org.apache.catalina.startup.VersionLoggerListener.log Command line argument:             --add-opens=java.base/java.util.concurrent=ALL-UNNAMED
17-Nov-2025 19:56:57.322 INFO [main] org.apache.catalina.startup.VersionLoggerListener.log Command line argument:             --add-opens=java.rmi/sun.rmi.transport=ALL-UNNAMED
17-Nov-2025 19:56:57.322 INFO [main] org.apache.catalina.startup.VersionLoggerListener.log Command line argument:             -Djava.util.logging.config.file=D:\Documentos\Programacion_Luis\KrakeDev\Servidor Web II\apache-tomcat-9.0.112\conf\logging.properties
17-Nov-2025 19:56:57.322 INFO [main] org.apache.catalina.startup.VersionLoggerListener.log Command line argument:             -Djava.util.logging.manager=org.apache.juli.ClassLoaderLogManager
17-Nov-2025 19:56:57.323 INFO [main] org.apache.catalina.startup.VersionLoggerListener.log Command line argument:             -Djdk.tls.ephemeralDHKeySize=2048
17-Nov-2025 19:56:57.323 INFO [main] org.apache.catalina.startup.VersionLoggerListener.log Command line argument:             -Djava.protocol.handler.pkgs=org.apache.catalina.webresources
17-Nov-2025 19:56:57.323 INFO [main] org.apache.catalina.startup.VersionLoggerListener.log Command line argument:             -Dsun.io.useCanonCaches=false
17-Nov-2025 19:56:57.323 INFO [main] org.apache.catalina.startup.VersionLoggerListener.log Command line argument:             -Dignore.endorsed.dirs=
17-Nov-2025 19:56:57.323 INFO [main] org.apache.catalina.startup.VersionLoggerListener.log Command line argument:             -Dcatalina.base=D:\Documentos\Programacion_Luis\KrakeDev\Servidor Web II\apache-tomcat-9.0.112
17-Nov-2025 19:56:57.323 INFO [main] org.apache.catalina.startup.VersionLoggerListener.log Command line argument:             -Dcatalina.home=D:\Documentos\Programacion_Luis\KrakeDev\Servidor Web II\apache-tomcat-9.0.112
17-Nov-2025 19:56:57.323 INFO [main] org.apache.catalina.startup.VersionLoggerListener.log Command line argument:             -Djava.io.tmpdir=D:\Documentos\Programacion_Luis\KrakeDev\Servidor Web II\apache-tomcat-9.0.112\temp
17-Nov-2025 19:56:57.373 INFO [main] org.apache.catalina.core.AprLifecycleListener.lifecycleEvent Cargada la biblioteca nativa APR de Apache Tomcat [1.3.1] con la versión APR [1.7.4].
17-Nov-2025 19:56:57.373 INFO [main] org.apache.catalina.core.AprLifecycleListener.lifecycleEvent Capacidades APR: IPv6 [true], enviar fichero [true], aceptar filtros [false], aleatorio [true], UDS [true].
17-Nov-2025 19:56:57.373 INFO [main] org.apache.catalina.core.AprLifecycleListener.lifecycleEvent APR/OpenSSL configuration: useAprConnector [false], useOpenSSL [true]
17-Nov-2025 19:56:57.382 INFO [main] org.apache.catalina.core.AprLifecycleListener.initializeSSL OpenSSL inicializado correctamente [OpenSSL 3.0.14 4 Jun 2024]
17-Nov-2025 19:56:57.630 INFO [main] org.apache.coyote.AbstractProtocol.init Inicializando el manejador de protocolo ["http-nio-8080"]

17-Nov-2025 19:56:57.652 INFO [main] org.apache.catalina.startup.Catalina.load Server initialization in [487] milliseconds
17-Nov-2025 19:56:57.685 INFO [main] org.apache.catalina.core.StandardService.startInternal Arrancando servicio [Catalina]
17-Nov-2025 19:56:57.686 INFO [main] org.apache.catalina.core.StandardEngine.startInternal Starting Servlet engine: [Apache Tomcat/9.0.112]
17-Nov-2025 19:56:57.722 INFO [main] org.apache.catalina.startup.HostConfig.deployWAR Despliegue del archivo [D:\Documentos\Programacion_Luis\KrakeDev\Servidor Web II\apache-tomcat-9.0.112\webapps\ejemploweb.war] de la aplicación web
17-Nov-2025 19:56:59.951 INFO [main] org.apache.jasper.servlet.TldScanner.scanJars Al menos un JAR, que se ha explorado buscando TLDs, aún no contenía TLDs. Activar historial de depuración para este historiador para una completa lista de los JARs que fueron explorados y de los que nos se halló TLDs. Saltarse JARs no necesarios durante la exploración puede dar lugar a una mejora de tiempo significativa en el arranque y compilación de JSP .
17-Nov-2025 19:57:00.639 INFO [main] org.apache.catalina.startup.HostConfig.deployWAR Deployment of web application archive [D:\Documentos\Programacion_Luis\KrakeDev\Servidor Web II\apache-tomcat-9.0.112\webapps\ejemploweb.war] has finished in [2.914] ms
17-Nov-2025 19:57:00.640 INFO [main] org.apache.catalina.startup.HostConfig.deployDirectory Desplegando el directorio [D:\Documentos\Programacion_Luis\KrakeDev\Servidor Web II\apache-tomcat-9.0.112\webapps\docs] de la aplicación web
17-Nov-2025 19:57:00.673 INFO [main] org.apache.catalina.startup.HostConfig.deployDirectory Deployment of web application directory [D:\Documentos\Programacion_Luis\KrakeDev\Servidor Web II\apache-tomcat-9.0.112\webapps\docs] has finished in [32] ms
17-Nov-2025 19:57:00.673 INFO [main] org.apache.catalina.startup.HostConfig.deployDirectory Desplegando el directorio [D:\Documentos\Programacion_Luis\KrakeDev\Servidor Web II\apache-tomcat-9.0.112\webapps\examples] de la aplicación web
17-Nov-2025 19:57:00.995 INFO [main] org.apache.catalina.startup.HostConfig.deployDirectory Deployment of web application directory [D:\Documentos\Programacion_Luis\KrakeDev\Servidor Web II\apache-tomcat-9.0.112\webapps\examples] has finished in [322] ms
17-Nov-2025 19:57:00.997 INFO [main] org.apache.catalina.startup.HostConfig.deployDirectory Desplegando el directorio [D:\Documentos\Programacion_Luis\KrakeDev\Servidor Web II\apache-tomcat-9.0.112\webapps\host-manager] de la aplicación web
17-Nov-2025 19:57:01.036 INFO [main] org.apache.catalina.startup.HostConfig.deployDirectory Deployment of web application directory [D:\Documentos\Programacion_Luis\KrakeDev\Servidor Web II\apache-tomcat-9.0.112\webapps\host-manager] has finished in [39] ms
17-Nov-2025 19:57:01.037 INFO [main] org.apache.catalina.startup.HostConfig.deployDirectory Desplegando el directorio [D:\Documentos\Programacion_Luis\KrakeDev\Servidor Web II\apache-tomcat-9.0.112\webapps\manager] de la aplicación web
17-Nov-2025 19:57:01.075 INFO [main] org.apache.catalina.startup.HostConfig.deployDirectory Deployment of web application directory [D:\Documentos\Programacion_Luis\KrakeDev\Servidor Web II\apache-tomcat-9.0.112\webapps\manager] has finished in [37] ms
17-Nov-2025 19:57:01.075 INFO [main] org.apache.catalina.startup.HostConfig.deployDirectory Desplegando el directorio [D:\Documentos\Programacion_Luis\KrakeDev\Servidor Web II\apache-tomcat-9.0.112\webapps\ROOT] de la aplicación web
17-Nov-2025 19:57:01.100 INFO [main] org.apache.catalina.startup.HostConfig.deployDirectory Deployment of web application directory [D:\Documentos\Programacion_Luis\KrakeDev\Servidor Web II\apache-tomcat-9.0.112\webapps\ROOT] has finished in [25] ms
17-Nov-2025 19:57:01.104 INFO [main] org.apache.coyote.AbstractProtocol.start Starting ProtocolHandler ["http-nio-8080"]
17-Nov-2025 19:57:01.136 INFO [main] org.apache.catalina.startup.Catalina.start Server startup in [3480] milliseconds
17-Nov-2025 19:57:15.554 WARNING [http-nio-8080-exec-6] org.apache.catalina.realm.LockOutRealm.filterLockedAccounts Se ha intentado autenticar al usuario bloqueado [admin]
17-Nov-2025 19:57:16.108 WARNING [http-nio-8080-exec-7] org.apache.catalina.realm.LockOutRealm.filterLockedAccounts Se ha intentado autenticar al usuario bloqueado [admin]
17-Nov-2025 19:57:17.112 WARNING [http-nio-8080-exec-8] org.apache.catalina.realm.LockOutRealm.filterLockedAccounts Se ha intentado autenticar al usuario bloqueado [admin]
17-Nov-2025 19:57:56.290 WARNING [http-nio-8080-exec-9] org.apache.catalina.realm.LockOutRealm.filterLockedAccounts Se ha intentado autenticar al usuario bloqueado [admin]
17-Nov-2025 19:57:57.392 WARNING [http-nio-8080-exec-10] org.apache.catalina.realm.LockOutRealm.filterLockedAccounts Se ha intentado autenticar al usuario bloqueado [admin]
17-Nov-2025 19:58:00.027 WARNING [http-nio-8080-exec-1] org.apache.catalina.realm.LockOutRealm.filterLockedAccounts Se ha intentado autenticar al usuario bloqueado [admin]
17-Nov-2025 19:58:03.658 WARNING [http-nio-8080-exec-5] org.apache.catalina.realm.LockOutRealm.filterLockedAccounts Se ha intentado autenticar al usuario bloqueado [admin]
17-Nov-2025 19:58:04.439 WARNING [http-nio-8080-exec-3] org.apache.catalina.realm.LockOutRealm.filterLockedAccounts Se ha intentado autenticar al usuario bloqueado [admin]
17-Nov-2025 19:58:08.775 WARNING [http-nio-8080-exec-4] org.apache.catalina.realm.LockOutRealm.filterLockedAccounts Se ha intentado autenticar al usuario bloqueado [admin]
17-Nov-2025 19:58:09.399 WARNING [http-nio-8080-exec-6] org.apache.catalina.realm.LockOutRealm.filterLockedAccounts Se ha intentado autenticar al usuario bloqueado [admin]
17-Nov-2025 19:59:17.350 INFO [main] org.apache.catalina.core.StandardServer.await Se ha recibido un comando de apagado a través del puerto de apagado. Parando la instancia del Servidor.
17-Nov-2025 19:59:17.351 INFO [main] org.apache.coyote.AbstractProtocol.pause Pausing ProtocolHandler ["http-nio-8080"]
17-Nov-2025 19:59:17.372 INFO [main] org.apache.catalina.core.StandardService.stopInternal Parando servicio [Catalina]
17-Nov-2025 19:59:17.404 INFO [main] org.apache.coyote.AbstractProtocol.stop Stopping ProtocolHandler ["http-nio-8080"]
17-Nov-2025 19:59:17.420 INFO [main] org.apache.coyote.AbstractProtocol.destroy Destroying ProtocolHandler ["http-nio-8080"]
17-Nov-2025 19:59:28.961 INFO [main] org.apache.catalina.startup.VersionLoggerListener.log Nombre de la versión del servidor: Apache Tomcat/9.0.112
17-Nov-2025 19:59:28.964 INFO [main] org.apache.catalina.startup.VersionLoggerListener.log Server built:                      Nov 6 2025 07:46:18 UTC
17-Nov-2025 19:59:28.964 INFO [main] org.apache.catalina.startup.VersionLoggerListener.log Número de versión de servidor:     9.0.112.0
17-Nov-2025 19:59:28.965 INFO [main] org.apache.catalina.startup.VersionLoggerListener.log OS Name:                           Windows 11
17-Nov-2025 19:59:28.965 INFO [main] org.apache.catalina.startup.VersionLoggerListener.log Versión de Systema Operativo:      10.0
17-Nov-2025 19:59:28.965 INFO [main] org.apache.catalina.startup.VersionLoggerListener.log Arquitectura:                      amd64
17-Nov-2025 19:59:28.965 INFO [main] org.apache.catalina.startup.VersionLoggerListener.log Java Home:                         C:\Program Files\Java\jdk-25
17-Nov-2025 19:59:28.965 INFO [main] org.apache.catalina.startup.VersionLoggerListener.log JVM Version:                       25.0.1+8-LTS-27
17-Nov-2025 19:59:28.966 INFO [main] org.apache.catalina.startup.VersionLoggerListener.log Vededor JVM:                       Oracle Corporation
17-Nov-2025 19:59:28.966 INFO [main] org.apache.catalina.startup.VersionLoggerListener.log CATALINA_BASE:                     D:\Documentos\Programacion_Luis\KrakeDev\Servidor Web II\apache-tomcat-9.0.112
17-Nov-2025 19:59:28.966 INFO [main] org.apache.catalina.startup.VersionLoggerListener.log CATALINA_HOME:                     D:\Documentos\Programacion_Luis\KrakeDev\Servidor Web II\apache-tomcat-9.0.112
17-Nov-2025 19:59:28.974 INFO [main] org.apache.catalina.startup.VersionLoggerListener.log Command line argument:             --add-opens=java.base/java.lang=ALL-UNNAMED
17-Nov-2025 19:59:28.974 INFO [main] org.apache.catalina.startup.VersionLoggerListener.log Command line argument:             --add-opens=java.base/java.lang.invoke=ALL-UNNAMED
17-Nov-2025 19:59:28.975 INFO [main] org.apache.catalina.startup.VersionLoggerListener.log Command line argument:             --add-opens=java.base/java.lang.reflect=ALL-UNNAMED
17-Nov-2025 19:59:28.975 INFO [main] org.apache.catalina.startup.VersionLoggerListener.log Command line argument:             --add-opens=java.base/java.io=ALL-UNNAMED
17-Nov-2025 19:59:28.975 INFO [main] org.apache.catalina.startup.VersionLoggerListener.log Command line argument:             --add-opens=java.base/java.util=ALL-UNNAMED
17-Nov-2025 19:59:28.975 INFO [main] org.apache.catalina.startup.VersionLoggerListener.log Command line argument:             --add-opens=java.base/java.util.concurrent=ALL-UNNAMED
17-Nov-2025 19:59:28.976 INFO [main] org.apache.catalina.startup.VersionLoggerListener.log Command line argument:             --add-opens=java.rmi/sun.rmi.transport=ALL-UNNAMED
17-Nov-2025 19:59:28.976 INFO [main] org.apache.catalina.startup.VersionLoggerListener.log Command line argument:             -Djava.util.logging.config.file=D:\Documentos\Programacion_Luis\KrakeDev\Servidor Web II\apache-tomcat-9.0.112\conf\logging.properties
17-Nov-2025 19:59:28.976 INFO [main] org.apache.catalina.startup.VersionLoggerListener.log Command line argument:             -Djava.util.logging.manager=org.apache.juli.ClassLoaderLogManager
17-Nov-2025 19:59:28.976 INFO [main] org.apache.catalina.startup.VersionLoggerListener.log Command line argument:             -Djdk.tls.ephemeralDHKeySize=2048
17-Nov-2025 19:59:28.976 INFO [main] org.apache.catalina.startup.VersionLoggerListener.log Command line argument:             -Djava.protocol.handler.pkgs=org.apache.catalina.webresources
17-Nov-2025 19:59:28.977 INFO [main] org.apache.catalina.startup.VersionLoggerListener.log Command line argument:             -Dsun.io.useCanonCaches=false
17-Nov-2025 19:59:28.977 INFO [main] org.apache.catalina.startup.VersionLoggerListener.log Command line argument:             -Dignore.endorsed.dirs=
17-Nov-2025 19:59:28.977 INFO [main] org.apache.catalina.startup.VersionLoggerListener.log Command line argument:             -Dcatalina.base=D:\Documentos\Programacion_Luis\KrakeDev\Servidor Web II\apache-tomcat-9.0.112
17-Nov-2025 19:59:28.977 INFO [main] org.apache.catalina.startup.VersionLoggerListener.log Command line argument:             -Dcatalina.home=D:\Documentos\Programacion_Luis\KrakeDev\Servidor Web II\apache-tomcat-9.0.112
17-Nov-2025 19:59:28.977 INFO [main] org.apache.catalina.startup.VersionLoggerListener.log Command line argument:             -Djava.io.tmpdir=D:\Documentos\Programacion_Luis\KrakeDev\Servidor Web II\apache-tomcat-9.0.112\temp
17-Nov-2025 19:59:28.982 INFO [main] org.apache.catalina.core.AprLifecycleListener.lifecycleEvent Cargada la biblioteca nativa APR de Apache Tomcat [1.3.1] con la versión APR [1.7.4].
17-Nov-2025 19:59:28.982 INFO [main] org.apache.catalina.core.AprLifecycleListener.lifecycleEvent Capacidades APR: IPv6 [true], enviar fichero [true], aceptar filtros [false], aleatorio [true], UDS [true].
17-Nov-2025 19:59:28.982 INFO [main] org.apache.catalina.core.AprLifecycleListener.lifecycleEvent APR/OpenSSL configuration: useAprConnector [false], useOpenSSL [true]
17-Nov-2025 19:59:28.991 INFO [main] org.apache.catalina.core.AprLifecycleListener.initializeSSL OpenSSL inicializado correctamente [OpenSSL 3.0.14 4 Jun 2024]
17-Nov-2025 19:59:29.236 INFO [main] org.apache.coyote.AbstractProtocol.init Inicializando el manejador de protocolo ["http-nio-8080"]

17-Nov-2025 19:59:29.258 INFO [main] org.apache.catalina.startup.Catalina.load Server initialization in [445] milliseconds
17-Nov-2025 19:59:29.289 INFO [main] org.apache.catalina.core.StandardService.startInternal Arrancando servicio [Catalina]
17-Nov-2025 19:59:29.289 INFO [main] org.apache.catalina.core.StandardEngine.startInternal Starting Servlet engine: [Apache Tomcat/9.0.112]
17-Nov-2025 19:59:29.299 INFO [main] org.apache.catalina.startup.HostConfig.deployWAR Despliegue del archivo [D:\Documentos\Programacion_Luis\KrakeDev\Servidor Web II\apache-tomcat-9.0.112\webapps\ejemploweb.war] de la aplicación web
17-Nov-2025 19:59:29.936 INFO [main] org.apache.jasper.servlet.TldScanner.scanJars Al menos un JAR, que se ha explorado buscando TLDs, aún no contenía TLDs. Activar historial de depuración para este historiador para una completa lista de los JARs que fueron explorados y de los que nos se halló TLDs. Saltarse JARs no necesarios durante la exploración puede dar lugar a una mejora de tiempo significativa en el arranque y compilación de JSP .
17-Nov-2025 19:59:30.574 INFO [main] org.apache.catalina.startup.HostConfig.deployWAR Deployment of web application archive [D:\Documentos\Programacion_Luis\KrakeDev\Servidor Web II\apache-tomcat-9.0.112\webapps\ejemploweb.war] has finished in [1.271] ms
17-Nov-2025 19:59:30.574 INFO [main] org.apache.catalina.startup.HostConfig.deployDirectory Desplegando el directorio [D:\Documentos\Programacion_Luis\KrakeDev\Servidor Web II\apache-tomcat-9.0.112\webapps\docs] de la aplicación web
17-Nov-2025 19:59:30.599 INFO [main] org.apache.catalina.startup.HostConfig.deployDirectory Deployment of web application directory [D:\Documentos\Programacion_Luis\KrakeDev\Servidor Web II\apache-tomcat-9.0.112\webapps\docs] has finished in [25] ms
17-Nov-2025 19:59:30.599 INFO [main] org.apache.catalina.startup.HostConfig.deployDirectory Desplegando el directorio [D:\Documentos\Programacion_Luis\KrakeDev\Servidor Web II\apache-tomcat-9.0.112\webapps\examples] de la aplicación web
17-Nov-2025 19:59:30.832 INFO [main] org.apache.catalina.startup.HostConfig.deployDirectory Deployment of web application directory [D:\Documentos\Programacion_Luis\KrakeDev\Servidor Web II\apache-tomcat-9.0.112\webapps\examples] has finished in [233] ms
17-Nov-2025 19:59:30.832 INFO [main] org.apache.catalina.startup.HostConfig.deployDirectory Desplegando el directorio [D:\Documentos\Programacion_Luis\KrakeDev\Servidor Web II\apache-tomcat-9.0.112\webapps\host-manager] de la aplicación web
17-Nov-2025 19:59:30.860 INFO [main] org.apache.catalina.startup.HostConfig.deployDirectory Deployment of web application directory [D:\Documentos\Programacion_Luis\KrakeDev\Servidor Web II\apache-tomcat-9.0.112\webapps\host-manager] has finished in [28] ms
17-Nov-2025 19:59:30.861 INFO [main] org.apache.catalina.startup.HostConfig.deployDirectory Desplegando el directorio [D:\Documentos\Programacion_Luis\KrakeDev\Servidor Web II\apache-tomcat-9.0.112\webapps\manager] de la aplicación web
17-Nov-2025 19:59:30.887 INFO [main] org.apache.catalina.startup.HostConfig.deployDirectory Deployment of web application directory [D:\Documentos\Programacion_Luis\KrakeDev\Servidor Web II\apache-tomcat-9.0.112\webapps\manager] has finished in [26] ms
17-Nov-2025 19:59:30.888 INFO [main] org.apache.catalina.startup.HostConfig.deployDirectory Desplegando el directorio [D:\Documentos\Programacion_Luis\KrakeDev\Servidor Web II\apache-tomcat-9.0.112\webapps\ROOT] de la aplicación web
17-Nov-2025 19:59:30.911 INFO [main] org.apache.catalina.startup.HostConfig.deployDirectory Deployment of web application directory [D:\Documentos\Programacion_Luis\KrakeDev\Servidor Web II\apache-tomcat-9.0.112\webapps\ROOT] has finished in [22] ms
17-Nov-2025 19:59:30.915 INFO [main] org.apache.coyote.AbstractProtocol.start Starting ProtocolHandler ["http-nio-8080"]
17-Nov-2025 19:59:30.943 INFO [main] org.apache.catalina.startup.Catalina.start Server startup in [1683] milliseconds
17-Nov-2025 19:59:49.342 WARNING [http-nio-8080-exec-7] org.apache.catalina.realm.LockOutRealm.filterLockedAccounts Se ha intentado autenticar al usuario bloqueado [admin]
17-Nov-2025 20:01:00.992 INFO [Catalina-utility-1] org.apache.catalina.users.MemoryUserDatabase.backgroundProcess Reloading memory user database [UserDatabase] from updated source [file:/D:/Documentos/Programacion_Luis/KrakeDev/Servidor%20Web%20II/apache-tomcat-9.0.112/conf/tomcat-users.xml]
17-Nov-2025 20:01:01.930 INFO [main] org.apache.catalina.core.StandardServer.await Se ha recibido un comando de apagado a través del puerto de apagado. Parando la instancia del Servidor.
17-Nov-2025 20:01:01.930 INFO [main] org.apache.coyote.AbstractProtocol.pause Pausing ProtocolHandler ["http-nio-8080"]
17-Nov-2025 20:01:01.950 INFO [main] org.apache.catalina.core.StandardService.stopInternal Parando servicio [Catalina]
17-Nov-2025 20:01:01.997 INFO [main] org.apache.coyote.AbstractProtocol.stop Stopping ProtocolHandler ["http-nio-8080"]
17-Nov-2025 20:01:02.015 INFO [main] org.apache.coyote.AbstractProtocol.destroy Destroying ProtocolHandler ["http-nio-8080"]
17-Nov-2025 20:01:16.162 INFO [main] org.apache.catalina.startup.VersionLoggerListener.log Nombre de la versión del servidor: Apache Tomcat/9.0.112
17-Nov-2025 20:01:16.164 INFO [main] org.apache.catalina.startup.VersionLoggerListener.log Server built:                      Nov 6 2025 07:46:18 UTC
17-Nov-2025 20:01:16.165 INFO [main] org.apache.catalina.startup.VersionLoggerListener.log Número de versión de servidor:     9.0.112.0
17-Nov-2025 20:01:16.165 INFO [main] org.apache.catalina.startup.VersionLoggerListener.log OS Name:                           Windows 11
17-Nov-2025 20:01:16.165 INFO [main] org.apache.catalina.startup.VersionLoggerListener.log Versión de Systema Operativo:      10.0
17-Nov-2025 20:01:16.165 INFO [main] org.apache.catalina.startup.VersionLoggerListener.log Arquitectura:                      amd64
17-Nov-2025 20:01:16.165 INFO [main] org.apache.catalina.startup.VersionLoggerListener.log Java Home:                         C:\Program Files\Java\jdk-25
17-Nov-2025 20:01:16.165 INFO [main] org.apache.catalina.startup.VersionLoggerListener.log JVM Version:                       25.0.1+8-LTS-27
17-Nov-2025 20:01:16.166 INFO [main] org.apache.catalina.startup.VersionLoggerListener.log Vededor JVM:                       Oracle Corporation
17-Nov-2025 20:01:16.166 INFO [main] org.apache.catalina.startup.VersionLoggerListener.log CATALINA_BASE:                     D:\Documentos\Programacion_Luis\KrakeDev\Servidor Web II\apache-tomcat-9.0.112
17-Nov-2025 20:01:16.166 INFO [main] org.apache.catalina.startup.VersionLoggerListener.log CATALINA_HOME:                     D:\Documentos\Programacion_Luis\KrakeDev\Servidor Web II\apache-tomcat-9.0.112
17-Nov-2025 20:01:16.174 INFO [main] org.apache.catalina.startup.VersionLoggerListener.log Command line argument:             --add-opens=java.base/java.lang=ALL-UNNAMED
17-Nov-2025 20:01:16.174 INFO [main] org.apache.catalina.startup.VersionLoggerListener.log Command line argument:             --add-opens=java.base/java.lang.invoke=ALL-UNNAMED
17-Nov-2025 20:01:16.175 INFO [main] org.apache.catalina.startup.VersionLoggerListener.log Command line argument:             --add-opens=java.base/java.lang.reflect=ALL-UNNAMED
17-Nov-2025 20:01:16.175 INFO [main] org.apache.catalina.startup.VersionLoggerListener.log Command line argument:             --add-opens=java.base/java.io=ALL-UNNAMED
17-Nov-2025 20:01:16.175 INFO [main] org.apache.catalina.startup.VersionLoggerListener.log Command line argument:             --add-opens=java.base/java.util=ALL-UNNAMED
17-Nov-2025 20:01:16.175 INFO [main] org.apache.catalina.startup.VersionLoggerListener.log Command line argument:             --add-opens=java.base/java.util.concurrent=ALL-UNNAMED
17-Nov-2025 20:01:16.176 INFO [main] org.apache.catalina.startup.VersionLoggerListener.log Command line argument:             --add-opens=java.rmi/sun.rmi.transport=ALL-UNNAMED
17-Nov-2025 20:01:16.176 INFO [main] org.apache.catalina.startup.VersionLoggerListener.log Command line argument:             -Djava.util.logging.config.file=D:\Documentos\Programacion_Luis\KrakeDev\Servidor Web II\apache-tomcat-9.0.112\conf\logging.properties
17-Nov-2025 20:01:16.176 INFO [main] org.apache.catalina.startup.VersionLoggerListener.log Command line argument:             -Djava.util.logging.manager=org.apache.juli.ClassLoaderLogManager
17-Nov-2025 20:01:16.176 INFO [main] org.apache.catalina.startup.VersionLoggerListener.log Command line argument:             -Djdk.tls.ephemeralDHKeySize=2048
17-Nov-2025 20:01:16.177 INFO [main] org.apache.catalina.startup.VersionLoggerListener.log Command line argument:             -Djava.protocol.handler.pkgs=org.apache.catalina.webresources
17-Nov-2025 20:01:16.177 INFO [main] org.apache.catalina.startup.VersionLoggerListener.log Command line argument:             -Dsun.io.useCanonCaches=false
17-Nov-2025 20:01:16.177 INFO [main] org.apache.catalina.startup.VersionLoggerListener.log Command line argument:             -Dignore.endorsed.dirs=
17-Nov-2025 20:01:16.177 INFO [main] org.apache.catalina.startup.VersionLoggerListener.log Command line argument:             -Dcatalina.base=D:\Documentos\Programacion_Luis\KrakeDev\Servidor Web II\apache-tomcat-9.0.112
17-Nov-2025 20:01:16.178 INFO [main] org.apache.catalina.startup.VersionLoggerListener.log Command line argument:             -Dcatalina.home=D:\Documentos\Programacion_Luis\KrakeDev\Servidor Web II\apache-tomcat-9.0.112
17-Nov-2025 20:01:16.178 INFO [main] org.apache.catalina.startup.VersionLoggerListener.log Command line argument:             -Djava.io.tmpdir=D:\Documentos\Programacion_Luis\KrakeDev\Servidor Web II\apache-tomcat-9.0.112\temp
17-Nov-2025 20:01:16.183 INFO [main] org.apache.catalina.core.AprLifecycleListener.lifecycleEvent Cargada la biblioteca nativa APR de Apache Tomcat [1.3.1] con la versión APR [1.7.4].
17-Nov-2025 20:01:16.184 INFO [main] org.apache.catalina.core.AprLifecycleListener.lifecycleEvent Capacidades APR: IPv6 [true], enviar fichero [true], aceptar filtros [false], aleatorio [true], UDS [true].
17-Nov-2025 20:01:16.184 INFO [main] org.apache.catalina.core.AprLifecycleListener.lifecycleEvent APR/OpenSSL configuration: useAprConnector [false], useOpenSSL [true]
17-Nov-2025 20:01:16.192 INFO [main] org.apache.catalina.core.AprLifecycleListener.initializeSSL OpenSSL inicializado correctamente [OpenSSL 3.0.14 4 Jun 2024]
17-Nov-2025 20:01:16.428 INFO [main] org.apache.coyote.AbstractProtocol.init Inicializando el manejador de protocolo ["http-nio-8080"]

17-Nov-2025 20:01:16.450 INFO [main] org.apache.catalina.startup.Catalina.load Server initialization in [443] milliseconds
17-Nov-2025 20:01:16.484 INFO [main] org.apache.catalina.core.StandardService.startInternal Arrancando servicio [Catalina]
17-Nov-2025 20:01:16.485 INFO [main] org.apache.catalina.core.StandardEngine.startInternal Starting Servlet engine: [Apache Tomcat/9.0.112]
17-Nov-2025 20:01:16.496 INFO [main] org.apache.catalina.startup.HostConfig.deployWAR Despliegue del archivo [D:\Documentos\Programacion_Luis\KrakeDev\Servidor Web II\apache-tomcat-9.0.112\webapps\ejemploweb.war] de la aplicación web
17-Nov-2025 20:01:17.144 INFO [main] org.apache.jasper.servlet.TldScanner.scanJars Al menos un JAR, que se ha explorado buscando TLDs, aún no contenía TLDs. Activar historial de depuración para este historiador para una completa lista de los JARs que fueron explorados y de los que nos se halló TLDs. Saltarse JARs no necesarios durante la exploración puede dar lugar a una mejora de tiempo significativa en el arranque y compilación de JSP .
17-Nov-2025 20:01:17.807 INFO [main] org.apache.catalina.startup.HostConfig.deployWAR Deployment of web application archive [D:\Documentos\Programacion_Luis\KrakeDev\Servidor Web II\apache-tomcat-9.0.112\webapps\ejemploweb.war] has finished in [1.310] ms
17-Nov-2025 20:01:17.808 INFO [main] org.apache.catalina.startup.HostConfig.deployDirectory Desplegando el directorio [D:\Documentos\Programacion_Luis\KrakeDev\Servidor Web II\apache-tomcat-9.0.112\webapps\docs] de la aplicación web
17-Nov-2025 20:01:17.835 INFO [main] org.apache.catalina.startup.HostConfig.deployDirectory Deployment of web application directory [D:\Documentos\Programacion_Luis\KrakeDev\Servidor Web II\apache-tomcat-9.0.112\webapps\docs] has finished in [27] ms
17-Nov-2025 20:01:17.835 INFO [main] org.apache.catalina.startup.HostConfig.deployDirectory Desplegando el directorio [D:\Documentos\Programacion_Luis\KrakeDev\Servidor Web II\apache-tomcat-9.0.112\webapps\examples] de la aplicación web
17-Nov-2025 20:01:18.055 INFO [main] org.apache.catalina.startup.HostConfig.deployDirectory Deployment of web application directory [D:\Documentos\Programacion_Luis\KrakeDev\Servidor Web II\apache-tomcat-9.0.112\webapps\examples] has finished in [220] ms
17-Nov-2025 20:01:18.056 INFO [main] org.apache.catalina.startup.HostConfig.deployDirectory Desplegando el directorio [D:\Documentos\Programacion_Luis\KrakeDev\Servidor Web II\apache-tomcat-9.0.112\webapps\host-manager] de la aplicación web
17-Nov-2025 20:01:18.084 INFO [main] org.apache.catalina.startup.HostConfig.deployDirectory Deployment of web application directory [D:\Documentos\Programacion_Luis\KrakeDev\Servidor Web II\apache-tomcat-9.0.112\webapps\host-manager] has finished in [28] ms
17-Nov-2025 20:01:18.085 INFO [main] org.apache.catalina.startup.HostConfig.deployDirectory Desplegando el directorio [D:\Documentos\Programacion_Luis\KrakeDev\Servidor Web II\apache-tomcat-9.0.112\webapps\manager] de la aplicación web
17-Nov-2025 20:01:18.111 INFO [main] org.apache.catalina.startup.HostConfig.deployDirectory Deployment of web application directory [D:\Documentos\Programacion_Luis\KrakeDev\Servidor Web II\apache-tomcat-9.0.112\webapps\manager] has finished in [27] ms
17-Nov-2025 20:01:18.111 INFO [main] org.apache.catalina.startup.HostConfig.deployDirectory Desplegando el directorio [D:\Documentos\Programacion_Luis\KrakeDev\Servidor Web II\apache-tomcat-9.0.112\webapps\ROOT] de la aplicación web
17-Nov-2025 20:01:18.141 INFO [main] org.apache.catalina.startup.HostConfig.deployDirectory Deployment of web application directory [D:\Documentos\Programacion_Luis\KrakeDev\Servidor Web II\apache-tomcat-9.0.112\webapps\ROOT] has finished in [30] ms
17-Nov-2025 20:01:18.146 INFO [main] org.apache.coyote.AbstractProtocol.start Starting ProtocolHandler ["http-nio-8080"]
17-Nov-2025 20:01:18.167 INFO [main] org.apache.catalina.startup.Catalina.start Server startup in [1715] milliseconds
17-Nov-2025 20:01:43.107 WARNING [http-nio-8080-exec-2] org.apache.catalina.realm.LockOutRealm.filterLockedAccounts Se ha intentado autenticar al usuario bloqueado [admin]
17-Nov-2025 20:02:48.262 INFO [Catalina-utility-1] org.apache.catalina.users.MemoryUserDatabase.backgroundProcess Reloading memory user database [UserDatabase] from updated source [file:/D:/Documentos/Programacion_Luis/KrakeDev/Servidor%20Web%20II/apache-tomcat-9.0.112/conf/tomcat-users.xml]
17-Nov-2025 20:02:55.439 INFO [main] org.apache.catalina.core.StandardServer.await Se ha recibido un comando de apagado a través del puerto de apagado. Parando la instancia del Servidor.
17-Nov-2025 20:02:55.440 INFO [main] org.apache.coyote.AbstractProtocol.pause Pausing ProtocolHandler ["http-nio-8080"]
17-Nov-2025 20:02:55.460 INFO [main] org.apache.catalina.core.StandardService.stopInternal Parando servicio [Catalina]
17-Nov-2025 20:02:55.507 INFO [main] org.apache.coyote.AbstractProtocol.stop Stopping ProtocolHandler ["http-nio-8080"]
17-Nov-2025 20:02:55.523 INFO [main] org.apache.coyote.AbstractProtocol.destroy Destroying ProtocolHandler ["http-nio-8080"]
17-Nov-2025 20:02:58.179 INFO [main] org.apache.catalina.startup.VersionLoggerListener.log Nombre de la versión del servidor: Apache Tomcat/9.0.112
17-Nov-2025 20:02:58.182 INFO [main] org.apache.catalina.startup.VersionLoggerListener.log Server built:                      Nov 6 2025 07:46:18 UTC
17-Nov-2025 20:02:58.182 INFO [main] org.apache.catalina.startup.VersionLoggerListener.log Número de versión de servidor:     9.0.112.0
17-Nov-2025 20:02:58.182 INFO [main] org.apache.catalina.startup.VersionLoggerListener.log OS Name:                           Windows 11
17-Nov-2025 20:02:58.182 INFO [main] org.apache.catalina.startup.VersionLoggerListener.log Versión de Systema Operativo:      10.0
17-Nov-2025 20:02:58.183 INFO [main] org.apache.catalina.startup.VersionLoggerListener.log Arquitectura:                      amd64
17-Nov-2025 20:02:58.183 INFO [main] org.apache.catalina.startup.VersionLoggerListener.log Java Home:                         C:\Program Files\Java\jdk-25
17-Nov-2025 20:02:58.183 INFO [main] org.apache.catalina.startup.VersionLoggerListener.log JVM Version:                       25.0.1+8-LTS-27
17-Nov-2025 20:02:58.183 INFO [main] org.apache.catalina.startup.VersionLoggerListener.log Vededor JVM:                       Oracle Corporation
17-Nov-2025 20:02:58.184 INFO [main] org.apache.catalina.startup.VersionLoggerListener.log CATALINA_BASE:                     D:\Documentos\Programacion_Luis\KrakeDev\Servidor Web II\apache-tomcat-9.0.112
17-Nov-2025 20:02:58.184 INFO [main] org.apache.catalina.startup.VersionLoggerListener.log CATALINA_HOME:                     D:\Documentos\Programacion_Luis\KrakeDev\Servidor Web II\apache-tomcat-9.0.112
17-Nov-2025 20:02:58.191 INFO [main] org.apache.catalina.startup.VersionLoggerListener.log Command line argument:             --add-opens=java.base/java.lang=ALL-UNNAMED
17-Nov-2025 20:02:58.191 INFO [main] org.apache.catalina.startup.VersionLoggerListener.log Command line argument:             --add-opens=java.base/java.lang.invoke=ALL-UNNAMED
17-Nov-2025 20:02:58.191 INFO [main] org.apache.catalina.startup.VersionLoggerListener.log Command line argument:             --add-opens=java.base/java.lang.reflect=ALL-UNNAMED
17-Nov-2025 20:02:58.192 INFO [main] org.apache.catalina.startup.VersionLoggerListener.log Command line argument:             --add-opens=java.base/java.io=ALL-UNNAMED
17-Nov-2025 20:02:58.192 INFO [main] org.apache.catalina.startup.VersionLoggerListener.log Command line argument:             --add-opens=java.base/java.util=ALL-UNNAMED
17-Nov-2025 20:02:58.192 INFO [main] org.apache.catalina.startup.VersionLoggerListener.log Command line argument:             --add-opens=java.base/java.util.concurrent=ALL-UNNAMED
17-Nov-2025 20:02:58.192 INFO [main] org.apache.catalina.startup.VersionLoggerListener.log Command line argument:             --add-opens=java.rmi/sun.rmi.transport=ALL-UNNAMED
17-Nov-2025 20:02:58.192 INFO [main] org.apache.catalina.startup.VersionLoggerListener.log Command line argument:             -Djava.util.logging.config.file=D:\Documentos\Programacion_Luis\KrakeDev\Servidor Web II\apache-tomcat-9.0.112\conf\logging.properties
17-Nov-2025 20:02:58.192 INFO [main] org.apache.catalina.startup.VersionLoggerListener.log Command line argument:             -Djava.util.logging.manager=org.apache.juli.ClassLoaderLogManager
17-Nov-2025 20:02:58.192 INFO [main] org.apache.catalina.startup.VersionLoggerListener.log Command line argument:             -Djdk.tls.ephemeralDHKeySize=2048
17-Nov-2025 20:02:58.193 INFO [main] org.apache.catalina.startup.VersionLoggerListener.log Command line argument:             -Djava.protocol.handler.pkgs=org.apache.catalina.webresources
17-Nov-2025 20:02:58.193 INFO [main] org.apache.catalina.startup.VersionLoggerListener.log Command line argument:             -Dsun.io.useCanonCaches=false
17-Nov-2025 20:02:58.193 INFO [main] org.apache.catalina.startup.VersionLoggerListener.log Command line argument:             -Dignore.endorsed.dirs=
17-Nov-2025 20:02:58.193 INFO [main] org.apache.catalina.startup.VersionLoggerListener.log Command line argument:             -Dcatalina.base=D:\Documentos\Programacion_Luis\KrakeDev\Servidor Web II\apache-tomcat-9.0.112
17-Nov-2025 20:02:58.193 INFO [main] org.apache.catalina.startup.VersionLoggerListener.log Command line argument:             -Dcatalina.home=D:\Documentos\Programacion_Luis\KrakeDev\Servidor Web II\apache-tomcat-9.0.112
17-Nov-2025 20:02:58.193 INFO [main] org.apache.catalina.startup.VersionLoggerListener.log Command line argument:             -Djava.io.tmpdir=D:\Documentos\Programacion_Luis\KrakeDev\Servidor Web II\apache-tomcat-9.0.112\temp
17-Nov-2025 20:02:58.199 INFO [main] org.apache.catalina.core.AprLifecycleListener.lifecycleEvent Cargada la biblioteca nativa APR de Apache Tomcat [1.3.1] con la versión APR [1.7.4].
17-Nov-2025 20:02:58.199 INFO [main] org.apache.catalina.core.AprLifecycleListener.lifecycleEvent Capacidades APR: IPv6 [true], enviar fichero [true], aceptar filtros [false], aleatorio [true], UDS [true].
17-Nov-2025 20:02:58.199 INFO [main] org.apache.catalina.core.AprLifecycleListener.lifecycleEvent APR/OpenSSL configuration: useAprConnector [false], useOpenSSL [true]
17-Nov-2025 20:02:58.207 INFO [main] org.apache.catalina.core.AprLifecycleListener.initializeSSL OpenSSL inicializado correctamente [OpenSSL 3.0.14 4 Jun 2024]
17-Nov-2025 20:02:58.465 INFO [main] org.apache.coyote.AbstractProtocol.init Inicializando el manejador de protocolo ["http-nio-8080"]

17-Nov-2025 20:02:58.484 INFO [main] org.apache.catalina.startup.Catalina.load Server initialization in [455] milliseconds
17-Nov-2025 20:02:58.523 INFO [main] org.apache.catalina.core.StandardService.startInternal Arrancando servicio [Catalina]
17-Nov-2025 20:02:58.524 INFO [main] org.apache.catalina.core.StandardEngine.startInternal Starting Servlet engine: [Apache Tomcat/9.0.112]
17-Nov-2025 20:02:58.533 INFO [main] org.apache.catalina.startup.HostConfig.deployWAR Despliegue del archivo [D:\Documentos\Programacion_Luis\KrakeDev\Servidor Web II\apache-tomcat-9.0.112\webapps\ejemploweb.war] de la aplicación web
17-Nov-2025 20:02:59.147 INFO [main] org.apache.jasper.servlet.TldScanner.scanJars Al menos un JAR, que se ha explorado buscando TLDs, aún no contenía TLDs. Activar historial de depuración para este historiador para una completa lista de los JARs que fueron explorados y de los que nos se halló TLDs. Saltarse JARs no necesarios durante la exploración puede dar lugar a una mejora de tiempo significativa en el arranque y compilación de JSP .
17-Nov-2025 20:02:59.831 INFO [main] org.apache.catalina.startup.HostConfig.deployWAR Deployment of web application archive [D:\Documentos\Programacion_Luis\KrakeDev\Servidor Web II\apache-tomcat-9.0.112\webapps\ejemploweb.war] has finished in [1.294] ms
17-Nov-2025 20:02:59.832 INFO [main] org.apache.catalina.startup.HostConfig.deployDirectory Desplegando el directorio [D:\Documentos\Programacion_Luis\KrakeDev\Servidor Web II\apache-tomcat-9.0.112\webapps\docs] de la aplicación web
17-Nov-2025 20:02:59.859 INFO [main] org.apache.catalina.startup.HostConfig.deployDirectory Deployment of web application directory [D:\Documentos\Programacion_Luis\KrakeDev\Servidor Web II\apache-tomcat-9.0.112\webapps\docs] has finished in [27] ms
17-Nov-2025 20:02:59.860 INFO [main] org.apache.catalina.startup.HostConfig.deployDirectory Desplegando el directorio [D:\Documentos\Programacion_Luis\KrakeDev\Servidor Web II\apache-tomcat-9.0.112\webapps\examples] de la aplicación web
17-Nov-2025 20:03:00.084 INFO [main] org.apache.catalina.startup.HostConfig.deployDirectory Deployment of web application directory [D:\Documentos\Programacion_Luis\KrakeDev\Servidor Web II\apache-tomcat-9.0.112\webapps\examples] has finished in [224] ms
17-Nov-2025 20:03:00.085 INFO [main] org.apache.catalina.startup.HostConfig.deployDirectory Desplegando el directorio [D:\Documentos\Programacion_Luis\KrakeDev\Servidor Web II\apache-tomcat-9.0.112\webapps\host-manager] de la aplicación web
17-Nov-2025 20:03:00.109 INFO [main] org.apache.catalina.startup.HostConfig.deployDirectory Deployment of web application directory [D:\Documentos\Programacion_Luis\KrakeDev\Servidor Web II\apache-tomcat-9.0.112\webapps\host-manager] has finished in [25] ms
17-Nov-2025 20:03:00.109 INFO [main] org.apache.catalina.startup.HostConfig.deployDirectory Desplegando el directorio [D:\Documentos\Programacion_Luis\KrakeDev\Servidor Web II\apache-tomcat-9.0.112\webapps\manager] de la aplicación web
17-Nov-2025 20:03:00.139 INFO [main] org.apache.catalina.startup.HostConfig.deployDirectory Deployment of web application directory [D:\Documentos\Programacion_Luis\KrakeDev\Servidor Web II\apache-tomcat-9.0.112\webapps\manager] has finished in [30] ms
17-Nov-2025 20:03:00.140 INFO [main] org.apache.catalina.startup.HostConfig.deployDirectory Desplegando el directorio [D:\Documentos\Programacion_Luis\KrakeDev\Servidor Web II\apache-tomcat-9.0.112\webapps\ROOT] de la aplicación web
17-Nov-2025 20:03:00.165 INFO [main] org.apache.catalina.startup.HostConfig.deployDirectory Deployment of web application directory [D:\Documentos\Programacion_Luis\KrakeDev\Servidor Web II\apache-tomcat-9.0.112\webapps\ROOT] has finished in [25] ms
17-Nov-2025 20:03:00.172 INFO [main] org.apache.coyote.AbstractProtocol.start Starting ProtocolHandler ["http-nio-8080"]
17-Nov-2025 20:03:00.199 INFO [main] org.apache.catalina.startup.Catalina.start Server startup in [1712] milliseconds
17-Nov-2025 20:16:11.233 INFO [Catalina-utility-1] org.apache.catalina.startup.HostConfig.undeploy Repliegue (undeploy) de la aplicación web que tiene como trayectoria de contexto [/ejemploweb]
17-Nov-2025 20:16:11.280 INFO [Catalina-utility-1] org.apache.catalina.startup.HostConfig.deployWAR Despliegue del archivo [D:\Documentos\Programacion_Luis\KrakeDev\Servidor Web II\apache-tomcat-9.0.112\webapps\ejemploweb.war] de la aplicación web
17-Nov-2025 20:16:13.595 INFO [Catalina-utility-1] org.apache.jasper.servlet.TldScanner.scanJars Al menos un JAR, que se ha explorado buscando TLDs, aún no contenía TLDs. Activar historial de depuración para este historiador para una completa lista de los JARs que fueron explorados y de los que nos se halló TLDs. Saltarse JARs no necesarios durante la exploración puede dar lugar a una mejora de tiempo significativa en el arranque y compilación de JSP .
17-Nov-2025 20:16:14.534 INFO [Catalina-utility-1] org.apache.catalina.startup.HostConfig.deployWAR Deployment of web application archive [D:\Documentos\Programacion_Luis\KrakeDev\Servidor Web II\apache-tomcat-9.0.112\webapps\ejemploweb.war] has finished in [3.254] ms
17-Nov-2025 20:18:25.193 INFO [main] org.apache.catalina.core.StandardServer.await Se ha recibido un comando de apagado a través del puerto de apagado. Parando la instancia del Servidor.
17-Nov-2025 20:18:25.194 INFO [main] org.apache.coyote.AbstractProtocol.pause Pausing ProtocolHandler ["http-nio-8080"]
17-Nov-2025 20:18:25.216 INFO [main] org.apache.catalina.core.StandardService.stopInternal Parando servicio [Catalina]
17-Nov-2025 20:18:25.255 INFO [main] org.apache.coyote.AbstractProtocol.stop Stopping ProtocolHandler ["http-nio-8080"]
17-Nov-2025 20:18:25.264 INFO [main] org.apache.coyote.AbstractProtocol.destroy Destroying ProtocolHandler ["http-nio-8080"]
