20-Nov-2025 10:36:45.429 INFO [main] org.apache.catalina.core.ApplicationContext.log ContextListener: contextInitialized()
20-Nov-2025 10:36:45.429 INFO [main] org.apache.catalina.core.ApplicationContext.log SessionListener: contextInitialized()
20-Nov-2025 10:36:45.431 INFO [main] org.apache.catalina.core.ApplicationContext.log ContextListener: attributeAdded('StockTicker', 'async.Stockticker@12b962b1')
20-Nov-2025 10:42:35.979 INFO [Catalina-utility-2] org.apache.catalina.core.ApplicationContext.log SessionListener: contextDestroyed()
20-Nov-2025 10:42:35.979 INFO [Catalina-utility-2] org.apache.catalina.core.ApplicationContext.log ContextListener: contextDestroyed()
20-Nov-2025 10:42:43.474 INFO [Catalina-utility-2] org.apache.catalina.core.ApplicationContext.log ContextListener: contextInitialized()
20-Nov-2025 10:42:43.475 INFO [Catalina-utility-2] org.apache.catalina.core.ApplicationContext.log SessionListener: contextInitialized()
20-Nov-2025 10:42:43.477 INFO [Catalina-utility-2] org.apache.catalina.core.ApplicationContext.log ContextListener: attributeAdded('StockTicker', 'async.Stockticker@2c75b64c')
20-Nov-2025 10:43:42.225 INFO [main] org.apache.catalina.core.ApplicationContext.log SessionListener: contextDestroyed()
20-Nov-2025 10:43:42.225 INFO [main] org.apache.catalina.core.ApplicationContext.log ContextListener: contextDestroyed()
20-Nov-2025 10:43:50.097 INFO [main] org.apache.catalina.core.ApplicationContext.log ContextListener: contextInitialized()
20-Nov-2025 10:43:50.097 INFO [main] org.apache.catalina.core.ApplicationContext.log SessionListener: contextInitialized()
20-Nov-2025 10:43:50.098 INFO [main] org.apache.catalina.core.ApplicationContext.log ContextListener: attributeAdded('StockTicker', 'async.Stockticker@6c7f3af6')
20-Nov-2025 10:47:28.516 INFO [main] org.apache.catalina.core.ApplicationContext.log ContextListener: contextInitialized()
20-Nov-2025 10:47:28.516 INFO [main] org.apache.catalina.core.ApplicationContext.log SessionListener: contextInitialized()
20-Nov-2025 10:47:28.519 INFO [main] org.apache.catalina.core.ApplicationContext.log ContextListener: attributeAdded('StockTicker', 'async.Stockticker@31048b3d')
20-Nov-2025 10:47:28.626 INFO [main] org.apache.catalina.core.ApplicationContext.log SessionListener: contextDestroyed()
20-Nov-2025 10:47:28.626 INFO [main] org.apache.catalina.core.ApplicationContext.log ContextListener: contextDestroyed()
20-Nov-2025 10:47:32.986 INFO [main] org.apache.catalina.core.ApplicationContext.log SessionListener: contextDestroyed()
20-Nov-2025 10:47:32.986 INFO [main] org.apache.catalina.core.ApplicationContext.log ContextListener: contextDestroyed()
20-Nov-2025 10:47:43.928 INFO [main] org.apache.catalina.core.ApplicationContext.log ContextListener: contextInitialized()
20-Nov-2025 10:47:43.928 INFO [main] org.apache.catalina.core.ApplicationContext.log SessionListener: contextInitialized()
20-Nov-2025 10:47:43.929 INFO [main] org.apache.catalina.core.ApplicationContext.log ContextListener: attributeAdded('StockTicker', 'async.Stockticker@2f1d2384')
20-Nov-2025 10:50:42.325 INFO [main] org.apache.catalina.core.ApplicationContext.log SessionListener: contextDestroyed()
20-Nov-2025 10:50:42.325 INFO [main] org.apache.catalina.core.ApplicationContext.log ContextListener: contextDestroyed()
20-Nov-2025 10:50:50.031 INFO [main] org.apache.catalina.core.ApplicationContext.log ContextListener: contextInitialized()
20-Nov-2025 10:50:50.031 INFO [main] org.apache.catalina.core.ApplicationContext.log SessionListener: contextInitialized()
20-Nov-2025 10:50:50.032 INFO [main] org.apache.catalina.core.ApplicationContext.log ContextListener: attributeAdded('StockTicker', 'async.Stockticker@6c7f3af6')
20-Nov-2025 10:53:16.904 INFO [main] org.apache.catalina.core.ApplicationContext.log SessionListener: contextDestroyed()
20-Nov-2025 10:53:16.904 INFO [main] org.apache.catalina.core.ApplicationContext.log ContextListener: contextDestroyed()
20-Nov-2025 10:53:25.577 INFO [main] org.apache.catalina.core.ApplicationContext.log ContextListener: contextInitialized()
20-Nov-2025 10:53:25.578 INFO [main] org.apache.catalina.core.ApplicationContext.log SessionListener: contextInitialized()
20-Nov-2025 10:53:25.582 INFO [main] org.apache.catalina.core.ApplicationContext.log ContextListener: attributeAdded('StockTicker', 'async.Stockticker@3b0471a5')
20-Nov-2025 10:53:50.279 INFO [main] org.apache.catalina.core.ApplicationContext.log SessionListener: contextDestroyed()
20-Nov-2025 10:53:50.279 INFO [main] org.apache.catalina.core.ApplicationContext.log ContextListener: contextDestroyed()
20-Nov-2025 10:54:02.627 INFO [main] org.apache.catalina.core.ApplicationContext.log ContextListener: contextInitialized()
20-Nov-2025 10:54:02.627 INFO [main] org.apache.catalina.core.ApplicationContext.log SessionListener: contextInitialized()
20-Nov-2025 10:54:02.631 INFO [main] org.apache.catalina.core.ApplicationContext.log ContextListener: attributeAdded('StockTicker', 'async.Stockticker@3b0471a5')
20-Nov-2025 11:39:00.829 INFO [main] org.apache.catalina.core.ApplicationContext.log SessionListener: contextDestroyed()
20-Nov-2025 11:39:00.829 INFO [main] org.apache.catalina.core.ApplicationContext.log ContextListener: contextDestroyed()
20-Nov-2025 11:39:11.307 INFO [main] org.apache.catalina.core.ApplicationContext.log ContextListener: contextInitialized()
20-Nov-2025 11:39:11.307 INFO [main] org.apache.catalina.core.ApplicationContext.log SessionListener: contextInitialized()
20-Nov-2025 11:39:11.309 INFO [main] org.apache.catalina.core.ApplicationContext.log ContextListener: attributeAdded('StockTicker', 'async.Stockticker@3b0471a5')
20-Nov-2025 11:55:01.654 INFO [main] org.apache.catalina.core.ApplicationContext.log ContextListener: contextInitialized()
20-Nov-2025 11:55:01.654 INFO [main] org.apache.catalina.core.ApplicationContext.log SessionListener: contextInitialized()
20-Nov-2025 11:55:01.656 INFO [main] org.apache.catalina.core.ApplicationContext.log ContextListener: attributeAdded('StockTicker', 'async.Stockticker@78f18a87')
20-Nov-2025 11:55:01.946 INFO [main] org.apache.catalina.core.ApplicationContext.log SessionListener: contextDestroyed()
20-Nov-2025 11:55:01.946 INFO [main] org.apache.catalina.core.ApplicationContext.log ContextListener: contextDestroyed()
20-Nov-2025 11:55:16.888 INFO [main] org.apache.catalina.core.ApplicationContext.log ContextListener: contextInitialized()
20-Nov-2025 11:55:16.889 INFO [main] org.apache.catalina.core.ApplicationContext.log SessionListener: contextInitialized()
20-Nov-2025 11:55:16.890 INFO [main] org.apache.catalina.core.ApplicationContext.log ContextListener: attributeAdded('StockTicker', 'async.Stockticker@3b0471a5')
20-Nov-2025 12:06:55.134 INFO [main] org.apache.catalina.core.ApplicationContext.log SessionListener: contextDestroyed()
20-Nov-2025 12:06:55.134 INFO [main] org.apache.catalina.core.ApplicationContext.log ContextListener: contextDestroyed()
20-Nov-2025 12:07:04.709 INFO [main] org.apache.catalina.core.ApplicationContext.log ContextListener: contextInitialized()
20-Nov-2025 12:07:04.709 INFO [main] org.apache.catalina.core.ApplicationContext.log SessionListener: contextInitialized()
20-Nov-2025 12:07:04.711 INFO [main] org.apache.catalina.core.ApplicationContext.log ContextListener: attributeAdded('StockTicker', 'async.Stockticker@4a03c4bc')
20-Nov-2025 12:10:03.059 INFO [main] org.apache.catalina.core.ApplicationContext.log SessionListener: contextDestroyed()
20-Nov-2025 12:10:03.059 INFO [main] org.apache.catalina.core.ApplicationContext.log ContextListener: contextDestroyed()
20-Nov-2025 14:28:33.940 INFO [main] org.apache.catalina.core.ApplicationContext.log ContextListener: contextInitialized()
20-Nov-2025 14:28:33.940 INFO [main] org.apache.catalina.core.ApplicationContext.log SessionListener: contextInitialized()
20-Nov-2025 14:28:33.945 INFO [main] org.apache.catalina.core.ApplicationContext.log ContextListener: attributeAdded('StockTicker', 'async.Stockticker@4a0934a8')
20-Nov-2025 14:34:16.131 INFO [main] org.apache.catalina.core.ApplicationContext.log SessionListener: contextDestroyed()
20-Nov-2025 14:34:16.131 INFO [main] org.apache.catalina.core.ApplicationContext.log ContextListener: contextDestroyed()
20-Nov-2025 14:34:22.974 INFO [main] org.apache.catalina.core.ApplicationContext.log ContextListener: contextInitialized()
20-Nov-2025 14:34:22.974 INFO [main] org.apache.catalina.core.ApplicationContext.log SessionListener: contextInitialized()
20-Nov-2025 14:34:22.976 INFO [main] org.apache.catalina.core.ApplicationContext.log ContextListener: attributeAdded('StockTicker', 'async.Stockticker@469caf69')
20-Nov-2025 14:45:19.022 INFO [main] org.apache.catalina.core.ApplicationContext.log SessionListener: contextDestroyed()
20-Nov-2025 14:45:19.022 INFO [main] org.apache.catalina.core.ApplicationContext.log ContextListener: contextDestroyed()
20-Nov-2025 14:45:35.483 INFO [main] org.apache.catalina.core.ApplicationContext.log ContextListener: contextInitialized()
20-Nov-2025 14:45:35.483 INFO [main] org.apache.catalina.core.ApplicationContext.log SessionListener: contextInitialized()
20-Nov-2025 14:45:35.488 INFO [main] org.apache.catalina.core.ApplicationContext.log ContextListener: attributeAdded('StockTicker', 'async.Stockticker@63b95a30')
20-Nov-2025 14:52:14.346 INFO [main] org.apache.catalina.core.ApplicationContext.log SessionListener: contextDestroyed()
20-Nov-2025 14:52:14.346 INFO [main] org.apache.catalina.core.ApplicationContext.log ContextListener: contextDestroyed()
20-Nov-2025 14:52:21.753 INFO [main] org.apache.catalina.core.ApplicationContext.log ContextListener: contextInitialized()
20-Nov-2025 14:52:21.754 INFO [main] org.apache.catalina.core.ApplicationContext.log SessionListener: contextInitialized()
20-Nov-2025 14:52:21.755 INFO [main] org.apache.catalina.core.ApplicationContext.log ContextListener: attributeAdded('StockTicker', 'async.Stockticker@4d00b076')
20-Nov-2025 15:01:32.322 INFO [main] org.apache.catalina.core.ApplicationContext.log SessionListener: contextDestroyed()
20-Nov-2025 15:01:32.323 INFO [main] org.apache.catalina.core.ApplicationContext.log ContextListener: contextDestroyed()
20-Nov-2025 15:01:45.783 INFO [main] org.apache.catalina.core.ApplicationContext.log ContextListener: contextInitialized()
20-Nov-2025 15:01:45.787 INFO [main] org.apache.catalina.core.ApplicationContext.log SessionListener: contextInitialized()
20-Nov-2025 15:01:45.791 INFO [main] org.apache.catalina.core.ApplicationContext.log ContextListener: attributeAdded('StockTicker', 'async.Stockticker@77198cce')
20-Nov-2025 15:04:23.340 INFO [main] org.apache.catalina.core.ApplicationContext.log SessionListener: contextDestroyed()
20-Nov-2025 15:04:23.341 INFO [main] org.apache.catalina.core.ApplicationContext.log ContextListener: contextDestroyed()
20-Nov-2025 15:04:31.223 INFO [main] org.apache.catalina.core.ApplicationContext.log ContextListener: contextInitialized()
20-Nov-2025 15:04:31.223 INFO [main] org.apache.catalina.core.ApplicationContext.log SessionListener: contextInitialized()
20-Nov-2025 15:04:31.225 INFO [main] org.apache.catalina.core.ApplicationContext.log ContextListener: attributeAdded('StockTicker', 'async.Stockticker@686279e0')
