17-Jan-2026 08:12:27.668 INFO [main] org.apache.catalina.core.ApplicationContext.log ContextListener: contextInitialized()
17-Jan-2026 08:12:27.668 INFO [main] org.apache.catalina.core.ApplicationContext.log SessionListener: contextInitialized()
17-Jan-2026 08:12:27.669 INFO [main] org.apache.catalina.core.ApplicationContext.log ContextListener: attributeAdded('StockTicker', 'async.Stockticker@71c17e17')
17-Jan-2026 08:14:18.673 INFO [main] org.apache.catalina.core.ApplicationContext.log ContextListener: contextInitialized()
17-Jan-2026 08:14:18.673 INFO [main] org.apache.catalina.core.ApplicationContext.log SessionListener: contextInitialized()
17-Jan-2026 08:14:18.674 INFO [main] org.apache.catalina.core.ApplicationContext.log ContextListener: attributeAdded('StockTicker', 'async.Stockticker@71c17e17')
17-Jan-2026 08:17:09.101 INFO [main] org.apache.catalina.core.ApplicationContext.log ContextListener: contextInitialized()
17-Jan-2026 08:17:09.101 INFO [main] org.apache.catalina.core.ApplicationContext.log SessionListener: contextInitialized()
17-Jan-2026 08:17:09.103 INFO [main] org.apache.catalina.core.ApplicationContext.log ContextListener: attributeAdded('StockTicker', 'async.Stockticker@6615cc2e')
17-Jan-2026 08:20:35.088 INFO [main] org.apache.catalina.core.ApplicationContext.log ContextListener: contextInitialized()
17-Jan-2026 08:20:35.088 INFO [main] org.apache.catalina.core.ApplicationContext.log SessionListener: contextInitialized()
17-Jan-2026 08:20:35.089 INFO [main] org.apache.catalina.core.ApplicationContext.log ContextListener: attributeAdded('StockTicker', 'async.Stockticker@54fb7241')
17-Jan-2026 08:21:27.120 INFO [main] org.apache.catalina.core.ApplicationContext.log ContextListener: contextInitialized()
17-Jan-2026 08:21:27.120 INFO [main] org.apache.catalina.core.ApplicationContext.log SessionListener: contextInitialized()
17-Jan-2026 08:21:27.122 INFO [main] org.apache.catalina.core.ApplicationContext.log ContextListener: attributeAdded('StockTicker', 'async.Stockticker@60c9f01')
17-Jan-2026 08:36:02.006 INFO [main] org.apache.catalina.core.ApplicationContext.log ContextListener: contextInitialized()
17-Jan-2026 08:36:02.006 INFO [main] org.apache.catalina.core.ApplicationContext.log SessionListener: contextInitialized()
17-Jan-2026 08:36:02.007 INFO [main] org.apache.catalina.core.ApplicationContext.log ContextListener: attributeAdded('StockTicker', 'async.Stockticker@1c306593')
17-Jan-2026 08:36:06.210 SEVERE [http-nio-8080-exec-3] org.apache.catalina.core.StandardWrapperValve.invoke El Servlet.service() para el servlet [Servlet] en el contexto con ruta [/inventarios-1.0.0] lanzó la excepción [java.lang.NullPointerException: Cannot invoke "com.krakedev.inventarios.entidades.Categoria.getCodigo()" because the return value of "com.krakedev.inventarios.entidades.Categoria.getCategoriaPadre()" is null] con causa raíz
	java.lang.NullPointerException: Cannot invoke "com.krakedev.inventarios.entidades.Categoria.getCodigo()" because the return value of "com.krakedev.inventarios.entidades.Categoria.getCategoriaPadre()" is null
		at com.krakedev.inventarios.bdd.CategoriasBDD.crear(CategoriasBDD.java:21)
		at com.krakedev.inventarios.servicios.ServiciosCategorias.crear(ServiciosCategorias.java:21)
		at java.base/jdk.internal.reflect.DirectMethodHandleAccessor.invoke(DirectMethodHandleAccessor.java:104)
		at java.base/java.lang.reflect.Method.invoke(Method.java:565)
		at org.glassfish.jersey.server.model.internal.ResourceMethodInvocationHandlerFactory.lambda$static$0(ResourceMethodInvocationHandlerFactory.java:52)
		at org.glassfish.jersey.server.model.internal.AbstractJavaResourceMethodDispatcher$1.run(AbstractJavaResourceMethodDispatcher.java:124)
		at org.glassfish.jersey.server.model.internal.AbstractJavaResourceMethodDispatcher.invoke(AbstractJavaResourceMethodDispatcher.java:167)
		at org.glassfish.jersey.server.model.internal.JavaResourceMethodDispatcherProvider$ResponseOutInvoker.doDispatch(JavaResourceMethodDispatcherProvider.java:176)
		at org.glassfish.jersey.server.model.internal.AbstractJavaResourceMethodDispatcher.dispatch(AbstractJavaResourceMethodDispatcher.java:79)
		at org.glassfish.jersey.server.model.ResourceMethodInvoker.invoke(ResourceMethodInvoker.java:469)
		at org.glassfish.jersey.server.model.ResourceMethodInvoker.apply(ResourceMethodInvoker.java:391)
		at org.glassfish.jersey.server.model.ResourceMethodInvoker.apply(ResourceMethodInvoker.java:80)
		at org.glassfish.jersey.server.ServerRuntime$1.run(ServerRuntime.java:253)
		at org.glassfish.jersey.internal.Errors$1.call(Errors.java:248)
		at org.glassfish.jersey.internal.Errors$1.call(Errors.java:244)
		at org.glassfish.jersey.internal.Errors.process(Errors.java:292)
		at org.glassfish.jersey.internal.Errors.process(Errors.java:274)
		at org.glassfish.jersey.internal.Errors.process(Errors.java:244)
		at org.glassfish.jersey.process.internal.RequestScope.runInScope(RequestScope.java:265)
		at org.glassfish.jersey.server.ServerRuntime.process(ServerRuntime.java:232)
		at org.glassfish.jersey.server.ApplicationHandler.handle(ApplicationHandler.java:680)
		at org.glassfish.jersey.servlet.WebComponent.serviceImpl(WebComponent.java:392)
		at org.glassfish.jersey.servlet.WebComponent.service(WebComponent.java:346)
		at org.glassfish.jersey.servlet.ServletContainer.service(ServletContainer.java:365)
		at org.glassfish.jersey.servlet.ServletContainer.service(ServletContainer.java:318)
		at org.glassfish.jersey.servlet.ServletContainer.service(ServletContainer.java:205)
		at org.apache.catalina.core.ApplicationFilterChain.internalDoFilter(ApplicationFilterChain.java:197)
		at org.apache.catalina.core.ApplicationFilterChain.doFilter(ApplicationFilterChain.java:142)
		at org.apache.tomcat.websocket.server.WsFilter.doFilter(WsFilter.java:51)
		at org.apache.catalina.core.ApplicationFilterChain.internalDoFilter(ApplicationFilterChain.java:166)
		at org.apache.catalina.core.ApplicationFilterChain.doFilter(ApplicationFilterChain.java:142)
		at org.apache.catalina.core.StandardWrapperValve.invoke(StandardWrapperValve.java:166)
		at org.apache.catalina.core.StandardContextValve.invoke(StandardContextValve.java:88)
		at org.apache.catalina.authenticator.AuthenticatorBase.invoke(AuthenticatorBase.java:481)
		at org.apache.catalina.core.StandardHostValve.invoke(StandardHostValve.java:127)
		at org.apache.catalina.valves.ErrorReportValve.invoke(ErrorReportValve.java:83)
		at org.apache.catalina.valves.AbstractAccessLogValve.invoke(AbstractAccessLogValve.java:643)
		at org.apache.catalina.core.StandardEngineValve.invoke(StandardEngineValve.java:72)
		at org.apache.catalina.connector.CoyoteAdapter.service(CoyoteAdapter.java:344)
		at org.apache.coyote.http11.Http11Processor.service(Http11Processor.java:398)
		at org.apache.coyote.AbstractProcessorLight.process(AbstractProcessorLight.java:63)
		at org.apache.coyote.AbstractProtocol$ConnectionHandler.process(AbstractProtocol.java:935)
		at org.apache.tomcat.util.net.NioEndpoint$SocketProcessor.doRun(NioEndpoint.java:1831)
		at org.apache.tomcat.util.net.SocketProcessorBase.run(SocketProcessorBase.java:52)
		at org.apache.tomcat.util.threads.ThreadPoolExecutor.runWorker(ThreadPoolExecutor.java:973)
		at org.apache.tomcat.util.threads.ThreadPoolExecutor$Worker.run(ThreadPoolExecutor.java:491)
		at org.apache.tomcat.util.threads.TaskThread$WrappingRunnable.run(TaskThread.java:63)
		at java.base/java.lang.Thread.run(Thread.java:1474)
17-Jan-2026 08:37:07.946 SEVERE [http-nio-8080-exec-2] org.apache.catalina.core.StandardWrapperValve.invoke El Servlet.service() para el servlet [Servlet] en el contexto con ruta [/inventarios-1.0.0] lanzó la excepción [java.lang.NullPointerException: Cannot invoke "com.krakedev.inventarios.entidades.Categoria.getCodigo()" because the return value of "com.krakedev.inventarios.entidades.Categoria.getCategoriaPadre()" is null] con causa raíz
	java.lang.NullPointerException: Cannot invoke "com.krakedev.inventarios.entidades.Categoria.getCodigo()" because the return value of "com.krakedev.inventarios.entidades.Categoria.getCategoriaPadre()" is null
		at com.krakedev.inventarios.bdd.CategoriasBDD.crear(CategoriasBDD.java:21)
		at com.krakedev.inventarios.servicios.ServiciosCategorias.crear(ServiciosCategorias.java:21)
		at java.base/jdk.internal.reflect.DirectMethodHandleAccessor.invoke(DirectMethodHandleAccessor.java:104)
		at java.base/java.lang.reflect.Method.invoke(Method.java:565)
		at org.glassfish.jersey.server.model.internal.ResourceMethodInvocationHandlerFactory.lambda$static$0(ResourceMethodInvocationHandlerFactory.java:52)
		at org.glassfish.jersey.server.model.internal.AbstractJavaResourceMethodDispatcher$1.run(AbstractJavaResourceMethodDispatcher.java:124)
		at org.glassfish.jersey.server.model.internal.AbstractJavaResourceMethodDispatcher.invoke(AbstractJavaResourceMethodDispatcher.java:167)
		at org.glassfish.jersey.server.model.internal.JavaResourceMethodDispatcherProvider$ResponseOutInvoker.doDispatch(JavaResourceMethodDispatcherProvider.java:176)
		at org.glassfish.jersey.server.model.internal.AbstractJavaResourceMethodDispatcher.dispatch(AbstractJavaResourceMethodDispatcher.java:79)
		at org.glassfish.jersey.server.model.ResourceMethodInvoker.invoke(ResourceMethodInvoker.java:469)
		at org.glassfish.jersey.server.model.ResourceMethodInvoker.apply(ResourceMethodInvoker.java:391)
		at org.glassfish.jersey.server.model.ResourceMethodInvoker.apply(ResourceMethodInvoker.java:80)
		at org.glassfish.jersey.server.ServerRuntime$1.run(ServerRuntime.java:253)
		at org.glassfish.jersey.internal.Errors$1.call(Errors.java:248)
		at org.glassfish.jersey.internal.Errors$1.call(Errors.java:244)
		at org.glassfish.jersey.internal.Errors.process(Errors.java:292)
		at org.glassfish.jersey.internal.Errors.process(Errors.java:274)
		at org.glassfish.jersey.internal.Errors.process(Errors.java:244)
		at org.glassfish.jersey.process.internal.RequestScope.runInScope(RequestScope.java:265)
		at org.glassfish.jersey.server.ServerRuntime.process(ServerRuntime.java:232)
		at org.glassfish.jersey.server.ApplicationHandler.handle(ApplicationHandler.java:680)
		at org.glassfish.jersey.servlet.WebComponent.serviceImpl(WebComponent.java:392)
		at org.glassfish.jersey.servlet.WebComponent.service(WebComponent.java:346)
		at org.glassfish.jersey.servlet.ServletContainer.service(ServletContainer.java:365)
		at org.glassfish.jersey.servlet.ServletContainer.service(ServletContainer.java:318)
		at org.glassfish.jersey.servlet.ServletContainer.service(ServletContainer.java:205)
		at org.apache.catalina.core.ApplicationFilterChain.internalDoFilter(ApplicationFilterChain.java:197)
		at org.apache.catalina.core.ApplicationFilterChain.doFilter(ApplicationFilterChain.java:142)
		at org.apache.tomcat.websocket.server.WsFilter.doFilter(WsFilter.java:51)
		at org.apache.catalina.core.ApplicationFilterChain.internalDoFilter(ApplicationFilterChain.java:166)
		at org.apache.catalina.core.ApplicationFilterChain.doFilter(ApplicationFilterChain.java:142)
		at org.apache.catalina.core.StandardWrapperValve.invoke(StandardWrapperValve.java:166)
		at org.apache.catalina.core.StandardContextValve.invoke(StandardContextValve.java:88)
		at org.apache.catalina.authenticator.AuthenticatorBase.invoke(AuthenticatorBase.java:481)
		at org.apache.catalina.core.StandardHostValve.invoke(StandardHostValve.java:127)
		at org.apache.catalina.valves.ErrorReportValve.invoke(ErrorReportValve.java:83)
		at org.apache.catalina.valves.AbstractAccessLogValve.invoke(AbstractAccessLogValve.java:643)
		at org.apache.catalina.core.StandardEngineValve.invoke(StandardEngineValve.java:72)
		at org.apache.catalina.connector.CoyoteAdapter.service(CoyoteAdapter.java:344)
		at org.apache.coyote.http11.Http11Processor.service(Http11Processor.java:398)
		at org.apache.coyote.AbstractProcessorLight.process(AbstractProcessorLight.java:63)
		at org.apache.coyote.AbstractProtocol$ConnectionHandler.process(AbstractProtocol.java:935)
		at org.apache.tomcat.util.net.NioEndpoint$SocketProcessor.doRun(NioEndpoint.java:1831)
		at org.apache.tomcat.util.net.SocketProcessorBase.run(SocketProcessorBase.java:52)
		at org.apache.tomcat.util.threads.ThreadPoolExecutor.runWorker(ThreadPoolExecutor.java:973)
		at org.apache.tomcat.util.threads.ThreadPoolExecutor$Worker.run(ThreadPoolExecutor.java:491)
		at org.apache.tomcat.util.threads.TaskThread$WrappingRunnable.run(TaskThread.java:63)
		at java.base/java.lang.Thread.run(Thread.java:1474)
17-Jan-2026 08:37:09.549 SEVERE [http-nio-8080-exec-6] org.apache.catalina.core.StandardWrapperValve.invoke El Servlet.service() para el servlet [Servlet] en el contexto con ruta [/inventarios-1.0.0] lanzó la excepción [java.lang.NullPointerException: Cannot invoke "com.krakedev.inventarios.entidades.Categoria.getCodigo()" because the return value of "com.krakedev.inventarios.entidades.Categoria.getCategoriaPadre()" is null] con causa raíz
	java.lang.NullPointerException: Cannot invoke "com.krakedev.inventarios.entidades.Categoria.getCodigo()" because the return value of "com.krakedev.inventarios.entidades.Categoria.getCategoriaPadre()" is null
		at com.krakedev.inventarios.bdd.CategoriasBDD.crear(CategoriasBDD.java:21)
		at com.krakedev.inventarios.servicios.ServiciosCategorias.crear(ServiciosCategorias.java:21)
		at java.base/jdk.internal.reflect.DirectMethodHandleAccessor.invoke(DirectMethodHandleAccessor.java:104)
		at java.base/java.lang.reflect.Method.invoke(Method.java:565)
		at org.glassfish.jersey.server.model.internal.ResourceMethodInvocationHandlerFactory.lambda$static$0(ResourceMethodInvocationHandlerFactory.java:52)
		at org.glassfish.jersey.server.model.internal.AbstractJavaResourceMethodDispatcher$1.run(AbstractJavaResourceMethodDispatcher.java:124)
		at org.glassfish.jersey.server.model.internal.AbstractJavaResourceMethodDispatcher.invoke(AbstractJavaResourceMethodDispatcher.java:167)
		at org.glassfish.jersey.server.model.internal.JavaResourceMethodDispatcherProvider$ResponseOutInvoker.doDispatch(JavaResourceMethodDispatcherProvider.java:176)
		at org.glassfish.jersey.server.model.internal.AbstractJavaResourceMethodDispatcher.dispatch(AbstractJavaResourceMethodDispatcher.java:79)
		at org.glassfish.jersey.server.model.ResourceMethodInvoker.invoke(ResourceMethodInvoker.java:469)
		at org.glassfish.jersey.server.model.ResourceMethodInvoker.apply(ResourceMethodInvoker.java:391)
		at org.glassfish.jersey.server.model.ResourceMethodInvoker.apply(ResourceMethodInvoker.java:80)
		at org.glassfish.jersey.server.ServerRuntime$1.run(ServerRuntime.java:253)
		at org.glassfish.jersey.internal.Errors$1.call(Errors.java:248)
		at org.glassfish.jersey.internal.Errors$1.call(Errors.java:244)
		at org.glassfish.jersey.internal.Errors.process(Errors.java:292)
		at org.glassfish.jersey.internal.Errors.process(Errors.java:274)
		at org.glassfish.jersey.internal.Errors.process(Errors.java:244)
		at org.glassfish.jersey.process.internal.RequestScope.runInScope(RequestScope.java:265)
		at org.glassfish.jersey.server.ServerRuntime.process(ServerRuntime.java:232)
		at org.glassfish.jersey.server.ApplicationHandler.handle(ApplicationHandler.java:680)
		at org.glassfish.jersey.servlet.WebComponent.serviceImpl(WebComponent.java:392)
		at org.glassfish.jersey.servlet.WebComponent.service(WebComponent.java:346)
		at org.glassfish.jersey.servlet.ServletContainer.service(ServletContainer.java:365)
		at org.glassfish.jersey.servlet.ServletContainer.service(ServletContainer.java:318)
		at org.glassfish.jersey.servlet.ServletContainer.service(ServletContainer.java:205)
		at org.apache.catalina.core.ApplicationFilterChain.internalDoFilter(ApplicationFilterChain.java:197)
		at org.apache.catalina.core.ApplicationFilterChain.doFilter(ApplicationFilterChain.java:142)
		at org.apache.tomcat.websocket.server.WsFilter.doFilter(WsFilter.java:51)
		at org.apache.catalina.core.ApplicationFilterChain.internalDoFilter(ApplicationFilterChain.java:166)
		at org.apache.catalina.core.ApplicationFilterChain.doFilter(ApplicationFilterChain.java:142)
		at org.apache.catalina.core.StandardWrapperValve.invoke(StandardWrapperValve.java:166)
		at org.apache.catalina.core.StandardContextValve.invoke(StandardContextValve.java:88)
		at org.apache.catalina.authenticator.AuthenticatorBase.invoke(AuthenticatorBase.java:481)
		at org.apache.catalina.core.StandardHostValve.invoke(StandardHostValve.java:127)
		at org.apache.catalina.valves.ErrorReportValve.invoke(ErrorReportValve.java:83)
		at org.apache.catalina.valves.AbstractAccessLogValve.invoke(AbstractAccessLogValve.java:643)
		at org.apache.catalina.core.StandardEngineValve.invoke(StandardEngineValve.java:72)
		at org.apache.catalina.connector.CoyoteAdapter.service(CoyoteAdapter.java:344)
		at org.apache.coyote.http11.Http11Processor.service(Http11Processor.java:398)
		at org.apache.coyote.AbstractProcessorLight.process(AbstractProcessorLight.java:63)
		at org.apache.coyote.AbstractProtocol$ConnectionHandler.process(AbstractProtocol.java:935)
		at org.apache.tomcat.util.net.NioEndpoint$SocketProcessor.doRun(NioEndpoint.java:1831)
		at org.apache.tomcat.util.net.SocketProcessorBase.run(SocketProcessorBase.java:52)
		at org.apache.tomcat.util.threads.ThreadPoolExecutor.runWorker(ThreadPoolExecutor.java:973)
		at org.apache.tomcat.util.threads.ThreadPoolExecutor$Worker.run(ThreadPoolExecutor.java:491)
		at org.apache.tomcat.util.threads.TaskThread$WrappingRunnable.run(TaskThread.java:63)
		at java.base/java.lang.Thread.run(Thread.java:1474)
17-Jan-2026 08:43:16.497 INFO [main] org.apache.catalina.core.ApplicationContext.log ContextListener: contextInitialized()
17-Jan-2026 08:43:16.498 INFO [main] org.apache.catalina.core.ApplicationContext.log SessionListener: contextInitialized()
17-Jan-2026 08:43:16.500 INFO [main] org.apache.catalina.core.ApplicationContext.log ContextListener: attributeAdded('StockTicker', 'async.Stockticker@1c306593')
17-Jan-2026 08:53:25.848 INFO [main] org.apache.catalina.core.ApplicationContext.log ContextListener: contextInitialized()
17-Jan-2026 08:53:25.848 INFO [main] org.apache.catalina.core.ApplicationContext.log SessionListener: contextInitialized()
17-Jan-2026 08:53:25.850 INFO [main] org.apache.catalina.core.ApplicationContext.log ContextListener: attributeAdded('StockTicker', 'async.Stockticker@67b0c9e9')
17-Jan-2026 10:43:26.252 INFO [main] org.apache.catalina.core.ApplicationContext.log ContextListener: contextInitialized()
17-Jan-2026 10:43:26.252 INFO [main] org.apache.catalina.core.ApplicationContext.log SessionListener: contextInitialized()
17-Jan-2026 10:43:26.254 INFO [main] org.apache.catalina.core.ApplicationContext.log ContextListener: attributeAdded('StockTicker', 'async.Stockticker@10353beb')
17-Jan-2026 10:47:34.722 INFO [main] org.apache.catalina.core.ApplicationContext.log ContextListener: contextInitialized()
17-Jan-2026 10:47:34.722 INFO [main] org.apache.catalina.core.ApplicationContext.log SessionListener: contextInitialized()
17-Jan-2026 10:47:34.723 INFO [main] org.apache.catalina.core.ApplicationContext.log ContextListener: attributeAdded('StockTicker', 'async.Stockticker@67b0c9e9')
17-Jan-2026 10:54:27.912 INFO [main] org.apache.catalina.core.ApplicationContext.log ContextListener: contextInitialized()
17-Jan-2026 10:54:27.912 INFO [main] org.apache.catalina.core.ApplicationContext.log SessionListener: contextInitialized()
17-Jan-2026 10:54:27.917 INFO [main] org.apache.catalina.core.ApplicationContext.log ContextListener: attributeAdded('StockTicker', 'async.Stockticker@10353beb')
17-Jan-2026 10:55:00.913 SEVERE [http-nio-8080-exec-1] org.apache.catalina.core.ApplicationContext.log Servlet.init() para servlet [Servlet] lanzó excepción
	org.glassfish.jersey.server.model.ModelValidationException: Validation of the application resource model has failed during application initialization.
[[FATAL] A resource model has ambiguous (sub-)resource method for HTTP method GET and input mime-types as defined by"@Consumes" and "@Produces" annotations at Java methods public javax.ws.rs.core.Response com.krakedev.inventarios.servicios.ServiciosProveedores.buscarId(java.lang.String) and public javax.ws.rs.core.Response com.krakedev.inventarios.servicios.ServiciosProveedores.buscar(java.lang.String) at matching regular expression /buscar/([^/]+). These two methods produces and consumes exactly the same mime-types and therefore their invocation as a resource methods will always fail.; source='org.glassfish.jersey.server.model.RuntimeResource@44c21758']
		at org.glassfish.jersey.server.ApplicationHandler.initialize(ApplicationHandler.java:371)
		at org.glassfish.jersey.server.ApplicationHandler.lambda$initialize$1(ApplicationHandler.java:293)
		at org.glassfish.jersey.internal.Errors.process(Errors.java:292)
		at org.glassfish.jersey.internal.Errors.process(Errors.java:274)
		at org.glassfish.jersey.internal.Errors.processWithException(Errors.java:232)
		at org.glassfish.jersey.server.ApplicationHandler.initialize(ApplicationHandler.java:292)
		at org.glassfish.jersey.server.ApplicationHandler.<init>(ApplicationHandler.java:259)
		at org.glassfish.jersey.servlet.WebComponent.<init>(WebComponent.java:311)
		at org.glassfish.jersey.servlet.ServletContainer.init(ServletContainer.java:154)
		at org.glassfish.jersey.servlet.ServletContainer.init(ServletContainer.java:346)
		at javax.servlet.GenericServlet.init(GenericServlet.java:143)
		at org.apache.catalina.core.StandardWrapper.initServlet(StandardWrapper.java:986)
		at org.apache.catalina.core.StandardWrapper.loadServlet(StandardWrapper.java:943)
		at org.apache.catalina.core.StandardWrapper.allocate(StandardWrapper.java:661)
		at org.apache.catalina.core.StandardWrapperValve.invoke(StandardWrapperValve.java:114)
		at org.apache.catalina.core.StandardContextValve.invoke(StandardContextValve.java:88)
		at org.apache.catalina.authenticator.AuthenticatorBase.invoke(AuthenticatorBase.java:481)
		at org.apache.catalina.core.StandardHostValve.invoke(StandardHostValve.java:127)
		at org.apache.catalina.valves.ErrorReportValve.invoke(ErrorReportValve.java:83)
		at org.apache.catalina.valves.AbstractAccessLogValve.invoke(AbstractAccessLogValve.java:643)
		at org.apache.catalina.core.StandardEngineValve.invoke(StandardEngineValve.java:72)
		at org.apache.catalina.connector.CoyoteAdapter.service(CoyoteAdapter.java:344)
		at org.apache.coyote.http11.Http11Processor.service(Http11Processor.java:398)
		at org.apache.coyote.AbstractProcessorLight.process(AbstractProcessorLight.java:63)
		at org.apache.coyote.AbstractProtocol$ConnectionHandler.process(AbstractProtocol.java:935)
		at org.apache.tomcat.util.net.NioEndpoint$SocketProcessor.doRun(NioEndpoint.java:1831)
		at org.apache.tomcat.util.net.SocketProcessorBase.run(SocketProcessorBase.java:52)
		at org.apache.tomcat.util.threads.ThreadPoolExecutor.runWorker(ThreadPoolExecutor.java:973)
		at org.apache.tomcat.util.threads.ThreadPoolExecutor$Worker.run(ThreadPoolExecutor.java:491)
		at org.apache.tomcat.util.threads.TaskThread$WrappingRunnable.run(TaskThread.java:63)
		at java.base/java.lang.Thread.run(Thread.java:1474)
17-Jan-2026 10:55:00.913 SEVERE [http-nio-8080-exec-1] org.apache.catalina.core.StandardWrapperValve.invoke Excepción de reserva de espacio para servlet [Servlet]
	org.glassfish.jersey.server.model.ModelValidationException: Validation of the application resource model has failed during application initialization.
[[FATAL] A resource model has ambiguous (sub-)resource method for HTTP method GET and input mime-types as defined by"@Consumes" and "@Produces" annotations at Java methods public javax.ws.rs.core.Response com.krakedev.inventarios.servicios.ServiciosProveedores.buscarId(java.lang.String) and public javax.ws.rs.core.Response com.krakedev.inventarios.servicios.ServiciosProveedores.buscar(java.lang.String) at matching regular expression /buscar/([^/]+). These two methods produces and consumes exactly the same mime-types and therefore their invocation as a resource methods will always fail.; source='org.glassfish.jersey.server.model.RuntimeResource@44c21758']
		at org.glassfish.jersey.server.ApplicationHandler.initialize(ApplicationHandler.java:371)
		at org.glassfish.jersey.server.ApplicationHandler.lambda$initialize$1(ApplicationHandler.java:293)
		at org.glassfish.jersey.internal.Errors.process(Errors.java:292)
		at org.glassfish.jersey.internal.Errors.process(Errors.java:274)
		at org.glassfish.jersey.internal.Errors.processWithException(Errors.java:232)
		at org.glassfish.jersey.server.ApplicationHandler.initialize(ApplicationHandler.java:292)
		at org.glassfish.jersey.server.ApplicationHandler.<init>(ApplicationHandler.java:259)
		at org.glassfish.jersey.servlet.WebComponent.<init>(WebComponent.java:311)
		at org.glassfish.jersey.servlet.ServletContainer.init(ServletContainer.java:154)
		at org.glassfish.jersey.servlet.ServletContainer.init(ServletContainer.java:346)
		at javax.servlet.GenericServlet.init(GenericServlet.java:143)
		at org.apache.catalina.core.StandardWrapper.initServlet(StandardWrapper.java:986)
		at org.apache.catalina.core.StandardWrapper.loadServlet(StandardWrapper.java:943)
		at org.apache.catalina.core.StandardWrapper.allocate(StandardWrapper.java:661)
		at org.apache.catalina.core.StandardWrapperValve.invoke(StandardWrapperValve.java:114)
		at org.apache.catalina.core.StandardContextValve.invoke(StandardContextValve.java:88)
		at org.apache.catalina.authenticator.AuthenticatorBase.invoke(AuthenticatorBase.java:481)
		at org.apache.catalina.core.StandardHostValve.invoke(StandardHostValve.java:127)
		at org.apache.catalina.valves.ErrorReportValve.invoke(ErrorReportValve.java:83)
		at org.apache.catalina.valves.AbstractAccessLogValve.invoke(AbstractAccessLogValve.java:643)
		at org.apache.catalina.core.StandardEngineValve.invoke(StandardEngineValve.java:72)
		at org.apache.catalina.connector.CoyoteAdapter.service(CoyoteAdapter.java:344)
		at org.apache.coyote.http11.Http11Processor.service(Http11Processor.java:398)
		at org.apache.coyote.AbstractProcessorLight.process(AbstractProcessorLight.java:63)
		at org.apache.coyote.AbstractProtocol$ConnectionHandler.process(AbstractProtocol.java:935)
		at org.apache.tomcat.util.net.NioEndpoint$SocketProcessor.doRun(NioEndpoint.java:1831)
		at org.apache.tomcat.util.net.SocketProcessorBase.run(SocketProcessorBase.java:52)
		at org.apache.tomcat.util.threads.ThreadPoolExecutor.runWorker(ThreadPoolExecutor.java:973)
		at org.apache.tomcat.util.threads.ThreadPoolExecutor$Worker.run(ThreadPoolExecutor.java:491)
		at org.apache.tomcat.util.threads.TaskThread$WrappingRunnable.run(TaskThread.java:63)
		at java.base/java.lang.Thread.run(Thread.java:1474)
17-Jan-2026 10:55:57.890 SEVERE [http-nio-8080-exec-8] org.apache.catalina.core.ApplicationContext.log Servlet.init() para servlet [Servlet] lanzó excepción
	org.glassfish.jersey.server.model.ModelValidationException: Validation of the application resource model has failed during application initialization.
[[FATAL] A resource model has ambiguous (sub-)resource method for HTTP method GET and input mime-types as defined by"@Consumes" and "@Produces" annotations at Java methods public javax.ws.rs.core.Response com.krakedev.inventarios.servicios.ServiciosProveedores.buscarId(java.lang.String) and public javax.ws.rs.core.Response com.krakedev.inventarios.servicios.ServiciosProveedores.buscar(java.lang.String) at matching regular expression /buscar/([^/]+). These two methods produces and consumes exactly the same mime-types and therefore their invocation as a resource methods will always fail.; source='org.glassfish.jersey.server.model.RuntimeResource@24417388']
		at org.glassfish.jersey.server.ApplicationHandler.initialize(ApplicationHandler.java:371)
		at org.glassfish.jersey.server.ApplicationHandler.lambda$initialize$1(ApplicationHandler.java:293)
		at org.glassfish.jersey.internal.Errors.process(Errors.java:292)
		at org.glassfish.jersey.internal.Errors.process(Errors.java:274)
		at org.glassfish.jersey.internal.Errors.processWithException(Errors.java:232)
		at org.glassfish.jersey.server.ApplicationHandler.initialize(ApplicationHandler.java:292)
		at org.glassfish.jersey.server.ApplicationHandler.<init>(ApplicationHandler.java:259)
		at org.glassfish.jersey.servlet.WebComponent.<init>(WebComponent.java:311)
		at org.glassfish.jersey.servlet.ServletContainer.init(ServletContainer.java:154)
		at org.glassfish.jersey.servlet.ServletContainer.init(ServletContainer.java:346)
		at javax.servlet.GenericServlet.init(GenericServlet.java:143)
		at org.apache.catalina.core.StandardWrapper.initServlet(StandardWrapper.java:986)
		at org.apache.catalina.core.StandardWrapper.loadServlet(StandardWrapper.java:943)
		at org.apache.catalina.core.StandardWrapper.allocate(StandardWrapper.java:661)
		at org.apache.catalina.core.StandardWrapperValve.invoke(StandardWrapperValve.java:114)
		at org.apache.catalina.core.StandardContextValve.invoke(StandardContextValve.java:88)
		at org.apache.catalina.authenticator.AuthenticatorBase.invoke(AuthenticatorBase.java:481)
		at org.apache.catalina.core.StandardHostValve.invoke(StandardHostValve.java:127)
		at org.apache.catalina.valves.ErrorReportValve.invoke(ErrorReportValve.java:83)
		at org.apache.catalina.valves.AbstractAccessLogValve.invoke(AbstractAccessLogValve.java:643)
		at org.apache.catalina.core.StandardEngineValve.invoke(StandardEngineValve.java:72)
		at org.apache.catalina.connector.CoyoteAdapter.service(CoyoteAdapter.java:344)
		at org.apache.coyote.http11.Http11Processor.service(Http11Processor.java:398)
		at org.apache.coyote.AbstractProcessorLight.process(AbstractProcessorLight.java:63)
		at org.apache.coyote.AbstractProtocol$ConnectionHandler.process(AbstractProtocol.java:935)
		at org.apache.tomcat.util.net.NioEndpoint$SocketProcessor.doRun(NioEndpoint.java:1831)
		at org.apache.tomcat.util.net.SocketProcessorBase.run(SocketProcessorBase.java:52)
		at org.apache.tomcat.util.threads.ThreadPoolExecutor.runWorker(ThreadPoolExecutor.java:973)
		at org.apache.tomcat.util.threads.ThreadPoolExecutor$Worker.run(ThreadPoolExecutor.java:491)
		at org.apache.tomcat.util.threads.TaskThread$WrappingRunnable.run(TaskThread.java:63)
		at java.base/java.lang.Thread.run(Thread.java:1474)
17-Jan-2026 10:55:57.892 SEVERE [http-nio-8080-exec-8] org.apache.catalina.core.StandardWrapperValve.invoke Excepción de reserva de espacio para servlet [Servlet]
	org.glassfish.jersey.server.model.ModelValidationException: Validation of the application resource model has failed during application initialization.
[[FATAL] A resource model has ambiguous (sub-)resource method for HTTP method GET and input mime-types as defined by"@Consumes" and "@Produces" annotations at Java methods public javax.ws.rs.core.Response com.krakedev.inventarios.servicios.ServiciosProveedores.buscarId(java.lang.String) and public javax.ws.rs.core.Response com.krakedev.inventarios.servicios.ServiciosProveedores.buscar(java.lang.String) at matching regular expression /buscar/([^/]+). These two methods produces and consumes exactly the same mime-types and therefore their invocation as a resource methods will always fail.; source='org.glassfish.jersey.server.model.RuntimeResource@24417388']
		at org.glassfish.jersey.server.ApplicationHandler.initialize(ApplicationHandler.java:371)
		at org.glassfish.jersey.server.ApplicationHandler.lambda$initialize$1(ApplicationHandler.java:293)
		at org.glassfish.jersey.internal.Errors.process(Errors.java:292)
		at org.glassfish.jersey.internal.Errors.process(Errors.java:274)
		at org.glassfish.jersey.internal.Errors.processWithException(Errors.java:232)
		at org.glassfish.jersey.server.ApplicationHandler.initialize(ApplicationHandler.java:292)
		at org.glassfish.jersey.server.ApplicationHandler.<init>(ApplicationHandler.java:259)
		at org.glassfish.jersey.servlet.WebComponent.<init>(WebComponent.java:311)
		at org.glassfish.jersey.servlet.ServletContainer.init(ServletContainer.java:154)
		at org.glassfish.jersey.servlet.ServletContainer.init(ServletContainer.java:346)
		at javax.servlet.GenericServlet.init(GenericServlet.java:143)
		at org.apache.catalina.core.StandardWrapper.initServlet(StandardWrapper.java:986)
		at org.apache.catalina.core.StandardWrapper.loadServlet(StandardWrapper.java:943)
		at org.apache.catalina.core.StandardWrapper.allocate(StandardWrapper.java:661)
		at org.apache.catalina.core.StandardWrapperValve.invoke(StandardWrapperValve.java:114)
		at org.apache.catalina.core.StandardContextValve.invoke(StandardContextValve.java:88)
		at org.apache.catalina.authenticator.AuthenticatorBase.invoke(AuthenticatorBase.java:481)
		at org.apache.catalina.core.StandardHostValve.invoke(StandardHostValve.java:127)
		at org.apache.catalina.valves.ErrorReportValve.invoke(ErrorReportValve.java:83)
		at org.apache.catalina.valves.AbstractAccessLogValve.invoke(AbstractAccessLogValve.java:643)
		at org.apache.catalina.core.StandardEngineValve.invoke(StandardEngineValve.java:72)
		at org.apache.catalina.connector.CoyoteAdapter.service(CoyoteAdapter.java:344)
		at org.apache.coyote.http11.Http11Processor.service(Http11Processor.java:398)
		at org.apache.coyote.AbstractProcessorLight.process(AbstractProcessorLight.java:63)
		at org.apache.coyote.AbstractProtocol$ConnectionHandler.process(AbstractProtocol.java:935)
		at org.apache.tomcat.util.net.NioEndpoint$SocketProcessor.doRun(NioEndpoint.java:1831)
		at org.apache.tomcat.util.net.SocketProcessorBase.run(SocketProcessorBase.java:52)
		at org.apache.tomcat.util.threads.ThreadPoolExecutor.runWorker(ThreadPoolExecutor.java:973)
		at org.apache.tomcat.util.threads.ThreadPoolExecutor$Worker.run(ThreadPoolExecutor.java:491)
		at org.apache.tomcat.util.threads.TaskThread$WrappingRunnable.run(TaskThread.java:63)
		at java.base/java.lang.Thread.run(Thread.java:1474)
17-Jan-2026 10:56:18.159 SEVERE [http-nio-8080-exec-6] org.apache.catalina.core.ApplicationContext.log Servlet.init() para servlet [Servlet] lanzó excepción
	org.glassfish.jersey.server.model.ModelValidationException: Validation of the application resource model has failed during application initialization.
[[FATAL] A resource model has ambiguous (sub-)resource method for HTTP method GET and input mime-types as defined by"@Consumes" and "@Produces" annotations at Java methods public javax.ws.rs.core.Response com.krakedev.inventarios.servicios.ServiciosProveedores.buscarId(java.lang.String) and public javax.ws.rs.core.Response com.krakedev.inventarios.servicios.ServiciosProveedores.buscar(java.lang.String) at matching regular expression /buscar/([^/]+). These two methods produces and consumes exactly the same mime-types and therefore their invocation as a resource methods will always fail.; source='org.glassfish.jersey.server.model.RuntimeResource@34faa607']
		at org.glassfish.jersey.server.ApplicationHandler.initialize(ApplicationHandler.java:371)
		at org.glassfish.jersey.server.ApplicationHandler.lambda$initialize$1(ApplicationHandler.java:293)
		at org.glassfish.jersey.internal.Errors.process(Errors.java:292)
		at org.glassfish.jersey.internal.Errors.process(Errors.java:274)
		at org.glassfish.jersey.internal.Errors.processWithException(Errors.java:232)
		at org.glassfish.jersey.server.ApplicationHandler.initialize(ApplicationHandler.java:292)
		at org.glassfish.jersey.server.ApplicationHandler.<init>(ApplicationHandler.java:259)
		at org.glassfish.jersey.servlet.WebComponent.<init>(WebComponent.java:311)
		at org.glassfish.jersey.servlet.ServletContainer.init(ServletContainer.java:154)
		at org.glassfish.jersey.servlet.ServletContainer.init(ServletContainer.java:346)
		at javax.servlet.GenericServlet.init(GenericServlet.java:143)
		at org.apache.catalina.core.StandardWrapper.initServlet(StandardWrapper.java:986)
		at org.apache.catalina.core.StandardWrapper.loadServlet(StandardWrapper.java:943)
		at org.apache.catalina.core.StandardWrapper.allocate(StandardWrapper.java:661)
		at org.apache.catalina.core.StandardWrapperValve.invoke(StandardWrapperValve.java:114)
		at org.apache.catalina.core.StandardContextValve.invoke(StandardContextValve.java:88)
		at org.apache.catalina.authenticator.AuthenticatorBase.invoke(AuthenticatorBase.java:481)
		at org.apache.catalina.core.StandardHostValve.invoke(StandardHostValve.java:127)
		at org.apache.catalina.valves.ErrorReportValve.invoke(ErrorReportValve.java:83)
		at org.apache.catalina.valves.AbstractAccessLogValve.invoke(AbstractAccessLogValve.java:643)
		at org.apache.catalina.core.StandardEngineValve.invoke(StandardEngineValve.java:72)
		at org.apache.catalina.connector.CoyoteAdapter.service(CoyoteAdapter.java:344)
		at org.apache.coyote.http11.Http11Processor.service(Http11Processor.java:398)
		at org.apache.coyote.AbstractProcessorLight.process(AbstractProcessorLight.java:63)
		at org.apache.coyote.AbstractProtocol$ConnectionHandler.process(AbstractProtocol.java:935)
		at org.apache.tomcat.util.net.NioEndpoint$SocketProcessor.doRun(NioEndpoint.java:1831)
		at org.apache.tomcat.util.net.SocketProcessorBase.run(SocketProcessorBase.java:52)
		at org.apache.tomcat.util.threads.ThreadPoolExecutor.runWorker(ThreadPoolExecutor.java:973)
		at org.apache.tomcat.util.threads.ThreadPoolExecutor$Worker.run(ThreadPoolExecutor.java:491)
		at org.apache.tomcat.util.threads.TaskThread$WrappingRunnable.run(TaskThread.java:63)
		at java.base/java.lang.Thread.run(Thread.java:1474)
17-Jan-2026 10:56:18.160 SEVERE [http-nio-8080-exec-6] org.apache.catalina.core.StandardWrapperValve.invoke Excepción de reserva de espacio para servlet [Servlet]
	org.glassfish.jersey.server.model.ModelValidationException: Validation of the application resource model has failed during application initialization.
[[FATAL] A resource model has ambiguous (sub-)resource method for HTTP method GET and input mime-types as defined by"@Consumes" and "@Produces" annotations at Java methods public javax.ws.rs.core.Response com.krakedev.inventarios.servicios.ServiciosProveedores.buscarId(java.lang.String) and public javax.ws.rs.core.Response com.krakedev.inventarios.servicios.ServiciosProveedores.buscar(java.lang.String) at matching regular expression /buscar/([^/]+). These two methods produces and consumes exactly the same mime-types and therefore their invocation as a resource methods will always fail.; source='org.glassfish.jersey.server.model.RuntimeResource@34faa607']
		at org.glassfish.jersey.server.ApplicationHandler.initialize(ApplicationHandler.java:371)
		at org.glassfish.jersey.server.ApplicationHandler.lambda$initialize$1(ApplicationHandler.java:293)
		at org.glassfish.jersey.internal.Errors.process(Errors.java:292)
		at org.glassfish.jersey.internal.Errors.process(Errors.java:274)
		at org.glassfish.jersey.internal.Errors.processWithException(Errors.java:232)
		at org.glassfish.jersey.server.ApplicationHandler.initialize(ApplicationHandler.java:292)
		at org.glassfish.jersey.server.ApplicationHandler.<init>(ApplicationHandler.java:259)
		at org.glassfish.jersey.servlet.WebComponent.<init>(WebComponent.java:311)
		at org.glassfish.jersey.servlet.ServletContainer.init(ServletContainer.java:154)
		at org.glassfish.jersey.servlet.ServletContainer.init(ServletContainer.java:346)
		at javax.servlet.GenericServlet.init(GenericServlet.java:143)
		at org.apache.catalina.core.StandardWrapper.initServlet(StandardWrapper.java:986)
		at org.apache.catalina.core.StandardWrapper.loadServlet(StandardWrapper.java:943)
		at org.apache.catalina.core.StandardWrapper.allocate(StandardWrapper.java:661)
		at org.apache.catalina.core.StandardWrapperValve.invoke(StandardWrapperValve.java:114)
		at org.apache.catalina.core.StandardContextValve.invoke(StandardContextValve.java:88)
		at org.apache.catalina.authenticator.AuthenticatorBase.invoke(AuthenticatorBase.java:481)
		at org.apache.catalina.core.StandardHostValve.invoke(StandardHostValve.java:127)
		at org.apache.catalina.valves.ErrorReportValve.invoke(ErrorReportValve.java:83)
		at org.apache.catalina.valves.AbstractAccessLogValve.invoke(AbstractAccessLogValve.java:643)
		at org.apache.catalina.core.StandardEngineValve.invoke(StandardEngineValve.java:72)
		at org.apache.catalina.connector.CoyoteAdapter.service(CoyoteAdapter.java:344)
		at org.apache.coyote.http11.Http11Processor.service(Http11Processor.java:398)
		at org.apache.coyote.AbstractProcessorLight.process(AbstractProcessorLight.java:63)
		at org.apache.coyote.AbstractProtocol$ConnectionHandler.process(AbstractProtocol.java:935)
		at org.apache.tomcat.util.net.NioEndpoint$SocketProcessor.doRun(NioEndpoint.java:1831)
		at org.apache.tomcat.util.net.SocketProcessorBase.run(SocketProcessorBase.java:52)
		at org.apache.tomcat.util.threads.ThreadPoolExecutor.runWorker(ThreadPoolExecutor.java:973)
		at org.apache.tomcat.util.threads.ThreadPoolExecutor$Worker.run(ThreadPoolExecutor.java:491)
		at org.apache.tomcat.util.threads.TaskThread$WrappingRunnable.run(TaskThread.java:63)
		at java.base/java.lang.Thread.run(Thread.java:1474)
17-Jan-2026 10:57:22.087 INFO [main] org.apache.catalina.core.ApplicationContext.log ContextListener: contextInitialized()
17-Jan-2026 10:57:22.088 INFO [main] org.apache.catalina.core.ApplicationContext.log SessionListener: contextInitialized()
17-Jan-2026 10:57:22.092 INFO [main] org.apache.catalina.core.ApplicationContext.log ContextListener: attributeAdded('StockTicker', 'async.Stockticker@67b0c9e9')
17-Jan-2026 11:12:23.117 INFO [main] org.apache.catalina.core.ApplicationContext.log ContextListener: contextInitialized()
17-Jan-2026 11:12:23.117 INFO [main] org.apache.catalina.core.ApplicationContext.log SessionListener: contextInitialized()
17-Jan-2026 11:12:23.119 INFO [main] org.apache.catalina.core.ApplicationContext.log ContextListener: attributeAdded('StockTicker', 'async.Stockticker@67b0c9e9')
